2023-02-13 23:15:06 LogWrapper init() ./logs/EUR_GBP.log
2023-02-13 23:15:06 {'n_ma': 12, 'n_std': 2.5, 'maxspread': 0.0004, 'mingain': 0.0014, 'riskreward': 1.5}
2023-02-13 23:15:06 CandleManager() init last_candle:last_candle:23-02-14 04:14 is_ready:False
2023-02-13 23:16:07 CandleManager() new candle:last_candle:23-02-14 04:15 is_ready:True
2023-02-13 23:16:07 tech_manager: max_rows:32 candle_time:2023-02-14 04:15:00+00:00 granularityM1
2023-02-13 23:16:07 process_candles:
       PAIR                      time    mid_c    mid_o   SL   TP   SPREAD      GAIN     LOSS  SIGNAL
26  EUR_GBP 2023-02-14 04:11:00+00:00  0.88394  0.88394  0.0  0.0  0.00019  0.000105  0.88394       0
27  EUR_GBP 2023-02-14 04:12:00+00:00  0.88388  0.88394  0.0  0.0  0.00017  0.000038  0.88388       0
28  EUR_GBP 2023-02-14 04:13:00+00:00  0.88388  0.88388  0.0  0.0  0.00018  0.000031  0.88388       0
29  EUR_GBP 2023-02-14 04:14:00+00:00  0.88392  0.88387  0.0  0.0  0.00017  0.000058  0.88392       0
30  EUR_GBP 2023-02-14 04:15:00+00:00  0.88388  0.88390  0.0  0.0  0.00019  0.000005  0.88388       0
2023-02-13 23:17:08 CandleManager() new candle:last_candle:23-02-14 04:16 is_ready:True
2023-02-13 23:17:08 tech_manager: max_rows:32 candle_time:2023-02-14 04:16:00+00:00 granularityM1
2023-02-13 23:17:08 process_candles:
       PAIR                      time    mid_c    mid_o   SL   TP   SPREAD      GAIN     LOSS  SIGNAL
26  EUR_GBP 2023-02-14 04:12:00+00:00  0.88388  0.88394  0.0  0.0  0.00017  0.000038  0.88388       0
27  EUR_GBP 2023-02-14 04:13:00+00:00  0.88388  0.88388  0.0  0.0  0.00018  0.000031  0.88388       0
28  EUR_GBP 2023-02-14 04:14:00+00:00  0.88392  0.88387  0.0  0.0  0.00017  0.000058  0.88392       0
29  EUR_GBP 2023-02-14 04:15:00+00:00  0.88388  0.88390  0.0  0.0  0.00019  0.000005  0.88388       0
30  EUR_GBP 2023-02-14 04:16:00+00:00  0.88388  0.88387  0.0  0.0  0.00020  0.000002  0.88388       0
2023-02-13 23:18:09 CandleManager() new candle:last_candle:23-02-14 04:17 is_ready:True
2023-02-13 23:18:10 tech_manager: max_rows:32 candle_time:2023-02-14 04:17:00+00:00 granularityM1
2023-02-13 23:18:10 process_candles:
       PAIR                      time    mid_c    mid_o   SL   TP   SPREAD      GAIN     LOSS  SIGNAL
26  EUR_GBP 2023-02-14 04:13:00+00:00  0.88388  0.88388  0.0  0.0  0.00018  0.000031  0.88388       0
27  EUR_GBP 2023-02-14 04:14:00+00:00  0.88392  0.88387  0.0  0.0  0.00017  0.000058  0.88392       0
28  EUR_GBP 2023-02-14 04:15:00+00:00  0.88388  0.88390  0.0  0.0  0.00019  0.000005  0.88388       0
29  EUR_GBP 2023-02-14 04:16:00+00:00  0.88388  0.88387  0.0  0.0  0.00020  0.000002  0.88388       0
30  EUR_GBP 2023-02-14 04:17:00+00:00  0.88391  0.88388  0.0  0.0  0.00016  0.000026  0.88391       0
2023-02-13 23:19:11 CandleManager() new candle:last_candle:23-02-14 04:18 is_ready:True
2023-02-13 23:19:11 tech_manager: max_rows:32 candle_time:2023-02-14 04:18:00+00:00 granularityM1
2023-02-13 23:19:11 process_candles:
       PAIR                      time    mid_c    mid_o   SL   TP   SPREAD      GAIN     LOSS  SIGNAL
26  EUR_GBP 2023-02-14 04:14:00+00:00  0.88392  0.88387  0.0  0.0  0.00017  0.000058  0.88392       0
27  EUR_GBP 2023-02-14 04:15:00+00:00  0.88388  0.88390  0.0  0.0  0.00019  0.000005  0.88388       0
28  EUR_GBP 2023-02-14 04:16:00+00:00  0.88388  0.88387  0.0  0.0  0.00020  0.000002  0.88388       0
29  EUR_GBP 2023-02-14 04:17:00+00:00  0.88391  0.88388  0.0  0.0  0.00016  0.000026  0.88391       0
30  EUR_GBP 2023-02-14 04:18:00+00:00  0.88388  0.88390  0.0  0.0  0.00018  0.000008  0.88388       0
2023-02-13 23:20:12 CandleManager() new candle:last_candle:23-02-14 04:19 is_ready:True
2023-02-13 23:20:12 tech_manager: max_rows:32 candle_time:2023-02-14 04:19:00+00:00 granularityM1
2023-02-13 23:20:12 process_candles:
       PAIR                      time    mid_c    mid_o   SL   TP   SPREAD      GAIN     LOSS  SIGNAL
26  EUR_GBP 2023-02-14 04:15:00+00:00  0.88388  0.88390  0.0  0.0  0.00019  0.000005  0.88388       0
27  EUR_GBP 2023-02-14 04:16:00+00:00  0.88388  0.88387  0.0  0.0  0.00020  0.000002  0.88388       0
28  EUR_GBP 2023-02-14 04:17:00+00:00  0.88391  0.88388  0.0  0.0  0.00016  0.000026  0.88391       0
29  EUR_GBP 2023-02-14 04:18:00+00:00  0.88388  0.88390  0.0  0.0  0.00018  0.000008  0.88388       0
30  EUR_GBP 2023-02-14 04:19:00+00:00  0.88392  0.88391  0.0  0.0  0.00017  0.000027  0.88392       0
2023-02-13 23:21:03 CandleManager() new candle:last_candle:23-02-14 04:20 is_ready:True
2023-02-13 23:21:04 tech_manager: max_rows:32 candle_time:2023-02-14 04:20:00+00:00 granularityM1
2023-02-13 23:21:04 process_candles:
       PAIR                      time    mid_c    mid_o   SL   TP   SPREAD      GAIN     LOSS  SIGNAL
26  EUR_GBP 2023-02-14 04:16:00+00:00  0.88388  0.88387  0.0  0.0  0.00020  0.000002  0.88388       0
27  EUR_GBP 2023-02-14 04:17:00+00:00  0.88391  0.88388  0.0  0.0  0.00016  0.000026  0.88391       0
28  EUR_GBP 2023-02-14 04:18:00+00:00  0.88388  0.88390  0.0  0.0  0.00018  0.000008  0.88388       0
29  EUR_GBP 2023-02-14 04:19:00+00:00  0.88392  0.88391  0.0  0.0  0.00017  0.000027  0.88392       0
30  EUR_GBP 2023-02-14 04:20:00+00:00  0.88394  0.88390  0.0  0.0  0.00015  0.000041  0.88394       0
2023-02-13 23:22:05 CandleManager() new candle:last_candle:23-02-14 04:21 is_ready:True
2023-02-13 23:22:05 tech_manager: max_rows:32 candle_time:2023-02-14 04:21:00+00:00 granularityM1
2023-02-13 23:22:05 process_candles:
       PAIR                      time    mid_c    mid_o   SL   TP   SPREAD      GAIN     LOSS  SIGNAL
26  EUR_GBP 2023-02-14 04:17:00+00:00  0.88391  0.88388  0.0  0.0  0.00016  0.000026  0.88391       0
27  EUR_GBP 2023-02-14 04:18:00+00:00  0.88388  0.88390  0.0  0.0  0.00018  0.000008  0.88388       0
28  EUR_GBP 2023-02-14 04:19:00+00:00  0.88392  0.88391  0.0  0.0  0.00017  0.000027  0.88392       0
29  EUR_GBP 2023-02-14 04:20:00+00:00  0.88394  0.88390  0.0  0.0  0.00015  0.000041  0.88394       0
30  EUR_GBP 2023-02-14 04:21:00+00:00  0.88386  0.88394  0.0  0.0  0.00018  0.000042  0.88386       0
2023-02-13 23:23:06 CandleManager() new candle:last_candle:23-02-14 04:22 is_ready:True
2023-02-13 23:23:06 tech_manager: max_rows:32 candle_time:2023-02-14 04:22:00+00:00 granularityM1
2023-02-13 23:23:06 process_candles:
       PAIR                      time    mid_c    mid_o   SL   TP   SPREAD      GAIN     LOSS  SIGNAL
26  EUR_GBP 2023-02-14 04:18:00+00:00  0.88388  0.88390  0.0  0.0  0.00018  0.000008  0.88388       0
27  EUR_GBP 2023-02-14 04:19:00+00:00  0.88392  0.88391  0.0  0.0  0.00017  0.000027  0.88392       0
28  EUR_GBP 2023-02-14 04:20:00+00:00  0.88394  0.88390  0.0  0.0  0.00015  0.000041  0.88394       0
29  EUR_GBP 2023-02-14 04:21:00+00:00  0.88386  0.88394  0.0  0.0  0.00018  0.000042  0.88386       0
30  EUR_GBP 2023-02-14 04:22:00+00:00  0.88388  0.88388  0.0  0.0  0.00016  0.000018  0.88388       0
2023-02-13 23:24:07 CandleManager() new candle:last_candle:23-02-14 04:23 is_ready:True
2023-02-13 23:24:07 tech_manager: max_rows:32 candle_time:2023-02-14 04:23:00+00:00 granularityM1
2023-02-13 23:24:07 process_candles:
       PAIR                      time    mid_c    mid_o   SL   TP   SPREAD      GAIN     LOSS  SIGNAL
26  EUR_GBP 2023-02-14 04:19:00+00:00  0.88392  0.88391  0.0  0.0  0.00017  0.000027  0.88392       0
27  EUR_GBP 2023-02-14 04:20:00+00:00  0.88394  0.88390  0.0  0.0  0.00015  0.000041  0.88394       0
28  EUR_GBP 2023-02-14 04:21:00+00:00  0.88386  0.88394  0.0  0.0  0.00018  0.000042  0.88386       0
29  EUR_GBP 2023-02-14 04:22:00+00:00  0.88388  0.88388  0.0  0.0  0.00016  0.000018  0.88388       0
30  EUR_GBP 2023-02-14 04:23:00+00:00  0.88390  0.88389  0.0  0.0  0.00020  0.000005  0.88390       0
2023-02-13 23:25:09 CandleManager() new candle:last_candle:23-02-14 04:24 is_ready:True
2023-02-13 23:25:09 tech_manager: max_rows:32 candle_time:2023-02-14 04:24:00+00:00 granularityM1
2023-02-13 23:25:09 process_candles:
       PAIR                      time    mid_c    mid_o   SL   TP   SPREAD      GAIN     LOSS  SIGNAL
26  EUR_GBP 2023-02-14 04:20:00+00:00  0.88394  0.88390  0.0  0.0  0.00015  0.000041  0.88394       0
27  EUR_GBP 2023-02-14 04:21:00+00:00  0.88386  0.88394  0.0  0.0  0.00018  0.000042  0.88386       0
28  EUR_GBP 2023-02-14 04:22:00+00:00  0.88388  0.88388  0.0  0.0  0.00016  0.000018  0.88388       0
29  EUR_GBP 2023-02-14 04:23:00+00:00  0.88390  0.88389  0.0  0.0  0.00020  0.000005  0.88390       0
30  EUR_GBP 2023-02-14 04:24:00+00:00  0.88392  0.88390  0.0  0.0  0.00020  0.000024  0.88392       0
2023-02-13 23:26:10 CandleManager() new candle:last_candle:23-02-14 04:25 is_ready:True
2023-02-13 23:26:10 tech_manager: max_rows:32 candle_time:2023-02-14 04:25:00+00:00 granularityM1
2023-02-13 23:26:10 process_candles:
       PAIR                      time    mid_c    mid_o   SL   TP   SPREAD      GAIN     LOSS  SIGNAL
26  EUR_GBP 2023-02-14 04:21:00+00:00  0.88386  0.88394  0.0  0.0  0.00018  0.000042  0.88386       0
27  EUR_GBP 2023-02-14 04:22:00+00:00  0.88388  0.88388  0.0  0.0  0.00016  0.000018  0.88388       0
28  EUR_GBP 2023-02-14 04:23:00+00:00  0.88390  0.88389  0.0  0.0  0.00020  0.000005  0.88390       0
29  EUR_GBP 2023-02-14 04:24:00+00:00  0.88392  0.88390  0.0  0.0  0.00020  0.000024  0.88392       0
30  EUR_GBP 2023-02-14 04:25:00+00:00  0.88385  0.88390  0.0  0.0  0.00018  0.000046  0.88385       0
2023-02-13 23:27:11 CandleManager() new candle:last_candle:23-02-14 04:26 is_ready:True
2023-02-13 23:27:11 tech_manager: max_rows:32 candle_time:2023-02-14 04:26:00+00:00 granularityM1
2023-02-13 23:27:12 process_candles:
       PAIR                      time    mid_c    mid_o   SL   TP   SPREAD      GAIN     LOSS  SIGNAL
26  EUR_GBP 2023-02-14 04:22:00+00:00  0.88388  0.88388  0.0  0.0  0.00016  0.000018  0.88388       0
27  EUR_GBP 2023-02-14 04:23:00+00:00  0.88390  0.88389  0.0  0.0  0.00020  0.000005  0.88390       0
28  EUR_GBP 2023-02-14 04:24:00+00:00  0.88392  0.88390  0.0  0.0  0.00020  0.000024  0.88392       0
29  EUR_GBP 2023-02-14 04:25:00+00:00  0.88385  0.88390  0.0  0.0  0.00018  0.000046  0.88385       0
30  EUR_GBP 2023-02-14 04:26:00+00:00  0.88383  0.88385  0.0  0.0  0.00016  0.000061  0.88383       0
2023-02-13 23:28:02 CandleManager() new candle:last_candle:23-02-14 04:27 is_ready:True
2023-02-13 23:28:03 tech_manager: max_rows:32 candle_time:2023-02-14 04:27:00+00:00 granularityM1
2023-02-13 23:28:03 process_candles:
       PAIR                      time    mid_c    mid_o   SL   TP   SPREAD      GAIN     LOSS  SIGNAL
26  EUR_GBP 2023-02-14 04:23:00+00:00  0.88390  0.88389  0.0  0.0  0.00020  0.000005  0.88390       0
27  EUR_GBP 2023-02-14 04:24:00+00:00  0.88392  0.88390  0.0  0.0  0.00020  0.000024  0.88392       0
28  EUR_GBP 2023-02-14 04:25:00+00:00  0.88385  0.88390  0.0  0.0  0.00018  0.000046  0.88385       0
29  EUR_GBP 2023-02-14 04:26:00+00:00  0.88383  0.88385  0.0  0.0  0.00016  0.000061  0.88383       0
30  EUR_GBP 2023-02-14 04:27:00+00:00  0.88382  0.88381  0.0  0.0  0.00019  0.000065  0.88382       0
2023-02-13 23:29:04 CandleManager() new candle:last_candle:23-02-14 04:28 is_ready:True
2023-02-13 23:29:04 tech_manager: max_rows:32 candle_time:2023-02-14 04:28:00+00:00 granularityM1
2023-02-13 23:29:04 process_candles:
       PAIR                      time    mid_c    mid_o   SL   TP   SPREAD      GAIN     LOSS  SIGNAL
26  EUR_GBP 2023-02-14 04:24:00+00:00  0.88392  0.88390  0.0  0.0  0.00020  0.000024  0.88392       0
27  EUR_GBP 2023-02-14 04:25:00+00:00  0.88385  0.88390  0.0  0.0  0.00018  0.000046  0.88385       0
28  EUR_GBP 2023-02-14 04:26:00+00:00  0.88383  0.88385  0.0  0.0  0.00016  0.000061  0.88383       0
29  EUR_GBP 2023-02-14 04:27:00+00:00  0.88382  0.88381  0.0  0.0  0.00019  0.000065  0.88382       0
30  EUR_GBP 2023-02-14 04:28:00+00:00  0.88384  0.88382  0.0  0.0  0.00019  0.000042  0.88384       0
2023-02-13 23:30:05 CandleManager() new candle:last_candle:23-02-14 04:29 is_ready:True
2023-02-13 23:30:05 tech_manager: max_rows:32 candle_time:2023-02-14 04:29:00+00:00 granularityM1
2023-02-13 23:30:05 process_candles:
       PAIR                      time    mid_c    mid_o   SL   TP   SPREAD      GAIN     LOSS  SIGNAL
27  EUR_GBP 2023-02-14 04:25:00+00:00  0.88385  0.88390  0.0  0.0  0.00018  0.000046  0.88385       0
28  EUR_GBP 2023-02-14 04:26:00+00:00  0.88383  0.88385  0.0  0.0  0.00016  0.000061  0.88383       0
29  EUR_GBP 2023-02-14 04:27:00+00:00  0.88382  0.88381  0.0  0.0  0.00019  0.000065  0.88382       0
30  EUR_GBP 2023-02-14 04:28:00+00:00  0.88384  0.88382  0.0  0.0  0.00019  0.000042  0.88384       0
31  EUR_GBP 2023-02-14 04:29:00+00:00  0.88383  0.88384  0.0  0.0  0.00020  0.000046  0.88383       0
2023-02-13 23:31:06 CandleManager() new candle:last_candle:23-02-14 04:30 is_ready:True
2023-02-13 23:31:07 tech_manager: max_rows:32 candle_time:2023-02-14 04:30:00+00:00 granularityM1
2023-02-13 23:31:07 process_candles:
       PAIR                      time    mid_c    mid_o   SL   TP   SPREAD      GAIN     LOSS  SIGNAL
26  EUR_GBP 2023-02-14 04:26:00+00:00  0.88383  0.88385  0.0  0.0  0.00016  0.000061  0.88383       0
27  EUR_GBP 2023-02-14 04:27:00+00:00  0.88382  0.88381  0.0  0.0  0.00019  0.000065  0.88382       0
28  EUR_GBP 2023-02-14 04:28:00+00:00  0.88384  0.88382  0.0  0.0  0.00019  0.000042  0.88384       0
29  EUR_GBP 2023-02-14 04:29:00+00:00  0.88383  0.88384  0.0  0.0  0.00020  0.000046  0.88383       0
30  EUR_GBP 2023-02-14 04:30:00+00:00  0.88380  0.88380  0.0  0.0  0.00020  0.000070  0.88380       0
2023-02-13 23:32:08 CandleManager() new candle:last_candle:23-02-14 04:31 is_ready:True
2023-02-13 23:32:08 tech_manager: max_rows:32 candle_time:2023-02-14 04:31:00+00:00 granularityM1
2023-02-13 23:32:08 process_candles:
       PAIR                      time    mid_c    mid_o   SL   TP   SPREAD      GAIN     LOSS  SIGNAL
26  EUR_GBP 2023-02-14 04:27:00+00:00  0.88382  0.88381  0.0  0.0  0.00019  0.000065  0.88382       0
27  EUR_GBP 2023-02-14 04:28:00+00:00  0.88384  0.88382  0.0  0.0  0.00019  0.000042  0.88384       0
28  EUR_GBP 2023-02-14 04:29:00+00:00  0.88383  0.88384  0.0  0.0  0.00020  0.000046  0.88383       0
29  EUR_GBP 2023-02-14 04:30:00+00:00  0.88380  0.88380  0.0  0.0  0.00020  0.000070  0.88380       0
30  EUR_GBP 2023-02-14 04:31:00+00:00  0.88380  0.88379  0.0  0.0  0.00020  0.000060  0.88380       0
2023-02-13 23:33:09 CandleManager() new candle:last_candle:23-02-14 04:32 is_ready:True
2023-02-13 23:33:09 tech_manager: max_rows:32 candle_time:2023-02-14 04:32:00+00:00 granularityM1
2023-02-13 23:33:09 process_candles:
       PAIR                      time    mid_c    mid_o   SL   TP   SPREAD      GAIN     LOSS  SIGNAL
26  EUR_GBP 2023-02-14 04:28:00+00:00  0.88384  0.88382  0.0  0.0  0.00019  0.000042  0.88384       0
27  EUR_GBP 2023-02-14 04:29:00+00:00  0.88383  0.88384  0.0  0.0  0.00020  0.000046  0.88383       0
28  EUR_GBP 2023-02-14 04:30:00+00:00  0.88380  0.88380  0.0  0.0  0.00020  0.000070  0.88380       0
29  EUR_GBP 2023-02-14 04:31:00+00:00  0.88380  0.88379  0.0  0.0  0.00020  0.000060  0.88380       0
30  EUR_GBP 2023-02-14 04:32:00+00:00  0.88384  0.88380  0.0  0.0  0.00021  0.000011  0.88384       0
2023-02-13 23:34:00 CandleManager() new candle:last_candle:23-02-14 04:33 is_ready:True
2023-02-13 23:34:00 tech_manager: max_rows:32 candle_time:2023-02-14 04:33:00+00:00 granularityM1
2023-02-13 23:34:00 process_candles:
       PAIR                      time    mid_c    mid_o   SL   TP   SPREAD      GAIN     LOSS  SIGNAL
26  EUR_GBP 2023-02-14 04:29:00+00:00  0.88383  0.88384  0.0  0.0  0.00020  0.000046  0.88383       0
27  EUR_GBP 2023-02-14 04:30:00+00:00  0.88380  0.88380  0.0  0.0  0.00020  0.000070  0.88380       0
28  EUR_GBP 2023-02-14 04:31:00+00:00  0.88380  0.88379  0.0  0.0  0.00020  0.000060  0.88380       0
29  EUR_GBP 2023-02-14 04:32:00+00:00  0.88384  0.88380  0.0  0.0  0.00021  0.000011  0.88384       0
30  EUR_GBP 2023-02-14 04:33:00+00:00  0.88386  0.88384  0.0  0.0  0.00020  0.000013  0.88386       0
2023-02-13 23:35:01 CandleManager() new candle:last_candle:23-02-14 04:34 is_ready:True
2023-02-13 23:35:02 tech_manager: max_rows:32 candle_time:2023-02-14 04:34:00+00:00 granularityM1
2023-02-13 23:35:02 process_candles:
       PAIR                      time    mid_c    mid_o   SL   TP   SPREAD      GAIN     LOSS  SIGNAL
26  EUR_GBP 2023-02-14 04:30:00+00:00  0.88380  0.88380  0.0  0.0  0.00020  0.000070  0.88380       0
27  EUR_GBP 2023-02-14 04:31:00+00:00  0.88380  0.88379  0.0  0.0  0.00020  0.000060  0.88380       0
28  EUR_GBP 2023-02-14 04:32:00+00:00  0.88384  0.88380  0.0  0.0  0.00021  0.000011  0.88384       0
29  EUR_GBP 2023-02-14 04:33:00+00:00  0.88386  0.88384  0.0  0.0  0.00020  0.000013  0.88386       0
30  EUR_GBP 2023-02-14 04:34:00+00:00  0.88384  0.88386  0.0  0.0  0.00015  0.000004  0.88384       0
2023-02-13 23:36:03 CandleManager() new candle:last_candle:23-02-14 04:35 is_ready:True
2023-02-13 23:36:03 tech_manager: max_rows:32 candle_time:2023-02-14 04:35:00+00:00 granularityM1
2023-02-13 23:36:03 process_candles:
       PAIR                      time    mid_c    mid_o   SL   TP   SPREAD      GAIN     LOSS  SIGNAL
26  EUR_GBP 2023-02-14 04:31:00+00:00  0.88380  0.88379  0.0  0.0  0.00020  0.000060  0.88380       0
27  EUR_GBP 2023-02-14 04:32:00+00:00  0.88384  0.88380  0.0  0.0  0.00021  0.000011  0.88384       0
28  EUR_GBP 2023-02-14 04:33:00+00:00  0.88386  0.88384  0.0  0.0  0.00020  0.000013  0.88386       0
29  EUR_GBP 2023-02-14 04:34:00+00:00  0.88384  0.88386  0.0  0.0  0.00015  0.000004  0.88384       0
30  EUR_GBP 2023-02-14 04:35:00+00:00  0.88386  0.88384  0.0  0.0  0.00015  0.000019  0.88386       0
2023-02-13 23:37:04 CandleManager() new candle:last_candle:23-02-14 04:36 is_ready:True
2023-02-13 23:37:04 tech_manager: max_rows:32 candle_time:2023-02-14 04:36:00+00:00 granularityM1
2023-02-13 23:37:04 process_candles:
       PAIR                      time    mid_c    mid_o   SL   TP   SPREAD      GAIN     LOSS  SIGNAL
26  EUR_GBP 2023-02-14 04:32:00+00:00  0.88384  0.88380  0.0  0.0  0.00021  0.000011  0.88384       0
27  EUR_GBP 2023-02-14 04:33:00+00:00  0.88386  0.88384  0.0  0.0  0.00020  0.000013  0.88386       0
28  EUR_GBP 2023-02-14 04:34:00+00:00  0.88384  0.88386  0.0  0.0  0.00015  0.000004  0.88384       0
29  EUR_GBP 2023-02-14 04:35:00+00:00  0.88386  0.88384  0.0  0.0  0.00015  0.000019  0.88386       0
30  EUR_GBP 2023-02-14 04:36:00+00:00  0.88386  0.88387  0.0  0.0  0.00017  0.000023  0.88386       0
2023-02-13 23:38:05 CandleManager() new candle:last_candle:23-02-14 04:37 is_ready:True
2023-02-13 23:38:05 tech_manager: max_rows:32 candle_time:2023-02-14 04:37:00+00:00 granularityM1
2023-02-13 23:38:06 process_candles:
       PAIR                      time    mid_c    mid_o   SL   TP   SPREAD      GAIN     LOSS  SIGNAL
27  EUR_GBP 2023-02-14 04:33:00+00:00  0.88386  0.88384  0.0  0.0  0.00020  0.000013  0.88386       0
28  EUR_GBP 2023-02-14 04:34:00+00:00  0.88384  0.88386  0.0  0.0  0.00015  0.000004  0.88384       0
29  EUR_GBP 2023-02-14 04:35:00+00:00  0.88386  0.88384  0.0  0.0  0.00015  0.000019  0.88386       0
30  EUR_GBP 2023-02-14 04:36:00+00:00  0.88386  0.88387  0.0  0.0  0.00017  0.000023  0.88386       0
31  EUR_GBP 2023-02-14 04:37:00+00:00  0.88384  0.88386  0.0  0.0  0.00015  0.000004  0.88384       0
2023-02-13 23:39:07 CandleManager() new candle:last_candle:23-02-14 04:38 is_ready:True
2023-02-13 23:39:07 tech_manager: max_rows:32 candle_time:2023-02-14 04:38:00+00:00 granularityM1
2023-02-13 23:39:07 process_candles:
       PAIR                      time    mid_c    mid_o   SL   TP   SPREAD      GAIN     LOSS  SIGNAL
26  EUR_GBP 2023-02-14 04:34:00+00:00  0.88384  0.88386  0.0  0.0  0.00015  0.000004  0.88384       0
27  EUR_GBP 2023-02-14 04:35:00+00:00  0.88386  0.88384  0.0  0.0  0.00015  0.000019  0.88386       0
28  EUR_GBP 2023-02-14 04:36:00+00:00  0.88386  0.88387  0.0  0.0  0.00017  0.000023  0.88386       0
29  EUR_GBP 2023-02-14 04:37:00+00:00  0.88384  0.88386  0.0  0.0  0.00015  0.000004  0.88384       0
30  EUR_GBP 2023-02-14 04:38:00+00:00  0.88388  0.88385  0.0  0.0  0.00016  0.000043  0.88388       0
2023-02-13 23:40:08 CandleManager() new candle:last_candle:23-02-14 04:39 is_ready:True
2023-02-13 23:40:08 tech_manager: max_rows:32 candle_time:2023-02-14 04:39:00+00:00 granularityM1
2023-02-13 23:40:08 process_candles:
       PAIR                      time    mid_c    mid_o   SL   TP   SPREAD      GAIN     LOSS  SIGNAL
26  EUR_GBP 2023-02-14 04:35:00+00:00  0.88386  0.88384  0.0  0.0  0.00015  0.000019  0.88386       0
27  EUR_GBP 2023-02-14 04:36:00+00:00  0.88386  0.88387  0.0  0.0  0.00017  0.000023  0.88386       0
28  EUR_GBP 2023-02-14 04:37:00+00:00  0.88384  0.88386  0.0  0.0  0.00015  0.000004  0.88384       0
29  EUR_GBP 2023-02-14 04:38:00+00:00  0.88388  0.88385  0.0  0.0  0.00016  0.000043  0.88388       0
30  EUR_GBP 2023-02-14 04:39:00+00:00  0.88388  0.88388  0.0  0.0  0.00016  0.000038  0.88388       0
2023-02-13 23:41:09 CandleManager() new candle:last_candle:23-02-14 04:40 is_ready:True
2023-02-13 23:41:10 tech_manager: max_rows:32 candle_time:2023-02-14 04:40:00+00:00 granularityM1
2023-02-13 23:41:10 process_candles:
       PAIR                      time    mid_c    mid_o   SL   TP   SPREAD      GAIN     LOSS  SIGNAL
26  EUR_GBP 2023-02-14 04:36:00+00:00  0.88386  0.88387  0.0  0.0  0.00017  0.000023  0.88386       0
27  EUR_GBP 2023-02-14 04:37:00+00:00  0.88384  0.88386  0.0  0.0  0.00015  0.000004  0.88384       0
28  EUR_GBP 2023-02-14 04:38:00+00:00  0.88388  0.88385  0.0  0.0  0.00016  0.000043  0.88388       0
29  EUR_GBP 2023-02-14 04:39:00+00:00  0.88388  0.88388  0.0  0.0  0.00016  0.000038  0.88388       0
30  EUR_GBP 2023-02-14 04:40:00+00:00  0.88385  0.88386  0.0  0.0  0.00016  0.000008  0.88385       0
2023-02-13 23:42:11 CandleManager() new candle:last_candle:23-02-14 04:41 is_ready:True
2023-02-13 23:42:11 tech_manager: max_rows:32 candle_time:2023-02-14 04:41:00+00:00 granularityM1
2023-02-13 23:42:11 process_candles:
       PAIR                      time    mid_c    mid_o   SL   TP   SPREAD      GAIN     LOSS  SIGNAL
26  EUR_GBP 2023-02-14 04:37:00+00:00  0.88384  0.88386  0.0  0.0  0.00015  0.000004  0.88384       0
27  EUR_GBP 2023-02-14 04:38:00+00:00  0.88388  0.88385  0.0  0.0  0.00016  0.000043  0.88388       0
28  EUR_GBP 2023-02-14 04:39:00+00:00  0.88388  0.88388  0.0  0.0  0.00016  0.000038  0.88388       0
29  EUR_GBP 2023-02-14 04:40:00+00:00  0.88385  0.88386  0.0  0.0  0.00016  0.000008  0.88385       0
30  EUR_GBP 2023-02-14 04:41:00+00:00  0.88381  0.88385  0.0  0.0  0.00016  0.000031  0.88381       0
2023-02-13 23:43:12 CandleManager() new candle:last_candle:23-02-14 04:42 is_ready:True
2023-02-13 23:43:12 tech_manager: max_rows:32 candle_time:2023-02-14 04:42:00+00:00 granularityM1
2023-02-13 23:43:12 process_candles:
       PAIR                      time    mid_c    mid_o   SL   TP   SPREAD      GAIN     LOSS  SIGNAL
26  EUR_GBP 2023-02-14 04:38:00+00:00  0.88388  0.88385  0.0  0.0  0.00016  0.000043  0.88388       0
27  EUR_GBP 2023-02-14 04:39:00+00:00  0.88388  0.88388  0.0  0.0  0.00016  0.000038  0.88388       0
28  EUR_GBP 2023-02-14 04:40:00+00:00  0.88385  0.88386  0.0  0.0  0.00016  0.000008  0.88385       0
29  EUR_GBP 2023-02-14 04:41:00+00:00  0.88381  0.88385  0.0  0.0  0.00016  0.000031  0.88381       0
30  EUR_GBP 2023-02-14 04:42:00+00:00  0.88383  0.88380  0.0  0.0  0.00016  0.000011  0.88383       0
2023-02-13 23:44:03 CandleManager() new candle:last_candle:23-02-14 04:43 is_ready:True
2023-02-13 23:44:03 tech_manager: max_rows:32 candle_time:2023-02-14 04:43:00+00:00 granularityM1
2023-02-13 23:44:03 process_candles:
       PAIR                      time    mid_c    mid_o   SL   TP   SPREAD      GAIN     LOSS  SIGNAL
26  EUR_GBP 2023-02-14 04:39:00+00:00  0.88388  0.88388  0.0  0.0  0.00016  0.000038  0.88388       0
27  EUR_GBP 2023-02-14 04:40:00+00:00  0.88385  0.88386  0.0  0.0  0.00016  0.000008  0.88385       0
28  EUR_GBP 2023-02-14 04:41:00+00:00  0.88381  0.88385  0.0  0.0  0.00016  0.000031  0.88381       0
29  EUR_GBP 2023-02-14 04:42:00+00:00  0.88383  0.88380  0.0  0.0  0.00016  0.000011  0.88383       0
30  EUR_GBP 2023-02-14 04:43:00+00:00  0.88386  0.88382  0.0  0.0  0.00013  0.000016  0.88386       0
2023-02-13 23:45:14 CandleManager() new candle:last_candle:23-02-14 04:44 is_ready:True
2023-02-13 23:45:14 tech_manager: max_rows:32 candle_time:2023-02-14 04:44:00+00:00 granularityM1
2023-02-13 23:45:14 process_candles:
       PAIR                      time    mid_c    mid_o   SL   TP   SPREAD      GAIN     LOSS  SIGNAL
27  EUR_GBP 2023-02-14 04:40:00+00:00  0.88385  0.88386  0.0  0.0  0.00016  0.000008  0.88385       0
28  EUR_GBP 2023-02-14 04:41:00+00:00  0.88381  0.88385  0.0  0.0  0.00016  0.000031  0.88381       0
29  EUR_GBP 2023-02-14 04:42:00+00:00  0.88383  0.88380  0.0  0.0  0.00016  0.000011  0.88383       0
30  EUR_GBP 2023-02-14 04:43:00+00:00  0.88386  0.88382  0.0  0.0  0.00013  0.000016  0.88386       0
31  EUR_GBP 2023-02-14 04:44:00+00:00  0.88384  0.88385  0.0  0.0  0.00013  0.000006  0.88384       0
2023-02-13 23:46:05 CandleManager() new candle:last_candle:23-02-14 04:45 is_ready:True
2023-02-13 23:46:05 tech_manager: max_rows:32 candle_time:2023-02-14 04:45:00+00:00 granularityM1
2023-02-13 23:46:05 process_candles:
       PAIR                      time    mid_c    mid_o   SL   TP   SPREAD      GAIN     LOSS  SIGNAL
26  EUR_GBP 2023-02-14 04:41:00+00:00  0.88381  0.88385  0.0  0.0  0.00016  0.000031  0.88381       0
27  EUR_GBP 2023-02-14 04:42:00+00:00  0.88383  0.88380  0.0  0.0  0.00016  0.000011  0.88383       0
28  EUR_GBP 2023-02-14 04:43:00+00:00  0.88386  0.88382  0.0  0.0  0.00013  0.000016  0.88386       0
29  EUR_GBP 2023-02-14 04:44:00+00:00  0.88384  0.88385  0.0  0.0  0.00013  0.000006  0.88384       0
30  EUR_GBP 2023-02-14 04:45:00+00:00  0.88382  0.88384  0.0  0.0  0.00014  0.000024  0.88382       0
2023-02-13 23:47:06 CandleManager() new candle:last_candle:23-02-14 04:46 is_ready:True
2023-02-13 23:47:06 tech_manager: max_rows:32 candle_time:2023-02-14 04:46:00+00:00 granularityM1
2023-02-13 23:47:06 process_candles:
       PAIR                      time    mid_c    mid_o   SL   TP   SPREAD      GAIN     LOSS  SIGNAL
26  EUR_GBP 2023-02-14 04:42:00+00:00  0.88383  0.88380  0.0  0.0  0.00016  0.000011  0.88383       0
27  EUR_GBP 2023-02-14 04:43:00+00:00  0.88386  0.88382  0.0  0.0  0.00013  0.000016  0.88386       0
28  EUR_GBP 2023-02-14 04:44:00+00:00  0.88384  0.88385  0.0  0.0  0.00013  0.000006  0.88384       0
29  EUR_GBP 2023-02-14 04:45:00+00:00  0.88382  0.88384  0.0  0.0  0.00014  0.000024  0.88382       0
30  EUR_GBP 2023-02-14 04:46:00+00:00  0.88382  0.88384  0.0  0.0  0.00015  0.000022  0.88382       0
2023-02-13 23:48:07 CandleManager() new candle:last_candle:23-02-14 04:47 is_ready:True
2023-02-13 23:48:08 tech_manager: max_rows:32 candle_time:2023-02-14 04:47:00+00:00 granularityM1
2023-02-13 23:48:08 process_candles:
       PAIR                      time    mid_c    mid_o   SL   TP   SPREAD      GAIN     LOSS  SIGNAL
26  EUR_GBP 2023-02-14 04:43:00+00:00  0.88386  0.88382  0.0  0.0  0.00013  0.000016  0.88386       0
27  EUR_GBP 2023-02-14 04:44:00+00:00  0.88384  0.88385  0.0  0.0  0.00013  0.000006  0.88384       0
28  EUR_GBP 2023-02-14 04:45:00+00:00  0.88382  0.88384  0.0  0.0  0.00014  0.000024  0.88382       0
29  EUR_GBP 2023-02-14 04:46:00+00:00  0.88382  0.88384  0.0  0.0  0.00015  0.000022  0.88382       0
30  EUR_GBP 2023-02-14 04:47:00+00:00  0.88382  0.88382  0.0  0.0  0.00014  0.000019  0.88382       0
2023-02-13 23:49:09 CandleManager() new candle:last_candle:23-02-14 04:48 is_ready:True
2023-02-13 23:49:09 tech_manager: max_rows:32 candle_time:2023-02-14 04:48:00+00:00 granularityM1
2023-02-13 23:49:09 process_candles:
       PAIR                      time    mid_c    mid_o   SL   TP   SPREAD      GAIN     LOSS  SIGNAL
26  EUR_GBP 2023-02-14 04:44:00+00:00  0.88384  0.88385  0.0  0.0  0.00013  0.000006  0.88384       0
27  EUR_GBP 2023-02-14 04:45:00+00:00  0.88382  0.88384  0.0  0.0  0.00014  0.000024  0.88382       0
28  EUR_GBP 2023-02-14 04:46:00+00:00  0.88382  0.88384  0.0  0.0  0.00015  0.000022  0.88382       0
29  EUR_GBP 2023-02-14 04:47:00+00:00  0.88382  0.88382  0.0  0.0  0.00014  0.000019  0.88382       0
30  EUR_GBP 2023-02-14 04:48:00+00:00  0.88390  0.88382  0.0  0.0  0.00015  0.000060  0.88390       0
2023-02-13 23:50:00 CandleManager() new candle:last_candle:23-02-14 04:49 is_ready:True
2023-02-13 23:50:00 tech_manager: max_rows:32 candle_time:2023-02-14 04:49:00+00:00 granularityM1
2023-02-13 23:50:00 process_candles:
       PAIR                      time    mid_c    mid_o   SL   TP   SPREAD      GAIN     LOSS  SIGNAL
27  EUR_GBP 2023-02-14 04:45:00+00:00  0.88382  0.88384  0.0  0.0  0.00014  0.000024  0.88382       0
28  EUR_GBP 2023-02-14 04:46:00+00:00  0.88382  0.88384  0.0  0.0  0.00015  0.000022  0.88382       0
29  EUR_GBP 2023-02-14 04:47:00+00:00  0.88382  0.88382  0.0  0.0  0.00014  0.000019  0.88382       0
30  EUR_GBP 2023-02-14 04:48:00+00:00  0.88390  0.88382  0.0  0.0  0.00015  0.000060  0.88390       0
31  EUR_GBP 2023-02-14 04:49:00+00:00  0.88387  0.88390  0.0  0.0  0.00014  0.000029  0.88387       0
2023-02-13 23:51:11 CandleManager() new candle:last_candle:23-02-14 04:50 is_ready:True
2023-02-13 23:51:11 tech_manager: max_rows:32 candle_time:2023-02-14 04:50:00+00:00 granularityM1
2023-02-13 23:51:11 process_candles:
       PAIR                      time    mid_c    mid_o   SL   TP   SPREAD      GAIN     LOSS  SIGNAL
26  EUR_GBP 2023-02-14 04:46:00+00:00  0.88382  0.88384  0.0  0.0  0.00015  0.000022  0.88382       0
27  EUR_GBP 2023-02-14 04:47:00+00:00  0.88382  0.88382  0.0  0.0  0.00014  0.000019  0.88382       0
28  EUR_GBP 2023-02-14 04:48:00+00:00  0.88390  0.88382  0.0  0.0  0.00015  0.000060  0.88390       0
29  EUR_GBP 2023-02-14 04:49:00+00:00  0.88387  0.88390  0.0  0.0  0.00014  0.000029  0.88387       0
30  EUR_GBP 2023-02-14 04:50:00+00:00  0.88381  0.88387  0.0  0.0  0.00016  0.000028  0.88381       0
2023-02-13 23:52:02 CandleManager() new candle:last_candle:23-02-14 04:51 is_ready:True
2023-02-13 23:52:03 tech_manager: max_rows:32 candle_time:2023-02-14 04:51:00+00:00 granularityM1
2023-02-13 23:52:03 process_candles:
       PAIR                      time    mid_c    mid_o   SL   TP   SPREAD      GAIN     LOSS  SIGNAL
26  EUR_GBP 2023-02-14 04:47:00+00:00  0.88382  0.88382  0.0  0.0  0.00014  0.000019  0.88382       0
27  EUR_GBP 2023-02-14 04:48:00+00:00  0.88390  0.88382  0.0  0.0  0.00015  0.000060  0.88390       0
28  EUR_GBP 2023-02-14 04:49:00+00:00  0.88387  0.88390  0.0  0.0  0.00014  0.000029  0.88387       0
29  EUR_GBP 2023-02-14 04:50:00+00:00  0.88381  0.88387  0.0  0.0  0.00016  0.000028  0.88381       0
30  EUR_GBP 2023-02-14 04:51:00+00:00  0.88380  0.88380  0.0  0.0  0.00016  0.000032  0.88380       0
2023-02-13 23:53:14 CandleManager() new candle:last_candle:23-02-14 04:52 is_ready:True
2023-02-13 23:53:14 tech_manager: max_rows:32 candle_time:2023-02-14 04:52:00+00:00 granularityM1
2023-02-13 23:53:14 process_candles:
       PAIR                      time    mid_c    mid_o   SL   TP   SPREAD      GAIN     LOSS  SIGNAL
26  EUR_GBP 2023-02-14 04:48:00+00:00  0.88390  0.88382  0.0  0.0  0.00015  0.000060  0.88390       0
27  EUR_GBP 2023-02-14 04:49:00+00:00  0.88387  0.88390  0.0  0.0  0.00014  0.000029  0.88387       0
28  EUR_GBP 2023-02-14 04:50:00+00:00  0.88381  0.88387  0.0  0.0  0.00016  0.000028  0.88381       0
29  EUR_GBP 2023-02-14 04:51:00+00:00  0.88380  0.88380  0.0  0.0  0.00016  0.000032  0.88380       0
30  EUR_GBP 2023-02-14 04:52:00+00:00  0.88383  0.88378  0.0  0.0  0.00016  0.000001  0.88383       0
2023-02-13 23:54:05 CandleManager() new candle:last_candle:23-02-14 04:53 is_ready:True
2023-02-13 23:54:05 tech_manager: max_rows:32 candle_time:2023-02-14 04:53:00+00:00 granularityM1
2023-02-13 23:54:05 process_candles:
       PAIR                      time    mid_c    mid_o   SL   TP   SPREAD      GAIN     LOSS  SIGNAL
27  EUR_GBP 2023-02-14 04:49:00+00:00  0.88387  0.88390  0.0  0.0  0.00014  0.000029  0.88387       0
28  EUR_GBP 2023-02-14 04:50:00+00:00  0.88381  0.88387  0.0  0.0  0.00016  0.000028  0.88381       0
29  EUR_GBP 2023-02-14 04:51:00+00:00  0.88380  0.88380  0.0  0.0  0.00016  0.000032  0.88380       0
30  EUR_GBP 2023-02-14 04:52:00+00:00  0.88383  0.88378  0.0  0.0  0.00016  0.000001  0.88383       0
31  EUR_GBP 2023-02-14 04:53:00+00:00  0.88386  0.88384  0.0  0.0  0.00015  0.000026  0.88386       0
2023-02-13 23:55:06 CandleManager() new candle:last_candle:23-02-14 04:54 is_ready:True
2023-02-13 23:55:06 tech_manager: max_rows:32 candle_time:2023-02-14 04:54:00+00:00 granularityM1
2023-02-13 23:55:06 process_candles:
       PAIR                      time    mid_c    mid_o   SL   TP   SPREAD      GAIN     LOSS  SIGNAL
26  EUR_GBP 2023-02-14 04:50:00+00:00  0.88381  0.88387  0.0  0.0  0.00016  0.000028  0.88381       0
27  EUR_GBP 2023-02-14 04:51:00+00:00  0.88380  0.88380  0.0  0.0  0.00016  0.000032  0.88380       0
28  EUR_GBP 2023-02-14 04:52:00+00:00  0.88383  0.88378  0.0  0.0  0.00016  0.000001  0.88383       0
29  EUR_GBP 2023-02-14 04:53:00+00:00  0.88386  0.88384  0.0  0.0  0.00015  0.000026  0.88386       0
30  EUR_GBP 2023-02-14 04:54:00+00:00  0.88387  0.88386  0.0  0.0  0.00016  0.000032  0.88387       0
2023-02-13 23:56:07 CandleManager() new candle:last_candle:23-02-14 04:55 is_ready:True
2023-02-13 23:56:07 tech_manager: max_rows:32 candle_time:2023-02-14 04:55:00+00:00 granularityM1
2023-02-13 23:56:07 process_candles:
       PAIR                      time    mid_c    mid_o   SL   TP   SPREAD      GAIN     LOSS  SIGNAL
26  EUR_GBP 2023-02-14 04:51:00+00:00  0.88380  0.88380  0.0  0.0  0.00016  0.000032  0.88380       0
27  EUR_GBP 2023-02-14 04:52:00+00:00  0.88383  0.88378  0.0  0.0  0.00016  0.000001  0.88383       0
28  EUR_GBP 2023-02-14 04:53:00+00:00  0.88386  0.88384  0.0  0.0  0.00015  0.000026  0.88386       0
29  EUR_GBP 2023-02-14 04:54:00+00:00  0.88387  0.88386  0.0  0.0  0.00016  0.000032  0.88387       0
30  EUR_GBP 2023-02-14 04:55:00+00:00  0.88387  0.88387  0.0  0.0  0.00018  0.000030  0.88387       0
2023-02-13 23:57:08 CandleManager() new candle:last_candle:23-02-14 04:56 is_ready:True
2023-02-13 23:57:08 tech_manager: max_rows:32 candle_time:2023-02-14 04:56:00+00:00 granularityM1
2023-02-13 23:57:08 process_candles:
       PAIR                      time    mid_c    mid_o   SL   TP   SPREAD      GAIN     LOSS  SIGNAL
26  EUR_GBP 2023-02-14 04:52:00+00:00  0.88383  0.88378  0.0  0.0  0.00016  0.000001  0.88383       0
27  EUR_GBP 2023-02-14 04:53:00+00:00  0.88386  0.88384  0.0  0.0  0.00015  0.000026  0.88386       0
28  EUR_GBP 2023-02-14 04:54:00+00:00  0.88387  0.88386  0.0  0.0  0.00016  0.000032  0.88387       0
29  EUR_GBP 2023-02-14 04:55:00+00:00  0.88387  0.88387  0.0  0.0  0.00018  0.000030  0.88387       0
30  EUR_GBP 2023-02-14 04:56:00+00:00  0.88388  0.88388  0.0  0.0  0.00019  0.000037  0.88388       0
2023-02-13 23:58:09 CandleManager() new candle:last_candle:23-02-14 04:57 is_ready:True
2023-02-13 23:58:09 tech_manager: max_rows:32 candle_time:2023-02-14 04:57:00+00:00 granularityM1
2023-02-13 23:58:09 process_candles:
       PAIR                      time    mid_c    mid_o   SL   TP   SPREAD      GAIN     LOSS  SIGNAL
26  EUR_GBP 2023-02-14 04:53:00+00:00  0.88386  0.88384  0.0  0.0  0.00015  0.000026  0.88386       0
27  EUR_GBP 2023-02-14 04:54:00+00:00  0.88387  0.88386  0.0  0.0  0.00016  0.000033  0.88387       0
28  EUR_GBP 2023-02-14 04:55:00+00:00  0.88387  0.88387  0.0  0.0  0.00018  0.000030  0.88387       0
29  EUR_GBP 2023-02-14 04:56:00+00:00  0.88388  0.88388  0.0  0.0  0.00019  0.000037  0.88388       0
30  EUR_GBP 2023-02-14 04:57:00+00:00  0.88385  0.88387  0.0  0.0  0.00016  0.000004  0.88385       0
2023-02-13 23:59:00 CandleManager() new candle:last_candle:23-02-14 04:58 is_ready:True
2023-02-13 23:59:00 tech_manager: max_rows:32 candle_time:2023-02-14 04:58:00+00:00 granularityM1
2023-02-13 23:59:00 process_candles:
       PAIR                      time    mid_c    mid_o   SL   TP   SPREAD      GAIN     LOSS  SIGNAL
26  EUR_GBP 2023-02-14 04:54:00+00:00  0.88387  0.88386  0.0  0.0  0.00016  0.000032  0.88387       0
27  EUR_GBP 2023-02-14 04:55:00+00:00  0.88387  0.88387  0.0  0.0  0.00018  0.000030  0.88387       0
28  EUR_GBP 2023-02-14 04:56:00+00:00  0.88388  0.88388  0.0  0.0  0.00019  0.000037  0.88388       0
29  EUR_GBP 2023-02-14 04:57:00+00:00  0.88385  0.88387  0.0  0.0  0.00016  0.000004  0.88385       0
30  EUR_GBP 2023-02-14 04:58:00+00:00  0.88386  0.88385  0.0  0.0  0.00017  0.000011  0.88386       0
2023-02-14 00:00:02 CandleManager() new candle:last_candle:23-02-14 04:59 is_ready:True
2023-02-14 00:00:02 tech_manager: max_rows:32 candle_time:2023-02-14 04:59:00+00:00 granularityM1
2023-02-14 00:00:02 process_candles:
       PAIR                      time    mid_c    mid_o   SL   TP   SPREAD      GAIN     LOSS  SIGNAL
26  EUR_GBP 2023-02-14 04:55:00+00:00  0.88387  0.88387  0.0  0.0  0.00018  0.000030  0.88387       0
27  EUR_GBP 2023-02-14 04:56:00+00:00  0.88388  0.88388  0.0  0.0  0.00019  0.000037  0.88388       0
28  EUR_GBP 2023-02-14 04:57:00+00:00  0.88385  0.88387  0.0  0.0  0.00016  0.000004  0.88385       0
29  EUR_GBP 2023-02-14 04:58:00+00:00  0.88386  0.88385  0.0  0.0  0.00017  0.000011  0.88386       0
30  EUR_GBP 2023-02-14 04:59:00+00:00  0.88382  0.88386  0.0  0.0  0.00017  0.000030  0.88382       0
2023-02-14 00:01:03 CandleManager() new candle:last_candle:23-02-14 05:00 is_ready:True
2023-02-14 00:01:03 tech_manager: max_rows:32 candle_time:2023-02-14 05:00:00+00:00 granularityM1
2023-02-14 00:01:03 process_candles:
       PAIR                      time    mid_c    mid_o   SL   TP   SPREAD      GAIN     LOSS  SIGNAL
26  EUR_GBP 2023-02-14 04:56:00+00:00  0.88388  0.88388  0.0  0.0  0.00019  0.000037  0.88388       0
27  EUR_GBP 2023-02-14 04:57:00+00:00  0.88385  0.88387  0.0  0.0  0.00016  0.000004  0.88385       0
28  EUR_GBP 2023-02-14 04:58:00+00:00  0.88386  0.88385  0.0  0.0  0.00017  0.000011  0.88386       0
29  EUR_GBP 2023-02-14 04:59:00+00:00  0.88382  0.88386  0.0  0.0  0.00017  0.000030  0.88382       0
30  EUR_GBP 2023-02-14 05:00:00+00:00  0.88386  0.88384  0.0  0.0  0.00015  0.000012  0.88386       0
2023-02-14 00:02:04 CandleManager() new candle:last_candle:23-02-14 05:01 is_ready:True
2023-02-14 00:02:04 tech_manager: max_rows:32 candle_time:2023-02-14 05:01:00+00:00 granularityM1
2023-02-14 00:02:04 process_candles:
       PAIR                      time    mid_c    mid_o   SL   TP   SPREAD      GAIN     LOSS  SIGNAL
26  EUR_GBP 2023-02-14 04:57:00+00:00  0.88385  0.88387  0.0  0.0  0.00016  0.000004  0.88385       0
27  EUR_GBP 2023-02-14 04:58:00+00:00  0.88386  0.88385  0.0  0.0  0.00017  0.000011  0.88386       0
28  EUR_GBP 2023-02-14 04:59:00+00:00  0.88382  0.88386  0.0  0.0  0.00017  0.000030  0.88382       0
29  EUR_GBP 2023-02-14 05:00:00+00:00  0.88386  0.88384  0.0  0.0  0.00015  0.000012  0.88386       0
30  EUR_GBP 2023-02-14 05:01:00+00:00  0.88380  0.88385  0.0  0.0  0.00017  0.000043  0.88380       0
2023-02-14 00:03:05 CandleManager() new candle:last_candle:23-02-14 05:02 is_ready:True
2023-02-14 00:03:06 tech_manager: max_rows:32 candle_time:2023-02-14 05:02:00+00:00 granularityM1
2023-02-14 00:03:06 process_candles:
       PAIR                      time    mid_c    mid_o   SL   TP   SPREAD      GAIN     LOSS  SIGNAL
26  EUR_GBP 2023-02-14 04:58:00+00:00  0.88386  0.88385  0.0  0.0  0.00017  0.000011  0.88386       0
27  EUR_GBP 2023-02-14 04:59:00+00:00  0.88382  0.88386  0.0  0.0  0.00017  0.000030  0.88382       0
28  EUR_GBP 2023-02-14 05:00:00+00:00  0.88386  0.88384  0.0  0.0  0.00015  0.000012  0.88386       0
29  EUR_GBP 2023-02-14 05:01:00+00:00  0.88380  0.88385  0.0  0.0  0.00017  0.000043  0.88380       0
30  EUR_GBP 2023-02-14 05:02:00+00:00  0.88379  0.88380  0.0  0.0  0.00018  0.000051  0.88379       0
2023-02-14 00:04:07 CandleManager() new candle:last_candle:23-02-14 05:03 is_ready:True
2023-02-14 00:04:07 tech_manager: max_rows:32 candle_time:2023-02-14 05:03:00+00:00 granularityM1
2023-02-14 00:04:07 process_candles:
       PAIR                      time    mid_c    mid_o   SL   TP   SPREAD      GAIN     LOSS  SIGNAL
27  EUR_GBP 2023-02-14 04:59:00+00:00  0.88382  0.88386  0.0  0.0  0.00017  0.000030  0.88382       0
28  EUR_GBP 2023-02-14 05:00:00+00:00  0.88386  0.88384  0.0  0.0  0.00015  0.000012  0.88386       0
29  EUR_GBP 2023-02-14 05:01:00+00:00  0.88380  0.88385  0.0  0.0  0.00017  0.000043  0.88380       0
30  EUR_GBP 2023-02-14 05:02:00+00:00  0.88379  0.88380  0.0  0.0  0.00018  0.000051  0.88379       0
31  EUR_GBP 2023-02-14 05:03:00+00:00  0.88380  0.88381  0.0  0.0  0.00017  0.000040  0.88380       0
2023-02-14 00:05:08 CandleManager() new candle:last_candle:23-02-14 05:04 is_ready:True
2023-02-14 00:05:08 tech_manager: max_rows:32 candle_time:2023-02-14 05:04:00+00:00 granularityM1
2023-02-14 00:05:08 process_candles:
       PAIR                      time    mid_c    mid_o   SL   TP   SPREAD      GAIN     LOSS  SIGNAL
26  EUR_GBP 2023-02-14 05:00:00+00:00  0.88386  0.88384  0.0  0.0  0.00015  0.000012  0.88386       0
27  EUR_GBP 2023-02-14 05:01:00+00:00  0.88380  0.88385  0.0  0.0  0.00017  0.000043  0.88380       0
28  EUR_GBP 2023-02-14 05:02:00+00:00  0.88379  0.88380  0.0  0.0  0.00018  0.000051  0.88379       0
29  EUR_GBP 2023-02-14 05:03:00+00:00  0.88380  0.88381  0.0  0.0  0.00017  0.000040  0.88380       0
30  EUR_GBP 2023-02-14 05:04:00+00:00  0.88379  0.88380  0.0  0.0  0.00018  0.000048  0.88379       0
2023-02-14 00:06:09 CandleManager() new candle:last_candle:23-02-14 05:05 is_ready:True
2023-02-14 00:06:09 tech_manager: max_rows:32 candle_time:2023-02-14 05:05:00+00:00 granularityM1
2023-02-14 00:06:09 process_candles:
       PAIR                      time    mid_c    mid_o   SL   TP   SPREAD      GAIN     LOSS  SIGNAL
26  EUR_GBP 2023-02-14 05:01:00+00:00  0.88380  0.88385  0.0  0.0  0.00017  0.000043  0.88380       0
27  EUR_GBP 2023-02-14 05:02:00+00:00  0.88379  0.88380  0.0  0.0  0.00018  0.000051  0.88379       0
28  EUR_GBP 2023-02-14 05:03:00+00:00  0.88380  0.88381  0.0  0.0  0.00017  0.000040  0.88380       0
29  EUR_GBP 2023-02-14 05:04:00+00:00  0.88379  0.88380  0.0  0.0  0.00018  0.000048  0.88379       0
30  EUR_GBP 2023-02-14 05:05:00+00:00  0.88376  0.88381  0.0  0.0  0.00017  0.000073  0.88376       0
2023-02-14 00:07:10 CandleManager() new candle:last_candle:23-02-14 05:06 is_ready:True
2023-02-14 00:07:10 tech_manager: max_rows:32 candle_time:2023-02-14 05:06:00+00:00 granularityM1
2023-02-14 00:07:10 process_candles:
       PAIR                      time    mid_c    mid_o   SL   TP   SPREAD      GAIN     LOSS  SIGNAL
26  EUR_GBP 2023-02-14 05:02:00+00:00  0.88379  0.88380  0.0  0.0  0.00018  0.000051  0.88379       0
27  EUR_GBP 2023-02-14 05:03:00+00:00  0.88380  0.88381  0.0  0.0  0.00017  0.000040  0.88380       0
28  EUR_GBP 2023-02-14 05:04:00+00:00  0.88379  0.88380  0.0  0.0  0.00018  0.000048  0.88379       0
29  EUR_GBP 2023-02-14 05:05:00+00:00  0.88376  0.88381  0.0  0.0  0.00017  0.000073  0.88376       0
30  EUR_GBP 2023-02-14 05:06:00+00:00  0.88380  0.88376  0.0  0.0  0.00019  0.000027  0.88380       0
2023-02-14 00:08:01 CandleManager() new candle:last_candle:23-02-14 05:07 is_ready:True
2023-02-14 00:08:01 tech_manager: max_rows:32 candle_time:2023-02-14 05:07:00+00:00 granularityM1
2023-02-14 00:08:01 process_candles:
       PAIR                      time    mid_c    mid_o   SL   TP   SPREAD      GAIN     LOSS  SIGNAL
26  EUR_GBP 2023-02-14 05:03:00+00:00  0.88380  0.88381  0.0  0.0  0.00017  0.000040  0.88380       0
27  EUR_GBP 2023-02-14 05:04:00+00:00  0.88379  0.88380  0.0  0.0  0.00018  0.000048  0.88379       0
28  EUR_GBP 2023-02-14 05:05:00+00:00  0.88376  0.88381  0.0  0.0  0.00017  0.000073  0.88376       0
29  EUR_GBP 2023-02-14 05:06:00+00:00  0.88380  0.88376  0.0  0.0  0.00019  0.000028  0.88380       0
30  EUR_GBP 2023-02-14 05:07:00+00:00  0.88382  0.88382  0.0  0.0  0.00018  0.000002  0.88382       0
2023-02-14 00:09:02 CandleManager() new candle:last_candle:23-02-14 05:08 is_ready:True
2023-02-14 00:09:02 tech_manager: max_rows:32 candle_time:2023-02-14 05:08:00+00:00 granularityM1
2023-02-14 00:09:02 process_candles:
       PAIR                      time    mid_c    mid_o   SL   TP   SPREAD      GAIN     LOSS  SIGNAL
26  EUR_GBP 2023-02-14 05:04:00+00:00  0.88379  0.88380  0.0  0.0  0.00018  0.000048  0.88379       0
27  EUR_GBP 2023-02-14 05:05:00+00:00  0.88376  0.88381  0.0  0.0  0.00017  0.000073  0.88376       0
28  EUR_GBP 2023-02-14 05:06:00+00:00  0.88380  0.88376  0.0  0.0  0.00019  0.000028  0.88380       0
29  EUR_GBP 2023-02-14 05:07:00+00:00  0.88382  0.88382  0.0  0.0  0.00018  0.000002  0.88382       0
30  EUR_GBP 2023-02-14 05:08:00+00:00  0.88380  0.88380  0.0  0.0  0.00019  0.000016  0.88380       0
2023-02-14 00:10:14 CandleManager() new candle:last_candle:23-02-14 05:09 is_ready:True
2023-02-14 00:10:14 tech_manager: max_rows:32 candle_time:2023-02-14 05:09:00+00:00 granularityM1
2023-02-14 00:10:14 process_candles:
       PAIR                      time    mid_c    mid_o   SL   TP   SPREAD      GAIN     LOSS  SIGNAL
26  EUR_GBP 2023-02-14 05:05:00+00:00  0.88376  0.88381  0.0  0.0  0.00017  0.000073  0.88376       0
27  EUR_GBP 2023-02-14 05:06:00+00:00  0.88380  0.88376  0.0  0.0  0.00019  0.000027  0.88380       0
28  EUR_GBP 2023-02-14 05:07:00+00:00  0.88382  0.88382  0.0  0.0  0.00018  0.000002  0.88382       0
29  EUR_GBP 2023-02-14 05:08:00+00:00  0.88380  0.88380  0.0  0.0  0.00019  0.000016  0.88380       0
30  EUR_GBP 2023-02-14 05:09:00+00:00  0.88382  0.88380  0.0  0.0  0.00018  0.000007  0.88382       0
2023-02-14 00:11:04 CandleManager() new candle:last_candle:23-02-14 05:10 is_ready:True
2023-02-14 00:11:05 tech_manager: max_rows:32 candle_time:2023-02-14 05:10:00+00:00 granularityM1
2023-02-14 00:11:05 process_candles:
       PAIR                      time    mid_c    mid_o   SL   TP   SPREAD      GAIN     LOSS  SIGNAL
26  EUR_GBP 2023-02-14 05:06:00+00:00  0.88380  0.88376  0.0  0.0  0.00019  0.000027  0.88380       0
27  EUR_GBP 2023-02-14 05:07:00+00:00  0.88382  0.88382  0.0  0.0  0.00018  0.000002  0.88382       0
28  EUR_GBP 2023-02-14 05:08:00+00:00  0.88380  0.88380  0.0  0.0  0.00019  0.000016  0.88380       0
29  EUR_GBP 2023-02-14 05:09:00+00:00  0.88382  0.88380  0.0  0.0  0.00018  0.000007  0.88382       0
30  EUR_GBP 2023-02-14 05:10:00+00:00  0.88384  0.88380  0.0  0.0  0.00019  0.000029  0.88384       0
2023-02-14 00:12:06 CandleManager() new candle:last_candle:23-02-14 05:11 is_ready:True
2023-02-14 00:12:06 tech_manager: max_rows:32 candle_time:2023-02-14 05:11:00+00:00 granularityM1
2023-02-14 00:12:06 process_candles:
       PAIR                      time    mid_c    mid_o   SL   TP   SPREAD      GAIN     LOSS  SIGNAL
26  EUR_GBP 2023-02-14 05:07:00+00:00  0.88382  0.88382  0.0  0.0  0.00018  0.000002  0.88382       0
27  EUR_GBP 2023-02-14 05:08:00+00:00  0.88380  0.88380  0.0  0.0  0.00019  0.000016  0.88380       0
28  EUR_GBP 2023-02-14 05:09:00+00:00  0.88382  0.88380  0.0  0.0  0.00018  0.000007  0.88382       0
29  EUR_GBP 2023-02-14 05:10:00+00:00  0.88384  0.88380  0.0  0.0  0.00019  0.000029  0.88384       0
30  EUR_GBP 2023-02-14 05:11:00+00:00  0.88387  0.88384  0.0  0.0  0.00020  0.000056  0.88387       0
2023-02-14 00:13:07 CandleManager() new candle:last_candle:23-02-14 05:12 is_ready:True
2023-02-14 00:13:07 tech_manager: max_rows:32 candle_time:2023-02-14 05:12:00+00:00 granularityM1
2023-02-14 00:13:07 process_candles:
       PAIR                      time    mid_c    mid_o   SL   TP   SPREAD      GAIN     LOSS  SIGNAL
26  EUR_GBP 2023-02-14 05:08:00+00:00  0.88380  0.88380  0.0  0.0  0.00019  0.000016  0.88380       0
27  EUR_GBP 2023-02-14 05:09:00+00:00  0.88382  0.88380  0.0  0.0  0.00018  0.000007  0.88382       0
28  EUR_GBP 2023-02-14 05:10:00+00:00  0.88384  0.88380  0.0  0.0  0.00019  0.000029  0.88384       0
29  EUR_GBP 2023-02-14 05:11:00+00:00  0.88387  0.88384  0.0  0.0  0.00020  0.000056  0.88387       0
30  EUR_GBP 2023-02-14 05:12:00+00:00  0.88392  0.88388  0.0  0.0  0.00020  0.000103  0.88392       0
2023-02-14 00:14:08 CandleManager() new candle:last_candle:23-02-14 05:13 is_ready:True
2023-02-14 00:14:08 tech_manager: max_rows:32 candle_time:2023-02-14 05:13:00+00:00 granularityM1
2023-02-14 00:14:08 process_candles:
       PAIR                      time    mid_c    mid_o   SL   TP   SPREAD      GAIN     LOSS  SIGNAL
27  EUR_GBP 2023-02-14 05:09:00+00:00  0.88382  0.88380  0.0  0.0  0.00018  0.000007  0.88382       0
28  EUR_GBP 2023-02-14 05:10:00+00:00  0.88384  0.88380  0.0  0.0  0.00019  0.000029  0.88384       0
29  EUR_GBP 2023-02-14 05:11:00+00:00  0.88387  0.88384  0.0  0.0  0.00020  0.000056  0.88387       0
30  EUR_GBP 2023-02-14 05:12:00+00:00  0.88392  0.88388  0.0  0.0  0.00020  0.000103  0.88392       0
31  EUR_GBP 2023-02-14 05:13:00+00:00  0.88388  0.88392  0.0  0.0  0.00019  0.000055  0.88388       0
2023-02-14 00:15:09 CandleManager() new candle:last_candle:23-02-14 05:14 is_ready:True
2023-02-14 00:15:09 tech_manager: max_rows:32 candle_time:2023-02-14 05:14:00+00:00 granularityM1
2023-02-14 00:15:09 process_candles:
       PAIR                      time    mid_c    mid_o   SL   TP   SPREAD      GAIN     LOSS  SIGNAL
26  EUR_GBP 2023-02-14 05:10:00+00:00  0.88384  0.88380  0.0  0.0  0.00019  0.000029  0.88384       0
27  EUR_GBP 2023-02-14 05:11:00+00:00  0.88387  0.88384  0.0  0.0  0.00020  0.000056  0.88387       0
28  EUR_GBP 2023-02-14 05:12:00+00:00  0.88392  0.88388  0.0  0.0  0.00020  0.000103  0.88392       0
29  EUR_GBP 2023-02-14 05:13:00+00:00  0.88388  0.88392  0.0  0.0  0.00019  0.000055  0.88388       0
30  EUR_GBP 2023-02-14 05:14:00+00:00  0.88390  0.88388  0.0  0.0  0.00019  0.000068  0.88390       0
2023-02-14 00:16:10 CandleManager() new candle:last_candle:23-02-14 05:15 is_ready:True
2023-02-14 00:16:10 tech_manager: max_rows:32 candle_time:2023-02-14 05:15:00+00:00 granularityM1
2023-02-14 00:16:10 process_candles:
       PAIR                      time    mid_c    mid_o   SL   TP   SPREAD      GAIN     LOSS  SIGNAL
26  EUR_GBP 2023-02-14 05:11:00+00:00  0.88387  0.88384  0.0  0.0  0.00020  0.000056  0.88387       0
27  EUR_GBP 2023-02-14 05:12:00+00:00  0.88392  0.88388  0.0  0.0  0.00020  0.000103  0.88392       0
28  EUR_GBP 2023-02-14 05:13:00+00:00  0.88388  0.88392  0.0  0.0  0.00019  0.000055  0.88388       0
29  EUR_GBP 2023-02-14 05:14:00+00:00  0.88390  0.88388  0.0  0.0  0.00019  0.000068  0.88390       0
30  EUR_GBP 2023-02-14 05:15:00+00:00  0.88388  0.88389  0.0  0.0  0.00019  0.000041  0.88388       0
2023-02-14 00:17:11 CandleManager() new candle:last_candle:23-02-14 05:16 is_ready:True
2023-02-14 00:17:11 tech_manager: max_rows:32 candle_time:2023-02-14 05:16:00+00:00 granularityM1
2023-02-14 00:17:11 process_candles:
       PAIR                      time    mid_c    mid_o   SL   TP   SPREAD      GAIN     LOSS  SIGNAL
26  EUR_GBP 2023-02-14 05:12:00+00:00  0.88392  0.88388  0.0  0.0  0.00020  0.000103  0.88392       0
27  EUR_GBP 2023-02-14 05:13:00+00:00  0.88388  0.88392  0.0  0.0  0.00019  0.000055  0.88388       0
28  EUR_GBP 2023-02-14 05:14:00+00:00  0.88390  0.88388  0.0  0.0  0.00019  0.000068  0.88390       0
29  EUR_GBP 2023-02-14 05:15:00+00:00  0.88388  0.88389  0.0  0.0  0.00019  0.000041  0.88388       0
30  EUR_GBP 2023-02-14 05:16:00+00:00  0.88386  0.88389  0.0  0.0  0.00019  0.000015  0.88386       0
2023-02-14 00:18:02 CandleManager() new candle:last_candle:23-02-14 05:17 is_ready:True
2023-02-14 00:18:02 tech_manager: max_rows:32 candle_time:2023-02-14 05:17:00+00:00 granularityM1
2023-02-14 00:18:02 process_candles:
       PAIR                      time    mid_c    mid_o   SL   TP   SPREAD      GAIN     LOSS  SIGNAL
26  EUR_GBP 2023-02-14 05:13:00+00:00  0.88388  0.88392  0.0  0.0  0.00019  0.000055  0.88388       0
27  EUR_GBP 2023-02-14 05:14:00+00:00  0.88390  0.88388  0.0  0.0  0.00019  0.000068  0.88390       0
28  EUR_GBP 2023-02-14 05:15:00+00:00  0.88388  0.88389  0.0  0.0  0.00019  0.000041  0.88388       0
29  EUR_GBP 2023-02-14 05:16:00+00:00  0.88386  0.88389  0.0  0.0  0.00019  0.000015  0.88386       0
30  EUR_GBP 2023-02-14 05:17:00+00:00  0.88390  0.88387  0.0  0.0  0.00023  0.000046  0.88390       0
2023-02-14 00:19:03 CandleManager() new candle:last_candle:23-02-14 05:18 is_ready:True
2023-02-14 00:19:03 tech_manager: max_rows:32 candle_time:2023-02-14 05:18:00+00:00 granularityM1
2023-02-14 00:19:03 process_candles:
       PAIR                      time    mid_c    mid_o   SL   TP   SPREAD      GAIN     LOSS  SIGNAL
26  EUR_GBP 2023-02-14 05:14:00+00:00  0.88390  0.88388  0.0  0.0  0.00019  0.000068  0.88390       0
27  EUR_GBP 2023-02-14 05:15:00+00:00  0.88388  0.88389  0.0  0.0  0.00019  0.000041  0.88388       0
28  EUR_GBP 2023-02-14 05:16:00+00:00  0.88386  0.88389  0.0  0.0  0.00019  0.000015  0.88386       0
29  EUR_GBP 2023-02-14 05:17:00+00:00  0.88390  0.88387  0.0  0.0  0.00023  0.000046  0.88390       0
30  EUR_GBP 2023-02-14 05:18:00+00:00  0.88396  0.88392  0.0  0.0  0.00025  0.000094  0.88396       0
2023-02-14 00:20:04 CandleManager() new candle:last_candle:23-02-14 05:19 is_ready:True
2023-02-14 00:20:04 tech_manager: max_rows:32 candle_time:2023-02-14 05:19:00+00:00 granularityM1
2023-02-14 00:20:04 process_candles:
       PAIR                      time    mid_c    mid_o   SL   TP   SPREAD      GAIN     LOSS  SIGNAL
26  EUR_GBP 2023-02-14 05:15:00+00:00  0.88388  0.88389  0.0  0.0  0.00019  0.000041  0.88388       0
27  EUR_GBP 2023-02-14 05:16:00+00:00  0.88386  0.88389  0.0  0.0  0.00019  0.000015  0.88386       0
28  EUR_GBP 2023-02-14 05:17:00+00:00  0.88390  0.88387  0.0  0.0  0.00023  0.000046  0.88390       0
29  EUR_GBP 2023-02-14 05:18:00+00:00  0.88396  0.88392  0.0  0.0  0.00025  0.000094  0.88396       0
30  EUR_GBP 2023-02-14 05:19:00+00:00  0.88389  0.88396  0.0  0.0  0.00020  0.000014  0.88389       0
2023-02-14 00:21:05 CandleManager() new candle:last_candle:23-02-14 05:20 is_ready:True
2023-02-14 00:21:06 tech_manager: max_rows:32 candle_time:2023-02-14 05:20:00+00:00 granularityM1
2023-02-14 00:21:06 process_candles:
       PAIR                      time    mid_c    mid_o   SL   TP   SPREAD      GAIN     LOSS  SIGNAL
26  EUR_GBP 2023-02-14 05:16:00+00:00  0.88386  0.88389  0.0  0.0  0.00019  0.000015  0.88386       0
27  EUR_GBP 2023-02-14 05:17:00+00:00  0.88390  0.88387  0.0  0.0  0.00023  0.000046  0.88390       0
28  EUR_GBP 2023-02-14 05:18:00+00:00  0.88396  0.88392  0.0  0.0  0.00025  0.000094  0.88396       0
29  EUR_GBP 2023-02-14 05:19:00+00:00  0.88389  0.88396  0.0  0.0  0.00020  0.000014  0.88389       0
30  EUR_GBP 2023-02-14 05:20:00+00:00  0.88393  0.88388  0.0  0.0  0.00020  0.000044  0.88393       0
2023-02-14 00:22:06 CandleManager() new candle:last_candle:23-02-14 05:21 is_ready:True
2023-02-14 00:22:07 tech_manager: max_rows:32 candle_time:2023-02-14 05:21:00+00:00 granularityM1
2023-02-14 00:22:07 process_candles:
       PAIR                      time    mid_c    mid_o   SL   TP   SPREAD      GAIN     LOSS  SIGNAL
26  EUR_GBP 2023-02-14 05:17:00+00:00  0.88390  0.88387  0.0  0.0  0.00023  0.000046  0.88390       0
27  EUR_GBP 2023-02-14 05:18:00+00:00  0.88396  0.88392  0.0  0.0  0.00025  0.000094  0.88396       0
28  EUR_GBP 2023-02-14 05:19:00+00:00  0.88389  0.88396  0.0  0.0  0.00020  0.000014  0.88389       0
29  EUR_GBP 2023-02-14 05:20:00+00:00  0.88393  0.88388  0.0  0.0  0.00020  0.000044  0.88393       0
30  EUR_GBP 2023-02-14 05:21:00+00:00  0.88396  0.88392  0.0  0.0  0.00022  0.000064  0.88396       0
2023-02-14 00:23:07 CandleManager() new candle:last_candle:23-02-14 05:22 is_ready:True
2023-02-14 00:23:08 tech_manager: max_rows:32 candle_time:2023-02-14 05:22:00+00:00 granularityM1
2023-02-14 00:23:08 process_candles:
       PAIR                      time    mid_c    mid_o   SL   TP   SPREAD      GAIN     LOSS  SIGNAL
26  EUR_GBP 2023-02-14 05:18:00+00:00  0.88396  0.88392  0.0  0.0  0.00025  0.000094  0.88396       0
27  EUR_GBP 2023-02-14 05:19:00+00:00  0.88389  0.88396  0.0  0.0  0.00020  0.000014  0.88389       0
28  EUR_GBP 2023-02-14 05:20:00+00:00  0.88393  0.88388  0.0  0.0  0.00020  0.000044  0.88393       0
29  EUR_GBP 2023-02-14 05:21:00+00:00  0.88396  0.88392  0.0  0.0  0.00022  0.000064  0.88396       0
30  EUR_GBP 2023-02-14 05:22:00+00:00  0.88394  0.88397  0.0  0.0  0.00020  0.000034  0.88394       0
2023-02-14 00:24:08 CandleManager() new candle:last_candle:23-02-14 05:23 is_ready:True
2023-02-14 00:24:09 tech_manager: max_rows:32 candle_time:2023-02-14 05:23:00+00:00 granularityM1
2023-02-14 00:24:09 process_candles:
       PAIR                      time    mid_c    mid_o   SL   TP   SPREAD      GAIN     LOSS  SIGNAL
26  EUR_GBP 2023-02-14 05:19:00+00:00  0.88389  0.88396  0.0  0.0  0.00020  0.000014  0.88389       0
27  EUR_GBP 2023-02-14 05:20:00+00:00  0.88393  0.88388  0.0  0.0  0.00020  0.000044  0.88393       0
28  EUR_GBP 2023-02-14 05:21:00+00:00  0.88396  0.88392  0.0  0.0  0.00022  0.000064  0.88396       0
29  EUR_GBP 2023-02-14 05:22:00+00:00  0.88394  0.88397  0.0  0.0  0.00020  0.000034  0.88394       0
30  EUR_GBP 2023-02-14 05:23:00+00:00  0.88393  0.88394  0.0  0.0  0.00022  0.000018  0.88393       0
2023-02-14 00:25:10 CandleManager() new candle:last_candle:23-02-14 05:24 is_ready:True
2023-02-14 00:25:10 tech_manager: max_rows:32 candle_time:2023-02-14 05:24:00+00:00 granularityM1
2023-02-14 00:25:10 process_candles:
       PAIR                      time    mid_c    mid_o   SL   TP   SPREAD      GAIN     LOSS  SIGNAL
26  EUR_GBP 2023-02-14 05:20:00+00:00  0.88393  0.88388  0.0  0.0  0.00020  0.000044  0.88393       0
27  EUR_GBP 2023-02-14 05:21:00+00:00  0.88396  0.88392  0.0  0.0  0.00022  0.000064  0.88396       0
28  EUR_GBP 2023-02-14 05:22:00+00:00  0.88394  0.88397  0.0  0.0  0.00020  0.000034  0.88394       0
29  EUR_GBP 2023-02-14 05:23:00+00:00  0.88393  0.88394  0.0  0.0  0.00022  0.000018  0.88393       0
30  EUR_GBP 2023-02-14 05:24:00+00:00  0.88393  0.88393  0.0  0.0  0.00026  0.000016  0.88393       0
2023-02-14 00:26:11 CandleManager() new candle:last_candle:23-02-14 05:25 is_ready:True
2023-02-14 00:26:11 tech_manager: max_rows:32 candle_time:2023-02-14 05:25:00+00:00 granularityM1
2023-02-14 00:26:11 process_candles:
       PAIR                      time    mid_c    mid_o   SL   TP   SPREAD      GAIN     LOSS  SIGNAL
26  EUR_GBP 2023-02-14 05:21:00+00:00  0.88396  0.88392  0.0  0.0  0.00022  0.000064  0.88396       0
27  EUR_GBP 2023-02-14 05:22:00+00:00  0.88394  0.88397  0.0  0.0  0.00020  0.000034  0.88394       0
28  EUR_GBP 2023-02-14 05:23:00+00:00  0.88393  0.88394  0.0  0.0  0.00022  0.000018  0.88393       0
29  EUR_GBP 2023-02-14 05:24:00+00:00  0.88393  0.88393  0.0  0.0  0.00026  0.000016  0.88393       0
30  EUR_GBP 2023-02-14 05:25:00+00:00  0.88392  0.88392  0.0  0.0  0.00024  0.000003  0.88392       0
2023-02-14 00:27:12 CandleManager() new candle:last_candle:23-02-14 05:26 is_ready:True
2023-02-14 00:27:12 tech_manager: max_rows:32 candle_time:2023-02-14 05:26:00+00:00 granularityM1
2023-02-14 00:27:12 process_candles:
       PAIR                      time    mid_c    mid_o   SL   TP   SPREAD      GAIN     LOSS  SIGNAL
26  EUR_GBP 2023-02-14 05:22:00+00:00  0.88394  0.88397  0.0  0.0  0.00020  0.000034  0.88394       0
27  EUR_GBP 2023-02-14 05:23:00+00:00  0.88393  0.88394  0.0  0.0  0.00022  0.000018  0.88393       0
28  EUR_GBP 2023-02-14 05:24:00+00:00  0.88393  0.88393  0.0  0.0  0.00026  0.000016  0.88393       0
29  EUR_GBP 2023-02-14 05:25:00+00:00  0.88392  0.88392  0.0  0.0  0.00024  0.000003  0.88392       0
30  EUR_GBP 2023-02-14 05:26:00+00:00  0.88394  0.88392  0.0  0.0  0.00023  0.000021  0.88394       0
2023-02-14 00:28:03 CandleManager() new candle:last_candle:23-02-14 05:27 is_ready:True
2023-02-14 00:28:03 tech_manager: max_rows:32 candle_time:2023-02-14 05:27:00+00:00 granularityM1
2023-02-14 00:28:03 process_candles:
       PAIR                      time    mid_c    mid_o   SL   TP   SPREAD      GAIN     LOSS  SIGNAL
26  EUR_GBP 2023-02-14 05:23:00+00:00  0.88393  0.88394  0.0  0.0  0.00022  0.000018  0.88393       0
27  EUR_GBP 2023-02-14 05:24:00+00:00  0.88393  0.88393  0.0  0.0  0.00026  0.000016  0.88393       0
28  EUR_GBP 2023-02-14 05:25:00+00:00  0.88392  0.88392  0.0  0.0  0.00024  0.000003  0.88392       0
29  EUR_GBP 2023-02-14 05:26:00+00:00  0.88394  0.88392  0.0  0.0  0.00023  0.000021  0.88394       0
30  EUR_GBP 2023-02-14 05:27:00+00:00  0.88394  0.88395  0.0  0.0  0.00023  0.000014  0.88394       0
2023-02-14 00:29:03 CandleManager() new candle:last_candle:23-02-14 05:28 is_ready:True
2023-02-14 00:29:04 tech_manager: max_rows:32 candle_time:2023-02-14 05:28:00+00:00 granularityM1
2023-02-14 00:29:04 process_candles:
       PAIR                      time    mid_c    mid_o   SL   TP   SPREAD      GAIN     LOSS  SIGNAL
26  EUR_GBP 2023-02-14 05:24:00+00:00  0.88393  0.88393  0.0  0.0  0.00026  0.000016  0.88393       0
27  EUR_GBP 2023-02-14 05:25:00+00:00  0.88392  0.88392  0.0  0.0  0.00024  0.000003  0.88392       0
28  EUR_GBP 2023-02-14 05:26:00+00:00  0.88394  0.88392  0.0  0.0  0.00023  0.000021  0.88394       0
29  EUR_GBP 2023-02-14 05:27:00+00:00  0.88394  0.88395  0.0  0.0  0.00023  0.000014  0.88394       0
30  EUR_GBP 2023-02-14 05:28:00+00:00  0.88392  0.88394  0.0  0.0  0.00023  0.000010  0.88392       0
2023-02-14 00:30:04 CandleManager() new candle:last_candle:23-02-14 05:29 is_ready:True
2023-02-14 00:30:05 tech_manager: max_rows:32 candle_time:2023-02-14 05:29:00+00:00 granularityM1
2023-02-14 00:30:05 process_candles:
       PAIR                      time    mid_c    mid_o   SL   TP   SPREAD      GAIN     LOSS  SIGNAL
27  EUR_GBP 2023-02-14 05:25:00+00:00  0.88392  0.88392  0.0  0.0  0.00024  0.000003  0.88392       0
28  EUR_GBP 2023-02-14 05:26:00+00:00  0.88394  0.88392  0.0  0.0  0.00023  0.000021  0.88394       0
29  EUR_GBP 2023-02-14 05:27:00+00:00  0.88394  0.88395  0.0  0.0  0.00023  0.000014  0.88394       0
30  EUR_GBP 2023-02-14 05:28:00+00:00  0.88392  0.88394  0.0  0.0  0.00023  0.000010  0.88392       0
31  EUR_GBP 2023-02-14 05:29:00+00:00  0.88388  0.88394  0.0  0.0  0.00019  0.000051  0.88388       0
2023-02-14 00:31:05 CandleManager() new candle:last_candle:23-02-14 05:30 is_ready:True
2023-02-14 00:31:06 tech_manager: max_rows:32 candle_time:2023-02-14 05:30:00+00:00 granularityM1
2023-02-14 00:31:06 process_candles:
       PAIR                      time    mid_c    mid_o   SL   TP   SPREAD      GAIN     LOSS  SIGNAL
27  EUR_GBP 2023-02-14 05:26:00+00:00  0.88394  0.88392  0.0  0.0  0.00023  0.000021  0.88394       0
28  EUR_GBP 2023-02-14 05:27:00+00:00  0.88394  0.88395  0.0  0.0  0.00023  0.000014  0.88394       0
29  EUR_GBP 2023-02-14 05:28:00+00:00  0.88392  0.88394  0.0  0.0  0.00023  0.000010  0.88392       0
30  EUR_GBP 2023-02-14 05:29:00+00:00  0.88388  0.88394  0.0  0.0  0.00019  0.000051  0.88388       0
31  EUR_GBP 2023-02-14 05:30:00+00:00  0.88388  0.88388  0.0  0.0  0.00017  0.000046  0.88388       0
