2023-02-13 23:15:06 LogWrapper init() ./logs/GBP_JPY.log
2023-02-13 23:15:06 {'n_ma': 12, 'n_std': 2.5, 'maxspread': 0.04, 'mingain': 0.14, 'riskreward': 1.5}
2023-02-13 23:15:06 CandleManager() init last_candle:last_candle:23-02-14 04:14 is_ready:False
2023-02-13 23:16:07 CandleManager() new candle:last_candle:23-02-14 04:15 is_ready:True
2023-02-13 23:16:07 tech_manager: max_rows:32 candle_time:2023-02-14 04:15:00+00:00 granularityM1
2023-02-13 23:16:07 process_candles:
       PAIR                      time    mid_c    mid_o   SL   TP  SPREAD      GAIN     LOSS  SIGNAL
26  GBP_JPY 2023-02-14 04:11:00+00:00  160.368  160.365  0.0  0.0   0.033  0.007556  160.368       0
27  GBP_JPY 2023-02-14 04:12:00+00:00  160.380  160.368  0.0  0.0   0.035  0.018667  160.380       0
28  GBP_JPY 2023-02-14 04:13:00+00:00  160.384  160.380  0.0  0.0   0.033  0.020667  160.384       0
29  GBP_JPY 2023-02-14 04:14:00+00:00  160.394  160.384  0.0  0.0   0.033  0.026278  160.394       0
30  GBP_JPY 2023-02-14 04:15:00+00:00  160.384  160.389  0.0  0.0   0.035  0.012417  160.384       0
2023-02-13 23:17:08 CandleManager() new candle:last_candle:23-02-14 04:16 is_ready:True
2023-02-13 23:17:08 tech_manager: max_rows:32 candle_time:2023-02-14 04:16:00+00:00 granularityM1
2023-02-13 23:17:08 process_candles:
       PAIR                      time    mid_c    mid_o   SL   TP  SPREAD      GAIN     LOSS  SIGNAL
27  GBP_JPY 2023-02-14 04:12:00+00:00  160.380  160.368  0.0  0.0   0.035  0.018667  160.380       0
28  GBP_JPY 2023-02-14 04:13:00+00:00  160.384  160.380  0.0  0.0   0.033  0.020667  160.384       0
29  GBP_JPY 2023-02-14 04:14:00+00:00  160.394  160.384  0.0  0.0   0.033  0.026278  160.394       0
30  GBP_JPY 2023-02-14 04:15:00+00:00  160.384  160.389  0.0  0.0   0.035  0.012417  160.384       0
31  GBP_JPY 2023-02-14 04:16:00+00:00  160.390  160.384  0.0  0.0   0.031  0.015167  160.390       0
2023-02-13 23:18:09 CandleManager() new candle:last_candle:23-02-14 04:17 is_ready:True
2023-02-13 23:18:10 tech_manager: max_rows:32 candle_time:2023-02-14 04:17:00+00:00 granularityM1
2023-02-13 23:18:10 process_candles:
       PAIR                      time    mid_c    mid_o   SL   TP  SPREAD      GAIN     LOSS  SIGNAL
26  GBP_JPY 2023-02-14 04:13:00+00:00  160.384  160.380  0.0  0.0   0.033  0.020667  160.384       0
27  GBP_JPY 2023-02-14 04:14:00+00:00  160.394  160.384  0.0  0.0   0.033  0.026278  160.394       0
28  GBP_JPY 2023-02-14 04:15:00+00:00  160.384  160.389  0.0  0.0   0.035  0.012417  160.384       0
29  GBP_JPY 2023-02-14 04:16:00+00:00  160.390  160.384  0.0  0.0   0.031  0.015167  160.390       0
30  GBP_JPY 2023-02-14 04:17:00+00:00  160.390  160.390  0.0  0.0   0.032  0.011833  160.390       0
2023-02-13 23:19:01 CandleManager() new candle:last_candle:23-02-14 04:18 is_ready:True
2023-02-13 23:19:01 tech_manager: max_rows:32 candle_time:2023-02-14 04:18:00+00:00 granularityM1
2023-02-13 23:19:01 process_candles:
       PAIR                      time    mid_c    mid_o   SL   TP  SPREAD      GAIN     LOSS  SIGNAL
26  GBP_JPY 2023-02-14 04:14:00+00:00  160.394  160.384  0.0  0.0   0.033  0.026278  160.394       0
27  GBP_JPY 2023-02-14 04:15:00+00:00  160.384  160.389  0.0  0.0   0.035  0.012417  160.384       0
28  GBP_JPY 2023-02-14 04:16:00+00:00  160.390  160.384  0.0  0.0   0.031  0.015167  160.390       0
29  GBP_JPY 2023-02-14 04:17:00+00:00  160.390  160.390  0.0  0.0   0.032  0.011833  160.390       0
30  GBP_JPY 2023-02-14 04:18:00+00:00  160.387  160.393  0.0  0.0   0.036  0.007417  160.387       0
2023-02-13 23:20:12 CandleManager() new candle:last_candle:23-02-14 04:19 is_ready:True
2023-02-13 23:20:12 tech_manager: max_rows:32 candle_time:2023-02-14 04:19:00+00:00 granularityM1
2023-02-13 23:20:12 process_candles:
       PAIR                      time    mid_c    mid_o   SL   TP  SPREAD      GAIN     LOSS  SIGNAL
26  GBP_JPY 2023-02-14 04:15:00+00:00  160.384  160.389  0.0  0.0   0.035  0.012417  160.384       0
27  GBP_JPY 2023-02-14 04:16:00+00:00  160.390  160.384  0.0  0.0   0.031  0.015167  160.390       0
28  GBP_JPY 2023-02-14 04:17:00+00:00  160.390  160.390  0.0  0.0   0.032  0.011833  160.390       0
29  GBP_JPY 2023-02-14 04:18:00+00:00  160.387  160.393  0.0  0.0   0.036  0.007417  160.387       0
30  GBP_JPY 2023-02-14 04:19:00+00:00  160.378  160.387  0.0  0.0   0.035  0.002083  160.378       0
2023-02-13 23:21:03 CandleManager() new candle:last_candle:23-02-14 04:20 is_ready:True
2023-02-13 23:21:03 tech_manager: max_rows:32 candle_time:2023-02-14 04:20:00+00:00 granularityM1
2023-02-13 23:21:03 process_candles:
       PAIR                      time    mid_c    mid_o   SL   TP  SPREAD      GAIN     LOSS  SIGNAL
26  GBP_JPY 2023-02-14 04:16:00+00:00  160.390  160.384  0.0  0.0   0.031  0.015167  160.390       0
27  GBP_JPY 2023-02-14 04:17:00+00:00  160.390  160.390  0.0  0.0   0.032  0.011833  160.390       0
28  GBP_JPY 2023-02-14 04:18:00+00:00  160.387  160.393  0.0  0.0   0.036  0.007417  160.387       0
29  GBP_JPY 2023-02-14 04:19:00+00:00  160.378  160.387  0.0  0.0   0.035  0.002083  160.378       0
30  GBP_JPY 2023-02-14 04:20:00+00:00  160.366  160.379  0.0  0.0   0.037  0.014472  160.366       0
2023-02-13 23:22:05 CandleManager() new candle:last_candle:23-02-14 04:21 is_ready:True
2023-02-13 23:22:05 tech_manager: max_rows:32 candle_time:2023-02-14 04:21:00+00:00 granularityM1
2023-02-13 23:22:05 process_candles:
       PAIR                      time    mid_c    mid_o   SL   TP  SPREAD      GAIN     LOSS  SIGNAL
26  GBP_JPY 2023-02-14 04:17:00+00:00  160.390  160.390  0.0  0.0   0.032  0.011833  160.390       0
27  GBP_JPY 2023-02-14 04:18:00+00:00  160.387  160.393  0.0  0.0   0.036  0.007417  160.387       0
28  GBP_JPY 2023-02-14 04:19:00+00:00  160.378  160.387  0.0  0.0   0.035  0.002083  160.378       0
29  GBP_JPY 2023-02-14 04:20:00+00:00  160.366  160.379  0.0  0.0   0.037  0.014472  160.366       0
30  GBP_JPY 2023-02-14 04:21:00+00:00  160.372  160.364  0.0  0.0   0.033  0.007833  160.372       0
2023-02-13 23:23:06 CandleManager() new candle:last_candle:23-02-14 04:22 is_ready:True
2023-02-13 23:23:06 tech_manager: max_rows:32 candle_time:2023-02-14 04:22:00+00:00 granularityM1
2023-02-13 23:23:06 process_candles:
       PAIR                      time    mid_c    mid_o   SL   TP  SPREAD      GAIN     LOSS  SIGNAL
26  GBP_JPY 2023-02-14 04:18:00+00:00  160.387  160.393  0.0  0.0   0.036  0.007417  160.387       0
27  GBP_JPY 2023-02-14 04:19:00+00:00  160.378  160.387  0.0  0.0   0.035  0.002083  160.378       0
28  GBP_JPY 2023-02-14 04:20:00+00:00  160.366  160.379  0.0  0.0   0.037  0.014472  160.366       0
29  GBP_JPY 2023-02-14 04:21:00+00:00  160.372  160.364  0.0  0.0   0.033  0.007833  160.372       0
30  GBP_JPY 2023-02-14 04:22:00+00:00  160.372  160.372  0.0  0.0   0.034  0.007972  160.372       0
2023-02-13 23:24:07 CandleManager() new candle:last_candle:23-02-14 04:23 is_ready:True
2023-02-13 23:24:07 tech_manager: max_rows:32 candle_time:2023-02-14 04:23:00+00:00 granularityM1
2023-02-13 23:24:07 process_candles:
       PAIR                      time    mid_c    mid_o   SL   TP  SPREAD      GAIN     LOSS  SIGNAL
26  GBP_JPY 2023-02-14 04:19:00+00:00  160.378  160.387  0.0  0.0   0.035  0.002083  160.378       0
27  GBP_JPY 2023-02-14 04:20:00+00:00  160.366  160.379  0.0  0.0   0.037  0.014472  160.366       0
28  GBP_JPY 2023-02-14 04:21:00+00:00  160.372  160.364  0.0  0.0   0.033  0.007833  160.372       0
29  GBP_JPY 2023-02-14 04:22:00+00:00  160.372  160.372  0.0  0.0   0.034  0.007972  160.372       0
30  GBP_JPY 2023-02-14 04:23:00+00:00  160.354  160.371  0.0  0.0   0.032  0.025278  160.354       0
2023-02-13 23:25:08 CandleManager() new candle:last_candle:23-02-14 04:24 is_ready:True
2023-02-13 23:25:09 tech_manager: max_rows:32 candle_time:2023-02-14 04:24:00+00:00 granularityM1
2023-02-13 23:25:09 process_candles:
       PAIR                      time    mid_c    mid_o   SL   TP  SPREAD      GAIN     LOSS  SIGNAL
26  GBP_JPY 2023-02-14 04:20:00+00:00  160.366  160.379  0.0  0.0   0.037  0.014472  160.366       0
27  GBP_JPY 2023-02-14 04:21:00+00:00  160.372  160.364  0.0  0.0   0.033  0.007833  160.372       0
28  GBP_JPY 2023-02-14 04:22:00+00:00  160.372  160.372  0.0  0.0   0.034  0.007972  160.372       0
29  GBP_JPY 2023-02-14 04:23:00+00:00  160.354  160.371  0.0  0.0   0.032  0.025278  160.354       0
30  GBP_JPY 2023-02-14 04:24:00+00:00  160.354  160.360  0.0  0.0   0.033  0.023528  160.354       0
2023-02-13 23:26:10 CandleManager() new candle:last_candle:23-02-14 04:25 is_ready:True
2023-02-13 23:26:10 tech_manager: max_rows:32 candle_time:2023-02-14 04:25:00+00:00 granularityM1
2023-02-13 23:26:10 process_candles:
       PAIR                      time    mid_c    mid_o   SL   TP  SPREAD      GAIN     LOSS  SIGNAL
26  GBP_JPY 2023-02-14 04:21:00+00:00  160.372  160.364  0.0  0.0   0.033  0.007833  160.372       0
27  GBP_JPY 2023-02-14 04:22:00+00:00  160.372  160.372  0.0  0.0   0.034  0.007972  160.372       0
28  GBP_JPY 2023-02-14 04:23:00+00:00  160.354  160.371  0.0  0.0   0.032  0.025278  160.354       0
29  GBP_JPY 2023-02-14 04:24:00+00:00  160.354  160.360  0.0  0.0   0.033  0.023528  160.354       0
30  GBP_JPY 2023-02-14 04:25:00+00:00  160.369  160.351  0.0  0.0   0.034  0.006861  160.369       0
2023-02-13 23:27:01 CandleManager() new candle:last_candle:23-02-14 04:26 is_ready:True
2023-02-13 23:27:01 tech_manager: max_rows:32 candle_time:2023-02-14 04:26:00+00:00 granularityM1
2023-02-13 23:27:01 process_candles:
       PAIR                      time    mid_c    mid_o   SL   TP  SPREAD      GAIN     LOSS  SIGNAL
26  GBP_JPY 2023-02-14 04:22:00+00:00  160.372  160.372  0.0  0.0   0.034  0.007972  160.372       0
27  GBP_JPY 2023-02-14 04:23:00+00:00  160.354  160.371  0.0  0.0   0.032  0.025278  160.354       0
28  GBP_JPY 2023-02-14 04:24:00+00:00  160.354  160.360  0.0  0.0   0.033  0.023528  160.354       0
29  GBP_JPY 2023-02-14 04:25:00+00:00  160.369  160.351  0.0  0.0   0.034  0.006861  160.369       0
30  GBP_JPY 2023-02-14 04:26:00+00:00  160.356  160.370  0.0  0.0   0.036  0.016861  160.356       0
2023-02-13 23:28:02 CandleManager() new candle:last_candle:23-02-14 04:27 is_ready:True
2023-02-13 23:28:03 tech_manager: max_rows:32 candle_time:2023-02-14 04:27:00+00:00 granularityM1
2023-02-13 23:28:03 process_candles:
       PAIR                      time    mid_c    mid_o   SL   TP  SPREAD      GAIN     LOSS  SIGNAL
26  GBP_JPY 2023-02-14 04:23:00+00:00  160.354  160.371  0.0  0.0   0.032  0.025278  160.354       0
27  GBP_JPY 2023-02-14 04:24:00+00:00  160.354  160.360  0.0  0.0   0.033  0.023528  160.354       0
28  GBP_JPY 2023-02-14 04:25:00+00:00  160.369  160.351  0.0  0.0   0.034  0.006861  160.369       0
29  GBP_JPY 2023-02-14 04:26:00+00:00  160.356  160.370  0.0  0.0   0.036  0.016861  160.356       0
30  GBP_JPY 2023-02-14 04:27:00+00:00  160.379  160.354  0.0  0.0   0.042  0.007444  160.379       0
2023-02-13 23:29:04 CandleManager() new candle:last_candle:23-02-14 04:28 is_ready:True
2023-02-13 23:29:04 tech_manager: max_rows:32 candle_time:2023-02-14 04:28:00+00:00 granularityM1
2023-02-13 23:29:04 process_candles:
       PAIR                      time    mid_c    mid_o   SL   TP  SPREAD      GAIN     LOSS  SIGNAL
26  GBP_JPY 2023-02-14 04:24:00+00:00  160.354  160.360  0.0  0.0   0.033  0.023528  160.354       0
27  GBP_JPY 2023-02-14 04:25:00+00:00  160.369  160.351  0.0  0.0   0.034  0.006861  160.369       0
28  GBP_JPY 2023-02-14 04:26:00+00:00  160.356  160.370  0.0  0.0   0.036  0.016861  160.356       0
29  GBP_JPY 2023-02-14 04:27:00+00:00  160.379  160.354  0.0  0.0   0.042  0.007444  160.379       0
30  GBP_JPY 2023-02-14 04:28:00+00:00  160.397  160.384  0.0  0.0   0.038  0.025250  160.397       0
2023-02-13 23:30:05 CandleManager() new candle:last_candle:23-02-14 04:29 is_ready:True
2023-02-13 23:30:05 tech_manager: max_rows:32 candle_time:2023-02-14 04:29:00+00:00 granularityM1
2023-02-13 23:30:05 process_candles:
       PAIR                      time    mid_c    mid_o   SL   TP  SPREAD      GAIN     LOSS  SIGNAL
26  GBP_JPY 2023-02-14 04:25:00+00:00  160.369  160.351  0.0  0.0   0.034  0.006861  160.369       0
27  GBP_JPY 2023-02-14 04:26:00+00:00  160.356  160.370  0.0  0.0   0.036  0.016861  160.356       0
28  GBP_JPY 2023-02-14 04:27:00+00:00  160.379  160.354  0.0  0.0   0.042  0.007444  160.379       0
29  GBP_JPY 2023-02-14 04:28:00+00:00  160.397  160.384  0.0  0.0   0.038  0.025250  160.397       0
30  GBP_JPY 2023-02-14 04:29:00+00:00  160.386  160.397  0.0  0.0   0.037  0.014639  160.386       0
2023-02-13 23:31:06 CandleManager() new candle:last_candle:23-02-14 04:30 is_ready:True
2023-02-13 23:31:06 tech_manager: max_rows:32 candle_time:2023-02-14 04:30:00+00:00 granularityM1
2023-02-13 23:31:06 process_candles:
       PAIR                      time    mid_c    mid_o   SL   TP  SPREAD      GAIN     LOSS  SIGNAL
26  GBP_JPY 2023-02-14 04:26:00+00:00  160.356  160.370  0.0  0.0   0.036  0.016861  160.356       0
27  GBP_JPY 2023-02-14 04:27:00+00:00  160.379  160.354  0.0  0.0   0.042  0.007444  160.379       0
28  GBP_JPY 2023-02-14 04:28:00+00:00  160.397  160.384  0.0  0.0   0.038  0.025250  160.397       0
29  GBP_JPY 2023-02-14 04:29:00+00:00  160.386  160.397  0.0  0.0   0.037  0.014639  160.386       0
30  GBP_JPY 2023-02-14 04:30:00+00:00  160.382  160.384  0.0  0.0   0.039  0.011111  160.382       0
2023-02-13 23:32:08 CandleManager() new candle:last_candle:23-02-14 04:31 is_ready:True
2023-02-13 23:32:08 tech_manager: max_rows:32 candle_time:2023-02-14 04:31:00+00:00 granularityM1
2023-02-13 23:32:08 process_candles:
       PAIR                      time    mid_c    mid_o   SL   TP  SPREAD      GAIN     LOSS  SIGNAL
26  GBP_JPY 2023-02-14 04:27:00+00:00  160.379  160.354  0.0  0.0   0.042  0.007444  160.379       0
27  GBP_JPY 2023-02-14 04:28:00+00:00  160.397  160.384  0.0  0.0   0.038  0.025250  160.397       0
28  GBP_JPY 2023-02-14 04:29:00+00:00  160.386  160.397  0.0  0.0   0.037  0.014639  160.386       0
29  GBP_JPY 2023-02-14 04:30:00+00:00  160.382  160.384  0.0  0.0   0.039  0.011111  160.382       0
30  GBP_JPY 2023-02-14 04:31:00+00:00  160.370  160.380  0.0  0.0   0.035  0.000111  160.370       0
2023-02-13 23:33:09 CandleManager() new candle:last_candle:23-02-14 04:32 is_ready:True
2023-02-13 23:33:09 tech_manager: max_rows:32 candle_time:2023-02-14 04:32:00+00:00 granularityM1
2023-02-13 23:33:09 process_candles:
       PAIR                      time    mid_c    mid_o   SL   TP  SPREAD      GAIN     LOSS  SIGNAL
26  GBP_JPY 2023-02-14 04:28:00+00:00  160.397  160.384  0.0  0.0   0.038  0.025250  160.397       0
27  GBP_JPY 2023-02-14 04:29:00+00:00  160.386  160.397  0.0  0.0   0.037  0.014639  160.386       0
28  GBP_JPY 2023-02-14 04:30:00+00:00  160.382  160.384  0.0  0.0   0.039  0.011111  160.382       0
29  GBP_JPY 2023-02-14 04:31:00+00:00  160.370  160.380  0.0  0.0   0.035  0.000111  160.370       0
30  GBP_JPY 2023-02-14 04:32:00+00:00  160.368  160.371  0.0  0.0   0.035  0.001694  160.368       0
2023-02-13 23:34:00 CandleManager() new candle:last_candle:23-02-14 04:33 is_ready:True
2023-02-13 23:34:00 tech_manager: max_rows:32 candle_time:2023-02-14 04:33:00+00:00 granularityM1
2023-02-13 23:34:00 process_candles:
       PAIR                      time    mid_c    mid_o   SL   TP  SPREAD      GAIN     LOSS  SIGNAL
26  GBP_JPY 2023-02-14 04:29:00+00:00  160.386  160.397  0.0  0.0   0.037  0.014639  160.386       0
27  GBP_JPY 2023-02-14 04:30:00+00:00  160.382  160.384  0.0  0.0   0.039  0.011111  160.382       0
28  GBP_JPY 2023-02-14 04:31:00+00:00  160.370  160.380  0.0  0.0   0.035  0.000111  160.370       0
29  GBP_JPY 2023-02-14 04:32:00+00:00  160.368  160.371  0.0  0.0   0.035  0.001694  160.368       0
30  GBP_JPY 2023-02-14 04:33:00+00:00  160.374  160.367  0.0  0.0   0.041  0.003750  160.374       0
2023-02-13 23:35:01 CandleManager() new candle:last_candle:23-02-14 04:34 is_ready:True
2023-02-13 23:35:02 tech_manager: max_rows:32 candle_time:2023-02-14 04:34:00+00:00 granularityM1
2023-02-13 23:35:02 process_candles:
       PAIR                      time    mid_c    mid_o   SL   TP  SPREAD      GAIN     LOSS  SIGNAL
26  GBP_JPY 2023-02-14 04:30:00+00:00  160.382  160.384  0.0  0.0   0.039  0.011111  160.382       0
27  GBP_JPY 2023-02-14 04:31:00+00:00  160.370  160.380  0.0  0.0   0.035  0.000111  160.370       0
28  GBP_JPY 2023-02-14 04:32:00+00:00  160.368  160.371  0.0  0.0   0.035  0.001694  160.368       0
29  GBP_JPY 2023-02-14 04:33:00+00:00  160.374  160.367  0.0  0.0   0.041  0.003750  160.374       0
30  GBP_JPY 2023-02-14 04:34:00+00:00  160.368  160.378  0.0  0.0   0.039  0.002444  160.368       0
2023-02-13 23:36:03 CandleManager() new candle:last_candle:23-02-14 04:35 is_ready:True
2023-02-13 23:36:03 tech_manager: max_rows:32 candle_time:2023-02-14 04:35:00+00:00 granularityM1
2023-02-13 23:36:03 process_candles:
       PAIR                      time    mid_c    mid_o   SL   TP  SPREAD      GAIN     LOSS  SIGNAL
26  GBP_JPY 2023-02-14 04:31:00+00:00  160.370  160.380  0.0  0.0   0.035  0.000111  160.370       0
27  GBP_JPY 2023-02-14 04:32:00+00:00  160.368  160.371  0.0  0.0   0.035  0.001694  160.368       0
28  GBP_JPY 2023-02-14 04:33:00+00:00  160.374  160.367  0.0  0.0   0.041  0.003750  160.374       0
29  GBP_JPY 2023-02-14 04:34:00+00:00  160.368  160.378  0.0  0.0   0.039  0.002444  160.368       0
30  GBP_JPY 2023-02-14 04:35:00+00:00  160.368  160.368  0.0  0.0   0.031  0.003278  160.368       0
2023-02-13 23:37:04 CandleManager() new candle:last_candle:23-02-14 04:36 is_ready:True
2023-02-13 23:37:04 tech_manager: max_rows:32 candle_time:2023-02-14 04:36:00+00:00 granularityM1
2023-02-13 23:37:04 process_candles:
       PAIR                      time    mid_c    mid_o   SL   TP  SPREAD      GAIN     LOSS  SIGNAL
26  GBP_JPY 2023-02-14 04:32:00+00:00  160.368  160.371  0.0  0.0   0.035  0.001694  160.368       0
27  GBP_JPY 2023-02-14 04:33:00+00:00  160.374  160.367  0.0  0.0   0.041  0.003750  160.374       0
28  GBP_JPY 2023-02-14 04:34:00+00:00  160.368  160.378  0.0  0.0   0.039  0.002444  160.368       0
29  GBP_JPY 2023-02-14 04:35:00+00:00  160.368  160.368  0.0  0.0   0.031  0.003278  160.368       0
30  GBP_JPY 2023-02-14 04:36:00+00:00  160.372  160.370  0.0  0.0   0.031  0.000694  160.372       0
2023-02-13 23:38:05 CandleManager() new candle:last_candle:23-02-14 04:37 is_ready:True
2023-02-13 23:38:05 tech_manager: max_rows:32 candle_time:2023-02-14 04:37:00+00:00 granularityM1
2023-02-13 23:38:05 process_candles:
       PAIR                      time    mid_c    mid_o   SL   TP  SPREAD      GAIN     LOSS  SIGNAL
26  GBP_JPY 2023-02-14 04:33:00+00:00  160.374  160.367  0.0  0.0   0.041  0.003750  160.374       0
27  GBP_JPY 2023-02-14 04:34:00+00:00  160.368  160.378  0.0  0.0   0.039  0.002444  160.368       0
28  GBP_JPY 2023-02-14 04:35:00+00:00  160.368  160.368  0.0  0.0   0.031  0.003278  160.368       0
29  GBP_JPY 2023-02-14 04:36:00+00:00  160.372  160.370  0.0  0.0   0.031  0.000694  160.372       0
30  GBP_JPY 2023-02-14 04:37:00+00:00  160.368  160.370  0.0  0.0   0.031  0.005250  160.368       0
2023-02-13 23:39:07 CandleManager() new candle:last_candle:23-02-14 04:38 is_ready:True
2023-02-13 23:39:07 tech_manager: max_rows:32 candle_time:2023-02-14 04:38:00+00:00 granularityM1
2023-02-13 23:39:07 process_candles:
       PAIR                      time    mid_c    mid_o   SL   TP  SPREAD      GAIN     LOSS  SIGNAL
26  GBP_JPY 2023-02-14 04:34:00+00:00  160.368  160.378  0.0  0.0   0.039  0.002444  160.368       0
27  GBP_JPY 2023-02-14 04:35:00+00:00  160.368  160.368  0.0  0.0   0.031  0.003278  160.368       0
28  GBP_JPY 2023-02-14 04:36:00+00:00  160.372  160.370  0.0  0.0   0.031  0.000694  160.372       0
29  GBP_JPY 2023-02-14 04:37:00+00:00  160.368  160.370  0.0  0.0   0.031  0.005250  160.368       0
30  GBP_JPY 2023-02-14 04:38:00+00:00  160.348  160.368  0.0  0.0   0.037  0.025278  160.348       0
2023-02-13 23:40:08 CandleManager() new candle:last_candle:23-02-14 04:39 is_ready:True
2023-02-13 23:40:08 tech_manager: max_rows:32 candle_time:2023-02-14 04:39:00+00:00 granularityM1
2023-02-13 23:40:08 process_candles:
       PAIR                      time    mid_c    mid_o   SL   TP  SPREAD      GAIN     LOSS  SIGNAL
26  GBP_JPY 2023-02-14 04:35:00+00:00  160.368  160.368  0.0  0.0   0.031  0.003278  160.368       0
27  GBP_JPY 2023-02-14 04:36:00+00:00  160.372  160.370  0.0  0.0   0.031  0.000694  160.372       0
28  GBP_JPY 2023-02-14 04:37:00+00:00  160.368  160.370  0.0  0.0   0.031  0.005250  160.368       0
29  GBP_JPY 2023-02-14 04:38:00+00:00  160.348  160.368  0.0  0.0   0.037  0.025278  160.348       0
30  GBP_JPY 2023-02-14 04:39:00+00:00  160.341  160.348  0.0  0.0   0.030  0.029722  160.341       0
2023-02-13 23:41:09 CandleManager() new candle:last_candle:23-02-14 04:40 is_ready:True
2023-02-13 23:41:10 tech_manager: max_rows:32 candle_time:2023-02-14 04:40:00+00:00 granularityM1
2023-02-13 23:41:10 process_candles:
       PAIR                      time    mid_c    mid_o   SL   TP  SPREAD      GAIN     LOSS  SIGNAL
26  GBP_JPY 2023-02-14 04:36:00+00:00  160.372  160.370  0.0  0.0   0.031  0.000694  160.372       0
27  GBP_JPY 2023-02-14 04:37:00+00:00  160.368  160.370  0.0  0.0   0.031  0.005250  160.368       0
28  GBP_JPY 2023-02-14 04:38:00+00:00  160.348  160.368  0.0  0.0   0.037  0.025278  160.348       0
29  GBP_JPY 2023-02-14 04:39:00+00:00  160.341  160.348  0.0  0.0   0.030  0.029722  160.341       0
30  GBP_JPY 2023-02-14 04:40:00+00:00  160.344  160.340  0.0  0.0   0.033  0.023417  160.344       0
2023-02-13 23:42:00 CandleManager() new candle:last_candle:23-02-14 04:41 is_ready:True
2023-02-13 23:42:01 tech_manager: max_rows:32 candle_time:2023-02-14 04:41:00+00:00 granularityM1
2023-02-13 23:42:01 process_candles:
       PAIR                      time    mid_c    mid_o   SL   TP  SPREAD      GAIN     LOSS  SIGNAL
26  GBP_JPY 2023-02-14 04:37:00+00:00  160.368  160.370  0.0  0.0   0.031  0.005250  160.368       0
27  GBP_JPY 2023-02-14 04:38:00+00:00  160.348  160.368  0.0  0.0   0.037  0.025278  160.348       0
28  GBP_JPY 2023-02-14 04:39:00+00:00  160.341  160.348  0.0  0.0   0.030  0.029722  160.341       0
29  GBP_JPY 2023-02-14 04:40:00+00:00  160.344  160.340  0.0  0.0   0.033  0.023417  160.344       0
30  GBP_JPY 2023-02-14 04:41:00+00:00  160.336  160.344  0.0  0.0   0.031  0.027528  160.336       0
2023-02-13 23:43:12 CandleManager() new candle:last_candle:23-02-14 04:42 is_ready:True
2023-02-13 23:43:12 tech_manager: max_rows:32 candle_time:2023-02-14 04:42:00+00:00 granularityM1
2023-02-13 23:43:12 process_candles:
       PAIR                      time    mid_c    mid_o   SL   TP  SPREAD      GAIN     LOSS  SIGNAL
26  GBP_JPY 2023-02-14 04:38:00+00:00  160.348  160.368  0.0  0.0   0.037  0.025278  160.348       0
27  GBP_JPY 2023-02-14 04:39:00+00:00  160.341  160.348  0.0  0.0   0.030  0.029722  160.341       0
28  GBP_JPY 2023-02-14 04:40:00+00:00  160.344  160.340  0.0  0.0   0.033  0.023417  160.344       0
29  GBP_JPY 2023-02-14 04:41:00+00:00  160.336  160.344  0.0  0.0   0.031  0.027528  160.336       0
30  GBP_JPY 2023-02-14 04:42:00+00:00  160.342  160.337  0.0  0.0   0.029  0.018056  160.342       0
2023-02-13 23:44:03 CandleManager() new candle:last_candle:23-02-14 04:43 is_ready:True
2023-02-13 23:44:03 tech_manager: max_rows:32 candle_time:2023-02-14 04:43:00+00:00 granularityM1
2023-02-13 23:44:03 process_candles:
       PAIR                      time    mid_c    mid_o   SL   TP  SPREAD      GAIN     LOSS  SIGNAL
26  GBP_JPY 2023-02-14 04:39:00+00:00  160.341  160.348  0.0  0.0   0.030  0.029722  160.341       0
27  GBP_JPY 2023-02-14 04:40:00+00:00  160.344  160.340  0.0  0.0   0.033  0.023417  160.344       0
28  GBP_JPY 2023-02-14 04:41:00+00:00  160.336  160.344  0.0  0.0   0.031  0.027528  160.336       0
29  GBP_JPY 2023-02-14 04:42:00+00:00  160.342  160.337  0.0  0.0   0.029  0.018056  160.342       0
30  GBP_JPY 2023-02-14 04:43:00+00:00  160.339  160.334  0.0  0.0   0.028  0.018194  160.339       0
2023-02-13 23:45:04 CandleManager() new candle:last_candle:23-02-14 04:44 is_ready:True
2023-02-13 23:45:04 tech_manager: max_rows:32 candle_time:2023-02-14 04:44:00+00:00 granularityM1
2023-02-13 23:45:04 process_candles:
       PAIR                      time    mid_c    mid_o   SL   TP  SPREAD      GAIN     LOSS  SIGNAL
26  GBP_JPY 2023-02-14 04:40:00+00:00  160.344  160.340  0.0  0.0   0.033  0.023417  160.344       0
27  GBP_JPY 2023-02-14 04:41:00+00:00  160.336  160.344  0.0  0.0   0.031  0.027528  160.336       0
28  GBP_JPY 2023-02-14 04:42:00+00:00  160.342  160.337  0.0  0.0   0.029  0.018056  160.342       0
29  GBP_JPY 2023-02-14 04:43:00+00:00  160.339  160.334  0.0  0.0   0.028  0.018194  160.339       0
30  GBP_JPY 2023-02-14 04:44:00+00:00  160.344  160.340  0.0  0.0   0.027  0.011333  160.344       0
2023-02-13 23:46:05 CandleManager() new candle:last_candle:23-02-14 04:45 is_ready:True
2023-02-13 23:46:05 tech_manager: max_rows:32 candle_time:2023-02-14 04:45:00+00:00 granularityM1
2023-02-13 23:46:05 process_candles:
       PAIR                      time    mid_c    mid_o   SL   TP  SPREAD      GAIN     LOSS  SIGNAL
26  GBP_JPY 2023-02-14 04:41:00+00:00  160.336  160.344  0.0  0.0   0.031  0.027528  160.336       0
27  GBP_JPY 2023-02-14 04:42:00+00:00  160.342  160.337  0.0  0.0   0.029  0.018056  160.342       0
28  GBP_JPY 2023-02-14 04:43:00+00:00  160.339  160.334  0.0  0.0   0.028  0.018194  160.339       0
29  GBP_JPY 2023-02-14 04:44:00+00:00  160.344  160.340  0.0  0.0   0.027  0.011333  160.344       0
30  GBP_JPY 2023-02-14 04:45:00+00:00  160.336  160.346  0.0  0.0   0.031  0.016222  160.336       0
2023-02-13 23:47:06 CandleManager() new candle:last_candle:23-02-14 04:46 is_ready:True
2023-02-13 23:47:06 tech_manager: max_rows:32 candle_time:2023-02-14 04:46:00+00:00 granularityM1
2023-02-13 23:47:06 process_candles:
       PAIR                      time    mid_c    mid_o   SL   TP  SPREAD      GAIN     LOSS  SIGNAL
26  GBP_JPY 2023-02-14 04:42:00+00:00  160.342  160.337  0.0  0.0   0.029  0.018056  160.342       0
27  GBP_JPY 2023-02-14 04:43:00+00:00  160.339  160.334  0.0  0.0   0.028  0.018194  160.339       0
28  GBP_JPY 2023-02-14 04:44:00+00:00  160.344  160.340  0.0  0.0   0.027  0.011333  160.344       0
29  GBP_JPY 2023-02-14 04:45:00+00:00  160.336  160.346  0.0  0.0   0.031  0.016222  160.336       0
30  GBP_JPY 2023-02-14 04:46:00+00:00  160.334  160.334  0.0  0.0   0.034  0.014917  160.334       0
2023-02-13 23:48:07 CandleManager() new candle:last_candle:23-02-14 04:47 is_ready:True
2023-02-13 23:48:08 tech_manager: max_rows:32 candle_time:2023-02-14 04:47:00+00:00 granularityM1
2023-02-13 23:48:08 process_candles:
       PAIR                      time    mid_c    mid_o   SL   TP  SPREAD      GAIN     LOSS  SIGNAL
26  GBP_JPY 2023-02-14 04:43:00+00:00  160.339  160.334  0.0  0.0   0.028  0.018194  160.339       0
27  GBP_JPY 2023-02-14 04:44:00+00:00  160.344  160.340  0.0  0.0   0.027  0.011333  160.344       0
28  GBP_JPY 2023-02-14 04:45:00+00:00  160.336  160.346  0.0  0.0   0.031  0.016222  160.336       0
29  GBP_JPY 2023-02-14 04:46:00+00:00  160.334  160.334  0.0  0.0   0.034  0.014917  160.334       0
30  GBP_JPY 2023-02-14 04:47:00+00:00  160.334  160.334  0.0  0.0   0.031  0.011750  160.334       0
2023-02-13 23:49:08 CandleManager() new candle:last_candle:23-02-14 04:48 is_ready:True
2023-02-13 23:49:09 tech_manager: max_rows:32 candle_time:2023-02-14 04:48:00+00:00 granularityM1
2023-02-13 23:49:09 process_candles:
       PAIR                      time    mid_c    mid_o   SL   TP  SPREAD      GAIN     LOSS  SIGNAL
26  GBP_JPY 2023-02-14 04:44:00+00:00  160.344  160.340  0.0  0.0   0.027  0.011333  160.344       0
27  GBP_JPY 2023-02-14 04:45:00+00:00  160.336  160.346  0.0  0.0   0.031  0.016222  160.336       0
28  GBP_JPY 2023-02-14 04:46:00+00:00  160.334  160.334  0.0  0.0   0.034  0.014917  160.334       0
29  GBP_JPY 2023-02-14 04:47:00+00:00  160.334  160.334  0.0  0.0   0.031  0.011750  160.334       0
30  GBP_JPY 2023-02-14 04:48:00+00:00  160.338  160.336  0.0  0.0   0.031  0.004944  160.338       0
2023-02-13 23:50:00 CandleManager() new candle:last_candle:23-02-14 04:49 is_ready:True
2023-02-13 23:50:00 tech_manager: max_rows:32 candle_time:2023-02-14 04:49:00+00:00 granularityM1
2023-02-13 23:50:00 process_candles:
       PAIR                      time    mid_c    mid_o   SL   TP  SPREAD      GAIN     LOSS  SIGNAL
27  GBP_JPY 2023-02-14 04:45:00+00:00  160.336  160.346  0.0  0.0   0.031  0.016222  160.336       0
28  GBP_JPY 2023-02-14 04:46:00+00:00  160.334  160.334  0.0  0.0   0.034  0.014917  160.334       0
29  GBP_JPY 2023-02-14 04:47:00+00:00  160.334  160.334  0.0  0.0   0.031  0.011750  160.334       0
30  GBP_JPY 2023-02-14 04:48:00+00:00  160.338  160.336  0.0  0.0   0.031  0.004944  160.338       0
31  GBP_JPY 2023-02-14 04:49:00+00:00  160.338  160.338  0.0  0.0   0.027  0.001889  160.338       0
2023-02-13 23:51:01 CandleManager() new candle:last_candle:23-02-14 04:50 is_ready:True
2023-02-13 23:51:01 tech_manager: max_rows:32 candle_time:2023-02-14 04:50:00+00:00 granularityM1
2023-02-13 23:51:01 process_candles:
       PAIR                      time    mid_c    mid_o   SL   TP  SPREAD      GAIN     LOSS  SIGNAL
26  GBP_JPY 2023-02-14 04:46:00+00:00  160.334  160.334  0.0  0.0   0.034  0.014917  160.334       0
27  GBP_JPY 2023-02-14 04:47:00+00:00  160.334  160.334  0.0  0.0   0.031  0.011750  160.334       0
28  GBP_JPY 2023-02-14 04:48:00+00:00  160.338  160.336  0.0  0.0   0.031  0.004944  160.338       0
29  GBP_JPY 2023-02-14 04:49:00+00:00  160.338  160.338  0.0  0.0   0.027  0.001889  160.338       0
30  GBP_JPY 2023-02-14 04:50:00+00:00  160.354  160.336  0.0  0.0   0.033  0.014639  160.354       0
2023-02-13 23:52:02 CandleManager() new candle:last_candle:23-02-14 04:51 is_ready:True
2023-02-13 23:52:02 tech_manager: max_rows:32 candle_time:2023-02-14 04:51:00+00:00 granularityM1
2023-02-13 23:52:03 process_candles:
       PAIR                      time    mid_c    mid_o   SL   TP  SPREAD      GAIN     LOSS  SIGNAL
26  GBP_JPY 2023-02-14 04:47:00+00:00  160.334  160.334  0.0  0.0   0.031  0.011750  160.334       0
27  GBP_JPY 2023-02-14 04:48:00+00:00  160.338  160.336  0.0  0.0   0.031  0.004944  160.338       0
28  GBP_JPY 2023-02-14 04:49:00+00:00  160.338  160.338  0.0  0.0   0.027  0.001889  160.338       0
29  GBP_JPY 2023-02-14 04:50:00+00:00  160.354  160.336  0.0  0.0   0.033  0.014639  160.354       0
30  GBP_JPY 2023-02-14 04:51:00+00:00  160.338  160.358  0.0  0.0   0.032  0.001611  160.338       0
2023-02-13 23:53:14 CandleManager() new candle:last_candle:23-02-14 04:52 is_ready:True
2023-02-13 23:53:14 tech_manager: max_rows:32 candle_time:2023-02-14 04:52:00+00:00 granularityM1
2023-02-13 23:53:14 process_candles:
       PAIR                      time    mid_c    mid_o   SL   TP  SPREAD      GAIN     LOSS  SIGNAL
26  GBP_JPY 2023-02-14 04:48:00+00:00  160.338  160.336  0.0  0.0   0.031  0.004944  160.338       0
27  GBP_JPY 2023-02-14 04:49:00+00:00  160.338  160.338  0.0  0.0   0.027  0.001889  160.338       0
28  GBP_JPY 2023-02-14 04:50:00+00:00  160.354  160.336  0.0  0.0   0.033  0.014639  160.354       0
29  GBP_JPY 2023-02-14 04:51:00+00:00  160.338  160.358  0.0  0.0   0.032  0.001611  160.338       0
30  GBP_JPY 2023-02-14 04:52:00+00:00  160.324  160.336  0.0  0.0   0.033  0.013444  160.324       0
2023-02-13 23:54:05 CandleManager() new candle:last_candle:23-02-14 04:53 is_ready:True
2023-02-13 23:54:05 tech_manager: max_rows:32 candle_time:2023-02-14 04:53:00+00:00 granularityM1
2023-02-13 23:54:05 process_candles:
       PAIR                      time    mid_c    mid_o   SL   TP  SPREAD      GAIN     LOSS  SIGNAL
26  GBP_JPY 2023-02-14 04:49:00+00:00  160.338  160.338  0.0  0.0   0.027  0.001889  160.338       0
27  GBP_JPY 2023-02-14 04:50:00+00:00  160.354  160.336  0.0  0.0   0.033  0.014639  160.354       0
28  GBP_JPY 2023-02-14 04:51:00+00:00  160.338  160.358  0.0  0.0   0.032  0.001611  160.338       0
29  GBP_JPY 2023-02-14 04:52:00+00:00  160.324  160.336  0.0  0.0   0.033  0.013444  160.324       0
30  GBP_JPY 2023-02-14 04:53:00+00:00  160.314  160.324  0.0  0.0   0.033  0.021333  160.314       0
2023-02-13 23:55:06 CandleManager() new candle:last_candle:23-02-14 04:54 is_ready:True
2023-02-13 23:55:06 tech_manager: max_rows:32 candle_time:2023-02-14 04:54:00+00:00 granularityM1
2023-02-13 23:55:06 process_candles:
       PAIR                      time    mid_c    mid_o   SL   TP  SPREAD      GAIN     LOSS  SIGNAL
26  GBP_JPY 2023-02-14 04:50:00+00:00  160.354  160.336  0.0  0.0   0.033  0.014639  160.354       0
27  GBP_JPY 2023-02-14 04:51:00+00:00  160.338  160.358  0.0  0.0   0.032  0.001611  160.338       0
28  GBP_JPY 2023-02-14 04:52:00+00:00  160.324  160.336  0.0  0.0   0.033  0.013444  160.324       0
29  GBP_JPY 2023-02-14 04:53:00+00:00  160.314  160.324  0.0  0.0   0.033  0.021333  160.314       0
30  GBP_JPY 2023-02-14 04:54:00+00:00  160.312  160.314  0.0  0.0   0.037  0.020889  160.312       0
2023-02-13 23:56:07 CandleManager() new candle:last_candle:23-02-14 04:55 is_ready:True
2023-02-13 23:56:07 tech_manager: max_rows:32 candle_time:2023-02-14 04:55:00+00:00 granularityM1
2023-02-13 23:56:07 process_candles:
       PAIR                      time    mid_c    mid_o   SL   TP  SPREAD      GAIN     LOSS  SIGNAL
26  GBP_JPY 2023-02-14 04:51:00+00:00  160.338  160.358  0.0  0.0   0.032  0.001611  160.338       0
27  GBP_JPY 2023-02-14 04:52:00+00:00  160.324  160.336  0.0  0.0   0.033  0.013444  160.324       0
28  GBP_JPY 2023-02-14 04:53:00+00:00  160.314  160.324  0.0  0.0   0.033  0.021333  160.314       0
29  GBP_JPY 2023-02-14 04:54:00+00:00  160.312  160.314  0.0  0.0   0.037  0.020889  160.312       0
30  GBP_JPY 2023-02-14 04:55:00+00:00  160.316  160.311  0.0  0.0   0.033  0.015111  160.316       0
2023-02-13 23:57:08 CandleManager() new candle:last_candle:23-02-14 04:56 is_ready:True
2023-02-13 23:57:08 tech_manager: max_rows:32 candle_time:2023-02-14 04:56:00+00:00 granularityM1
2023-02-13 23:57:08 process_candles:
       PAIR                      time    mid_c    mid_o   SL   TP  SPREAD      GAIN     LOSS  SIGNAL
26  GBP_JPY 2023-02-14 04:52:00+00:00  160.324  160.336  0.0  0.0   0.033  0.013444  160.324       0
27  GBP_JPY 2023-02-14 04:53:00+00:00  160.314  160.324  0.0  0.0   0.033  0.021333  160.314       0
28  GBP_JPY 2023-02-14 04:54:00+00:00  160.312  160.314  0.0  0.0   0.037  0.020889  160.312       0
29  GBP_JPY 2023-02-14 04:55:00+00:00  160.316  160.311  0.0  0.0   0.033  0.015111  160.316       0
30  GBP_JPY 2023-02-14 04:56:00+00:00  160.312  160.314  0.0  0.0   0.030  0.016333  160.312       0
2023-02-13 23:58:09 CandleManager() new candle:last_candle:23-02-14 04:57 is_ready:True
2023-02-13 23:58:09 tech_manager: max_rows:32 candle_time:2023-02-14 04:57:00+00:00 granularityM1
2023-02-13 23:58:09 process_candles:
       PAIR                      time    mid_c    mid_o   SL   TP  SPREAD      GAIN     LOSS  SIGNAL
26  GBP_JPY 2023-02-14 04:53:00+00:00  160.314  160.324  0.0  0.0   0.033  0.021333  160.314       0
27  GBP_JPY 2023-02-14 04:54:00+00:00  160.312  160.314  0.0  0.0   0.037  0.020889  160.312       0
28  GBP_JPY 2023-02-14 04:55:00+00:00  160.316  160.311  0.0  0.0   0.033  0.015111  160.316       0
29  GBP_JPY 2023-02-14 04:56:00+00:00  160.312  160.314  0.0  0.0   0.030  0.016333  160.312       0
30  GBP_JPY 2023-02-14 04:57:00+00:00  160.316  160.310  0.0  0.0   0.031  0.010111  160.316       0
2023-02-13 23:59:00 CandleManager() new candle:last_candle:23-02-14 04:58 is_ready:True
2023-02-13 23:59:00 tech_manager: max_rows:32 candle_time:2023-02-14 04:58:00+00:00 granularityM1
2023-02-13 23:59:00 process_candles:
       PAIR                      time    mid_c    mid_o   SL   TP  SPREAD      GAIN     LOSS  SIGNAL
26  GBP_JPY 2023-02-14 04:54:00+00:00  160.312  160.314  0.0  0.0   0.037  0.020889  160.312       0
27  GBP_JPY 2023-02-14 04:55:00+00:00  160.316  160.311  0.0  0.0   0.033  0.015111  160.316       0
28  GBP_JPY 2023-02-14 04:56:00+00:00  160.312  160.314  0.0  0.0   0.030  0.016333  160.312       0
29  GBP_JPY 2023-02-14 04:57:00+00:00  160.316  160.310  0.0  0.0   0.031  0.010111  160.316       0
30  GBP_JPY 2023-02-14 04:58:00+00:00  160.350  160.316  0.0  0.0   0.029  0.023361  160.350       0
2023-02-14 00:00:01 CandleManager() new candle:last_candle:23-02-14 04:59 is_ready:True
2023-02-14 00:00:02 tech_manager: max_rows:32 candle_time:2023-02-14 04:59:00+00:00 granularityM1
2023-02-14 00:00:02 process_candles:
       PAIR                      time    mid_c    mid_o   SL   TP  SPREAD      GAIN     LOSS  SIGNAL
26  GBP_JPY 2023-02-14 04:55:00+00:00  160.316  160.311  0.0  0.0   0.033  0.015111  160.316       0
27  GBP_JPY 2023-02-14 04:56:00+00:00  160.312  160.314  0.0  0.0   0.030  0.016333  160.312       0
28  GBP_JPY 2023-02-14 04:57:00+00:00  160.316  160.310  0.0  0.0   0.031  0.010111  160.316       0
29  GBP_JPY 2023-02-14 04:58:00+00:00  160.350  160.316  0.0  0.0   0.029  0.023361  160.350       0
30  GBP_JPY 2023-02-14 04:59:00+00:00  160.332  160.351  0.0  0.0   0.034  0.004806  160.332       0
2023-02-14 00:01:03 CandleManager() new candle:last_candle:23-02-14 05:00 is_ready:True
2023-02-14 00:01:03 tech_manager: max_rows:32 candle_time:2023-02-14 05:00:00+00:00 granularityM1
2023-02-14 00:01:03 process_candles:
       PAIR                      time    mid_c    mid_o   SL   TP  SPREAD      GAIN     LOSS  SIGNAL
26  GBP_JPY 2023-02-14 04:56:00+00:00  160.312  160.314  0.0  0.0   0.030  0.016333  160.312       0
27  GBP_JPY 2023-02-14 04:57:00+00:00  160.316  160.310  0.0  0.0   0.031  0.010111  160.316       0
28  GBP_JPY 2023-02-14 04:58:00+00:00  160.350  160.316  0.0  0.0   0.029  0.023361  160.350       0
29  GBP_JPY 2023-02-14 04:59:00+00:00  160.332  160.351  0.0  0.0   0.034  0.004806  160.332       0
30  GBP_JPY 2023-02-14 05:00:00+00:00  160.305  160.332  0.0  0.0   0.030  0.020194  160.305       0
2023-02-14 00:02:04 CandleManager() new candle:last_candle:23-02-14 05:01 is_ready:True
2023-02-14 00:02:04 tech_manager: max_rows:32 candle_time:2023-02-14 05:01:00+00:00 granularityM1
2023-02-14 00:02:04 process_candles:
       PAIR                      time    mid_c    mid_o   SL   TP  SPREAD      GAIN     LOSS  SIGNAL
26  GBP_JPY 2023-02-14 04:57:00+00:00  160.316  160.310  0.0  0.0   0.031  0.010111  160.316       0
27  GBP_JPY 2023-02-14 04:58:00+00:00  160.350  160.316  0.0  0.0   0.029  0.023361  160.350       0
28  GBP_JPY 2023-02-14 04:59:00+00:00  160.332  160.351  0.0  0.0   0.034  0.004806  160.332       0
29  GBP_JPY 2023-02-14 05:00:00+00:00  160.305  160.332  0.0  0.0   0.030  0.020194  160.305       0
30  GBP_JPY 2023-02-14 05:01:00+00:00  160.220  160.305  0.0  0.0   0.032  0.097139  160.220       0
2023-02-14 00:03:05 CandleManager() new candle:last_candle:23-02-14 05:02 is_ready:True
2023-02-14 00:03:05 tech_manager: max_rows:32 candle_time:2023-02-14 05:02:00+00:00 granularityM1
2023-02-14 00:03:05 process_candles:
       PAIR                      time    mid_c    mid_o   SL   TP  SPREAD      GAIN     LOSS  SIGNAL
26  GBP_JPY 2023-02-14 04:58:00+00:00  160.350  160.316  0.0  0.0   0.029  0.023361  160.350       0
27  GBP_JPY 2023-02-14 04:59:00+00:00  160.332  160.351  0.0  0.0   0.034  0.004806  160.332       0
28  GBP_JPY 2023-02-14 05:00:00+00:00  160.305  160.332  0.0  0.0   0.030  0.020194  160.305       0
29  GBP_JPY 2023-02-14 05:01:00+00:00  160.220  160.305  0.0  0.0   0.032  0.097139  160.220       0
30  GBP_JPY 2023-02-14 05:02:00+00:00  160.236  160.204  0.0  0.0   0.033  0.071722  160.236       0
2023-02-14 00:04:06 CandleManager() new candle:last_candle:23-02-14 05:03 is_ready:True
2023-02-14 00:04:07 tech_manager: max_rows:32 candle_time:2023-02-14 05:03:00+00:00 granularityM1
2023-02-14 00:04:07 process_candles:
       PAIR                      time    mid_c    mid_o   SL   TP  SPREAD      GAIN     LOSS  SIGNAL
26  GBP_JPY 2023-02-14 04:59:00+00:00  160.332  160.351  0.0  0.0   0.034  0.004806  160.332       0
27  GBP_JPY 2023-02-14 05:00:00+00:00  160.305  160.332  0.0  0.0   0.030  0.020194  160.305       0
28  GBP_JPY 2023-02-14 05:01:00+00:00  160.220  160.305  0.0  0.0   0.032  0.097139  160.220       0
29  GBP_JPY 2023-02-14 05:02:00+00:00  160.236  160.204  0.0  0.0   0.033  0.071722  160.236       0
30  GBP_JPY 2023-02-14 05:03:00+00:00  160.200  160.240  0.0  0.0   0.031  0.097389  160.200       0
2023-02-14 00:05:08 CandleManager() new candle:last_candle:23-02-14 05:04 is_ready:True
2023-02-14 00:05:08 tech_manager: max_rows:32 candle_time:2023-02-14 05:04:00+00:00 granularityM1
2023-02-14 00:05:08 process_candles:
       PAIR                      time    mid_c    mid_o   SL   TP  SPREAD      GAIN     LOSS  SIGNAL
26  GBP_JPY 2023-02-14 05:00:00+00:00  160.305  160.332  0.0  0.0   0.030  0.020194  160.305       0
27  GBP_JPY 2023-02-14 05:01:00+00:00  160.220  160.305  0.0  0.0   0.032  0.097139  160.220       0
28  GBP_JPY 2023-02-14 05:02:00+00:00  160.236  160.204  0.0  0.0   0.033  0.071722  160.236       0
29  GBP_JPY 2023-02-14 05:03:00+00:00  160.200  160.240  0.0  0.0   0.031  0.097389  160.200       0
30  GBP_JPY 2023-02-14 05:04:00+00:00  160.179  160.204  0.0  0.0   0.034  0.107194  160.179       0
2023-02-14 00:06:09 CandleManager() new candle:last_candle:23-02-14 05:05 is_ready:True
2023-02-14 00:06:09 tech_manager: max_rows:32 candle_time:2023-02-14 05:05:00+00:00 granularityM1
2023-02-14 00:06:09 process_candles:
       PAIR                      time    mid_c    mid_o   SL   TP  SPREAD      GAIN     LOSS  SIGNAL
26  GBP_JPY 2023-02-14 05:01:00+00:00  160.220  160.305  0.0  0.0   0.032  0.097139  160.220       0
27  GBP_JPY 2023-02-14 05:02:00+00:00  160.236  160.204  0.0  0.0   0.033  0.071722  160.236       0
28  GBP_JPY 2023-02-14 05:03:00+00:00  160.200  160.240  0.0  0.0   0.031  0.097389  160.200       0
29  GBP_JPY 2023-02-14 05:04:00+00:00  160.179  160.204  0.0  0.0   0.034  0.107194  160.179       0
30  GBP_JPY 2023-02-14 05:05:00+00:00  160.170  160.183  0.0  0.0   0.034  0.103861  160.170       0
2023-02-14 00:07:00 CandleManager() new candle:last_candle:23-02-14 05:06 is_ready:True
2023-02-14 00:07:00 tech_manager: max_rows:32 candle_time:2023-02-14 05:06:00+00:00 granularityM1
2023-02-14 00:07:00 process_candles:
       PAIR                      time    mid_c    mid_o   SL   TP  SPREAD      GAIN     LOSS  SIGNAL
27  GBP_JPY 2023-02-14 05:02:00+00:00  160.236  160.204  0.0  0.0   0.033  0.071722  160.236       0
28  GBP_JPY 2023-02-14 05:03:00+00:00  160.200  160.240  0.0  0.0   0.031  0.097389  160.200       0
29  GBP_JPY 2023-02-14 05:04:00+00:00  160.179  160.204  0.0  0.0   0.034  0.107194  160.179       0
30  GBP_JPY 2023-02-14 05:05:00+00:00  160.170  160.183  0.0  0.0   0.034  0.103861  160.170       0
31  GBP_JPY 2023-02-14 05:06:00+00:00  160.201  160.173  0.0  0.0   0.036  0.062500  160.201       0
2023-02-14 00:08:01 CandleManager() new candle:last_candle:23-02-14 05:07 is_ready:True
2023-02-14 00:08:01 tech_manager: max_rows:32 candle_time:2023-02-14 05:07:00+00:00 granularityM1
2023-02-14 00:08:01 process_candles:
       PAIR                      time    mid_c    mid_o   SL   TP  SPREAD      GAIN     LOSS  SIGNAL
26  GBP_JPY 2023-02-14 05:03:00+00:00  160.200  160.240  0.0  0.0   0.031  0.097389  160.200       0
27  GBP_JPY 2023-02-14 05:04:00+00:00  160.179  160.204  0.0  0.0   0.034  0.107194  160.179       0
28  GBP_JPY 2023-02-14 05:05:00+00:00  160.170  160.183  0.0  0.0   0.034  0.103861  160.170       0
29  GBP_JPY 2023-02-14 05:06:00+00:00  160.201  160.173  0.0  0.0   0.036  0.062500  160.201       0
30  GBP_JPY 2023-02-14 05:07:00+00:00  160.145  160.199  0.0  0.0   0.036  0.105694  160.145       0
2023-02-14 00:09:02 CandleManager() new candle:last_candle:23-02-14 05:08 is_ready:True
2023-02-14 00:09:02 tech_manager: max_rows:32 candle_time:2023-02-14 05:08:00+00:00 granularityM1
2023-02-14 00:09:02 process_candles:
       PAIR                      time    mid_c    mid_o   SL   TP  SPREAD      GAIN     LOSS  SIGNAL
26  GBP_JPY 2023-02-14 05:04:00+00:00  160.179  160.204  0.0  0.0   0.034  0.107194  160.179       0
27  GBP_JPY 2023-02-14 05:05:00+00:00  160.170  160.183  0.0  0.0   0.034  0.103861  160.170       0
28  GBP_JPY 2023-02-14 05:06:00+00:00  160.201  160.173  0.0  0.0   0.036  0.062500  160.201       0
29  GBP_JPY 2023-02-14 05:07:00+00:00  160.145  160.199  0.0  0.0   0.036  0.105694  160.145       0
30  GBP_JPY 2023-02-14 05:08:00+00:00  160.174  160.146  0.0  0.0   0.035  0.064722  160.174       0
2023-02-14 00:10:03 CandleManager() new candle:last_candle:23-02-14 05:09 is_ready:True
2023-02-14 00:10:03 tech_manager: max_rows:32 candle_time:2023-02-14 05:09:00+00:00 granularityM1
2023-02-14 00:10:03 process_candles:
       PAIR                      time    mid_c    mid_o   SL   TP  SPREAD      GAIN     LOSS  SIGNAL
26  GBP_JPY 2023-02-14 05:05:00+00:00  160.170  160.183  0.0  0.0   0.034  0.103861  160.170       0
27  GBP_JPY 2023-02-14 05:06:00+00:00  160.201  160.173  0.0  0.0   0.036  0.062500  160.201       0
28  GBP_JPY 2023-02-14 05:07:00+00:00  160.145  160.199  0.0  0.0   0.036  0.105694  160.145       0
29  GBP_JPY 2023-02-14 05:08:00+00:00  160.174  160.146  0.0  0.0   0.035  0.064722  160.174       0
30  GBP_JPY 2023-02-14 05:09:00+00:00  160.171  160.174  0.0  0.0   0.038  0.056000  160.171       0
2023-02-14 00:11:04 CandleManager() new candle:last_candle:23-02-14 05:10 is_ready:True
2023-02-14 00:11:05 tech_manager: max_rows:32 candle_time:2023-02-14 05:10:00+00:00 granularityM1
2023-02-14 00:11:05 process_candles:
       PAIR                      time    mid_c    mid_o   SL   TP  SPREAD      GAIN     LOSS  SIGNAL
26  GBP_JPY 2023-02-14 05:06:00+00:00  160.201  160.173  0.0  0.0   0.036  0.062500  160.201       0
27  GBP_JPY 2023-02-14 05:07:00+00:00  160.145  160.199  0.0  0.0   0.036  0.105694  160.145       0
28  GBP_JPY 2023-02-14 05:08:00+00:00  160.174  160.146  0.0  0.0   0.035  0.064722  160.174       0
29  GBP_JPY 2023-02-14 05:09:00+00:00  160.171  160.174  0.0  0.0   0.038  0.056000  160.171       0
30  GBP_JPY 2023-02-14 05:10:00+00:00  160.128  160.170  0.0  0.0   0.038  0.082611  160.128       0
2023-02-14 00:12:06 CandleManager() new candle:last_candle:23-02-14 05:11 is_ready:True
2023-02-14 00:12:06 tech_manager: max_rows:32 candle_time:2023-02-14 05:11:00+00:00 granularityM1
2023-02-14 00:12:06 process_candles:
       PAIR                      time    mid_c    mid_o   SL   TP  SPREAD      GAIN     LOSS  SIGNAL
26  GBP_JPY 2023-02-14 05:07:00+00:00  160.145  160.199  0.0  0.0   0.036  0.105694  160.145       0
27  GBP_JPY 2023-02-14 05:08:00+00:00  160.174  160.146  0.0  0.0   0.035  0.064722  160.174       0
28  GBP_JPY 2023-02-14 05:09:00+00:00  160.171  160.174  0.0  0.0   0.038  0.056000  160.171       0
29  GBP_JPY 2023-02-14 05:10:00+00:00  160.128  160.170  0.0  0.0   0.038  0.082611  160.128       0
30  GBP_JPY 2023-02-14 05:11:00+00:00  160.132  160.128  0.0  0.0   0.035  0.061444  160.132       0
2023-02-14 00:13:07 CandleManager() new candle:last_candle:23-02-14 05:12 is_ready:True
2023-02-14 00:13:07 tech_manager: max_rows:32 candle_time:2023-02-14 05:12:00+00:00 granularityM1
2023-02-14 00:13:07 process_candles:
       PAIR                      time    mid_c    mid_o   SL   TP  SPREAD      GAIN     LOSS  SIGNAL
26  GBP_JPY 2023-02-14 05:08:00+00:00  160.174  160.146  0.0  0.0   0.035  0.064722  160.174       0
27  GBP_JPY 2023-02-14 05:09:00+00:00  160.171  160.174  0.0  0.0   0.038  0.056000  160.171       0
28  GBP_JPY 2023-02-14 05:10:00+00:00  160.128  160.170  0.0  0.0   0.038  0.082611  160.128       0
29  GBP_JPY 2023-02-14 05:11:00+00:00  160.132  160.128  0.0  0.0   0.035  0.061444  160.132       0
30  GBP_JPY 2023-02-14 05:12:00+00:00  160.137  160.130  0.0  0.0   0.032  0.041056  160.137       0
2023-02-14 00:14:08 CandleManager() new candle:last_candle:23-02-14 05:13 is_ready:True
2023-02-14 00:14:08 tech_manager: max_rows:32 candle_time:2023-02-14 05:13:00+00:00 granularityM1
2023-02-14 00:14:08 process_candles:
       PAIR                      time    mid_c    mid_o   SL   TP  SPREAD      GAIN     LOSS  SIGNAL
26  GBP_JPY 2023-02-14 05:09:00+00:00  160.171  160.174  0.0  0.0   0.038  0.056000  160.171       0
27  GBP_JPY 2023-02-14 05:10:00+00:00  160.128  160.170  0.0  0.0   0.038  0.082611  160.128       0
28  GBP_JPY 2023-02-14 05:11:00+00:00  160.132  160.128  0.0  0.0   0.035  0.061444  160.132       0
29  GBP_JPY 2023-02-14 05:12:00+00:00  160.137  160.130  0.0  0.0   0.032  0.041056  160.137       0
30  GBP_JPY 2023-02-14 05:13:00+00:00  160.145  160.135  0.0  0.0   0.036  0.024972  160.145       0
2023-02-14 00:15:09 CandleManager() new candle:last_candle:23-02-14 05:14 is_ready:True
2023-02-14 00:15:09 tech_manager: max_rows:32 candle_time:2023-02-14 05:14:00+00:00 granularityM1
2023-02-14 00:15:09 process_candles:
       PAIR                      time    mid_c    mid_o   SL   TP  SPREAD      GAIN     LOSS  SIGNAL
26  GBP_JPY 2023-02-14 05:10:00+00:00  160.128  160.170  0.0  0.0   0.038  0.082611  160.128       0
27  GBP_JPY 2023-02-14 05:11:00+00:00  160.132  160.128  0.0  0.0   0.035  0.061444  160.132       0
28  GBP_JPY 2023-02-14 05:12:00+00:00  160.137  160.130  0.0  0.0   0.032  0.041056  160.137       0
29  GBP_JPY 2023-02-14 05:13:00+00:00  160.145  160.135  0.0  0.0   0.036  0.024972  160.145       0
30  GBP_JPY 2023-02-14 05:14:00+00:00  160.163  160.144  0.0  0.0   0.038  0.000417  160.163       0
2023-02-14 00:16:00 CandleManager() new candle:last_candle:23-02-14 05:15 is_ready:True
2023-02-14 00:16:00 tech_manager: max_rows:32 candle_time:2023-02-14 05:15:00+00:00 granularityM1
2023-02-14 00:16:00 process_candles:
       PAIR                      time    mid_c    mid_o   SL   TP  SPREAD      GAIN     LOSS  SIGNAL
27  GBP_JPY 2023-02-14 05:11:00+00:00  160.132  160.128  0.0  0.0   0.035  0.061444  160.132       0
28  GBP_JPY 2023-02-14 05:12:00+00:00  160.137  160.130  0.0  0.0   0.032  0.041056  160.137       0
29  GBP_JPY 2023-02-14 05:13:00+00:00  160.145  160.135  0.0  0.0   0.036  0.024972  160.145       0
30  GBP_JPY 2023-02-14 05:14:00+00:00  160.163  160.144  0.0  0.0   0.038  0.000417  160.163       0
31  GBP_JPY 2023-02-14 05:15:00+00:00  160.178  160.163  0.0  0.0   0.032  0.018250  160.178       0
2023-02-14 00:17:01 CandleManager() new candle:last_candle:23-02-14 05:16 is_ready:True
2023-02-14 00:17:01 tech_manager: max_rows:32 candle_time:2023-02-14 05:16:00+00:00 granularityM1
2023-02-14 00:17:01 process_candles:
       PAIR                      time    mid_c    mid_o   SL   TP  SPREAD      GAIN     LOSS  SIGNAL
26  GBP_JPY 2023-02-14 05:12:00+00:00  160.137  160.130  0.0  0.0   0.032  0.041056  160.137       0
27  GBP_JPY 2023-02-14 05:13:00+00:00  160.145  160.135  0.0  0.0   0.036  0.024972  160.145       0
28  GBP_JPY 2023-02-14 05:14:00+00:00  160.163  160.144  0.0  0.0   0.038  0.000417  160.163       0
29  GBP_JPY 2023-02-14 05:15:00+00:00  160.178  160.163  0.0  0.0   0.032  0.018250  160.178       0
30  GBP_JPY 2023-02-14 05:16:00+00:00  160.176  160.178  0.0  0.0   0.035  0.017389  160.176       0
2023-02-14 00:18:02 CandleManager() new candle:last_candle:23-02-14 05:17 is_ready:True
2023-02-14 00:18:02 tech_manager: max_rows:32 candle_time:2023-02-14 05:17:00+00:00 granularityM1
2023-02-14 00:18:02 process_candles:
       PAIR                      time    mid_c    mid_o   SL   TP  SPREAD      GAIN     LOSS  SIGNAL
26  GBP_JPY 2023-02-14 05:13:00+00:00  160.145  160.135  0.0  0.0   0.036  0.024972  160.145       0
27  GBP_JPY 2023-02-14 05:14:00+00:00  160.163  160.144  0.0  0.0   0.038  0.000417  160.163       0
28  GBP_JPY 2023-02-14 05:15:00+00:00  160.178  160.163  0.0  0.0   0.032  0.018250  160.178       0
29  GBP_JPY 2023-02-14 05:16:00+00:00  160.176  160.178  0.0  0.0   0.035  0.017389  160.176       0
30  GBP_JPY 2023-02-14 05:17:00+00:00  160.188  160.178  0.0  0.0   0.036  0.028056  160.188       0
2023-02-14 00:19:03 CandleManager() new candle:last_candle:23-02-14 05:18 is_ready:True
2023-02-14 00:19:03 tech_manager: max_rows:32 candle_time:2023-02-14 05:18:00+00:00 granularityM1
2023-02-14 00:19:03 process_candles:
       PAIR                      time    mid_c    mid_o   SL   TP  SPREAD      GAIN     LOSS  SIGNAL
26  GBP_JPY 2023-02-14 05:14:00+00:00  160.163  160.144  0.0  0.0   0.038  0.000417  160.163       0
27  GBP_JPY 2023-02-14 05:15:00+00:00  160.178  160.163  0.0  0.0   0.032  0.018250  160.178       0
28  GBP_JPY 2023-02-14 05:16:00+00:00  160.176  160.178  0.0  0.0   0.035  0.017389  160.176       0
29  GBP_JPY 2023-02-14 05:17:00+00:00  160.188  160.178  0.0  0.0   0.036  0.028056  160.188       0
30  GBP_JPY 2023-02-14 05:18:00+00:00  160.171  160.192  0.0  0.0   0.036  0.011944  160.171       0
2023-02-14 00:20:04 CandleManager() new candle:last_candle:23-02-14 05:19 is_ready:True
2023-02-14 00:20:04 tech_manager: max_rows:32 candle_time:2023-02-14 05:19:00+00:00 granularityM1
2023-02-14 00:20:04 process_candles:
       PAIR                      time    mid_c    mid_o   SL   TP  SPREAD      GAIN     LOSS  SIGNAL
26  GBP_JPY 2023-02-14 05:15:00+00:00  160.178  160.163  0.0  0.0   0.032  0.018250  160.178       0
27  GBP_JPY 2023-02-14 05:16:00+00:00  160.176  160.178  0.0  0.0   0.035  0.017389  160.176       0
28  GBP_JPY 2023-02-14 05:17:00+00:00  160.188  160.178  0.0  0.0   0.036  0.028056  160.188       0
29  GBP_JPY 2023-02-14 05:18:00+00:00  160.171  160.192  0.0  0.0   0.036  0.011944  160.171       0
30  GBP_JPY 2023-02-14 05:19:00+00:00  160.195  160.174  0.0  0.0   0.034  0.034278  160.195       0
2023-02-14 00:21:05 CandleManager() new candle:last_candle:23-02-14 05:20 is_ready:True
2023-02-14 00:21:05 tech_manager: max_rows:32 candle_time:2023-02-14 05:20:00+00:00 granularityM1
2023-02-14 00:21:05 process_candles:
       PAIR                      time    mid_c    mid_o   SL   TP  SPREAD      GAIN     LOSS  SIGNAL
26  GBP_JPY 2023-02-14 05:16:00+00:00  160.176  160.178  0.0  0.0   0.035  0.017389  160.176       0
27  GBP_JPY 2023-02-14 05:17:00+00:00  160.188  160.178  0.0  0.0   0.036  0.028056  160.188       0
28  GBP_JPY 2023-02-14 05:18:00+00:00  160.171  160.192  0.0  0.0   0.036  0.011944  160.171       0
29  GBP_JPY 2023-02-14 05:19:00+00:00  160.195  160.174  0.0  0.0   0.034  0.034278  160.195       0
30  GBP_JPY 2023-02-14 05:20:00+00:00  160.196  160.194  0.0  0.0   0.037  0.033139  160.196       0
2023-02-14 00:22:06 CandleManager() new candle:last_candle:23-02-14 05:21 is_ready:True
2023-02-14 00:22:06 tech_manager: max_rows:32 candle_time:2023-02-14 05:21:00+00:00 granularityM1
2023-02-14 00:22:06 process_candles:
       PAIR                      time    mid_c    mid_o   SL   TP  SPREAD      GAIN     LOSS  SIGNAL
26  GBP_JPY 2023-02-14 05:17:00+00:00  160.188  160.178  0.0  0.0   0.036  0.028056  160.188       0
27  GBP_JPY 2023-02-14 05:18:00+00:00  160.171  160.192  0.0  0.0   0.036  0.011944  160.171       0
28  GBP_JPY 2023-02-14 05:19:00+00:00  160.195  160.174  0.0  0.0   0.034  0.034278  160.195       0
29  GBP_JPY 2023-02-14 05:20:00+00:00  160.196  160.194  0.0  0.0   0.037  0.033139  160.196       0
30  GBP_JPY 2023-02-14 05:21:00+00:00  160.195  160.197  0.0  0.0   0.034  0.030139  160.195       0
2023-02-14 00:23:07 CandleManager() new candle:last_candle:23-02-14 05:22 is_ready:True
2023-02-14 00:23:07 tech_manager: max_rows:32 candle_time:2023-02-14 05:22:00+00:00 granularityM1
2023-02-14 00:23:08 process_candles:
       PAIR                      time    mid_c    mid_o   SL   TP  SPREAD      GAIN     LOSS  SIGNAL
26  GBP_JPY 2023-02-14 05:18:00+00:00  160.171  160.192  0.0  0.0   0.036  0.011944  160.171       0
27  GBP_JPY 2023-02-14 05:19:00+00:00  160.195  160.174  0.0  0.0   0.034  0.034278  160.195       0
28  GBP_JPY 2023-02-14 05:20:00+00:00  160.196  160.194  0.0  0.0   0.037  0.033139  160.196       0
29  GBP_JPY 2023-02-14 05:21:00+00:00  160.195  160.197  0.0  0.0   0.034  0.030139  160.195       0
30  GBP_JPY 2023-02-14 05:22:00+00:00  160.248  160.198  0.0  0.0   0.039  0.075750  160.248       0
2023-02-14 00:24:08 CandleManager() new candle:last_candle:23-02-14 05:23 is_ready:True
2023-02-14 00:24:09 tech_manager: max_rows:32 candle_time:2023-02-14 05:23:00+00:00 granularityM1
2023-02-14 00:24:09 process_candles:
       PAIR                      time    mid_c    mid_o   SL   TP  SPREAD      GAIN     LOSS  SIGNAL
26  GBP_JPY 2023-02-14 05:19:00+00:00  160.195  160.174  0.0  0.0   0.034  0.034278  160.195       0
27  GBP_JPY 2023-02-14 05:20:00+00:00  160.196  160.194  0.0  0.0   0.037  0.033139  160.196       0
28  GBP_JPY 2023-02-14 05:21:00+00:00  160.195  160.197  0.0  0.0   0.034  0.030139  160.195       0
29  GBP_JPY 2023-02-14 05:22:00+00:00  160.248  160.198  0.0  0.0   0.039  0.075750  160.248       0
30  GBP_JPY 2023-02-14 05:23:00+00:00  160.218  160.242  0.0  0.0   0.043  0.038028  160.218       0
2023-02-14 00:24:59 CandleManager() new candle:last_candle:23-02-14 05:24 is_ready:True
2023-02-14 00:24:59 tech_manager: max_rows:32 candle_time:2023-02-14 05:24:00+00:00 granularityM1
2023-02-14 00:24:59 process_candles:
       PAIR                      time    mid_c    mid_o   SL   TP  SPREAD      GAIN     LOSS  SIGNAL
27  GBP_JPY 2023-02-14 05:20:00+00:00  160.196  160.194  0.0  0.0   0.037  0.033139  160.196       0
28  GBP_JPY 2023-02-14 05:21:00+00:00  160.195  160.197  0.0  0.0   0.034  0.030139  160.195       0
29  GBP_JPY 2023-02-14 05:22:00+00:00  160.248  160.198  0.0  0.0   0.039  0.075750  160.248       0
30  GBP_JPY 2023-02-14 05:23:00+00:00  160.218  160.242  0.0  0.0   0.043  0.038028  160.218       0
31  GBP_JPY 2023-02-14 05:24:00+00:00  160.246  160.219  0.0  0.0   0.033  0.056833  160.246       0
2023-02-14 00:26:00 CandleManager() new candle:last_candle:23-02-14 05:25 is_ready:True
2023-02-14 00:26:01 tech_manager: max_rows:32 candle_time:2023-02-14 05:25:00+00:00 granularityM1
2023-02-14 00:26:01 process_candles:
       PAIR                      time    mid_c    mid_o   SL   TP  SPREAD      GAIN     LOSS  SIGNAL
26  GBP_JPY 2023-02-14 05:21:00+00:00  160.195  160.197  0.0  0.0   0.034  0.030139  160.195       0
27  GBP_JPY 2023-02-14 05:22:00+00:00  160.248  160.198  0.0  0.0   0.039  0.075750  160.248       0
28  GBP_JPY 2023-02-14 05:23:00+00:00  160.218  160.242  0.0  0.0   0.043  0.038028  160.218       0
29  GBP_JPY 2023-02-14 05:24:00+00:00  160.246  160.219  0.0  0.0   0.033  0.056833  160.246       0
30  GBP_JPY 2023-02-14 05:25:00+00:00  160.254  160.246  0.0  0.0   0.033  0.054972  160.254       0
2023-02-14 00:27:02 CandleManager() new candle:last_candle:23-02-14 05:26 is_ready:True
2023-02-14 00:27:02 tech_manager: max_rows:32 candle_time:2023-02-14 05:26:00+00:00 granularityM1
2023-02-14 00:27:02 process_candles:
       PAIR                      time    mid_c    mid_o   SL   TP  SPREAD      GAIN     LOSS  SIGNAL
26  GBP_JPY 2023-02-14 05:22:00+00:00  160.248  160.198  0.0  0.0   0.039  0.075750  160.248       0
27  GBP_JPY 2023-02-14 05:23:00+00:00  160.218  160.242  0.0  0.0   0.043  0.038028  160.218       0
28  GBP_JPY 2023-02-14 05:24:00+00:00  160.246  160.219  0.0  0.0   0.033  0.056833  160.246       0
29  GBP_JPY 2023-02-14 05:25:00+00:00  160.254  160.246  0.0  0.0   0.033  0.054972  160.254       0
30  GBP_JPY 2023-02-14 05:26:00+00:00  160.240  160.256  0.0  0.0   0.034  0.033528  160.240       0
2023-02-14 00:28:13 CandleManager() new candle:last_candle:23-02-14 05:27 is_ready:True
2023-02-14 00:28:13 tech_manager: max_rows:32 candle_time:2023-02-14 05:27:00+00:00 granularityM1
2023-02-14 00:28:13 process_candles:
       PAIR                      time    mid_c    mid_o   SL   TP  SPREAD      GAIN     LOSS  SIGNAL
26  GBP_JPY 2023-02-14 05:23:00+00:00  160.218  160.242  0.0  0.0   0.043  0.038028  160.218       0
27  GBP_JPY 2023-02-14 05:24:00+00:00  160.246  160.219  0.0  0.0   0.033  0.056833  160.246       0
28  GBP_JPY 2023-02-14 05:25:00+00:00  160.254  160.246  0.0  0.0   0.033  0.054972  160.254       0
29  GBP_JPY 2023-02-14 05:26:00+00:00  160.240  160.256  0.0  0.0   0.034  0.033528  160.240       0
30  GBP_JPY 2023-02-14 05:27:00+00:00  160.235  160.238  0.0  0.0   0.036  0.023194  160.235       0
2023-02-14 00:29:03 CandleManager() new candle:last_candle:23-02-14 05:28 is_ready:True
2023-02-14 00:29:04 tech_manager: max_rows:32 candle_time:2023-02-14 05:28:00+00:00 granularityM1
2023-02-14 00:29:04 process_candles:
       PAIR                      time    mid_c    mid_o   SL   TP  SPREAD      GAIN     LOSS  SIGNAL
26  GBP_JPY 2023-02-14 05:24:00+00:00  160.246  160.219  0.0  0.0   0.033  0.056833  160.246       0
27  GBP_JPY 2023-02-14 05:25:00+00:00  160.254  160.246  0.0  0.0   0.033  0.054972  160.254       0
28  GBP_JPY 2023-02-14 05:26:00+00:00  160.240  160.256  0.0  0.0   0.034  0.033528  160.240       0
29  GBP_JPY 2023-02-14 05:27:00+00:00  160.235  160.238  0.0  0.0   0.036  0.023194  160.235       0
30  GBP_JPY 2023-02-14 05:28:00+00:00  160.224  160.236  0.0  0.0   0.028  0.007750  160.224       0
2023-02-14 00:30:04 CandleManager() new candle:last_candle:23-02-14 05:29 is_ready:True
2023-02-14 00:30:05 tech_manager: max_rows:32 candle_time:2023-02-14 05:29:00+00:00 granularityM1
2023-02-14 00:30:05 process_candles:
       PAIR                      time    mid_c    mid_o   SL   TP  SPREAD      GAIN     LOSS  SIGNAL
26  GBP_JPY 2023-02-14 05:25:00+00:00  160.254  160.246  0.0  0.0   0.033  0.054972  160.254       0
27  GBP_JPY 2023-02-14 05:26:00+00:00  160.240  160.256  0.0  0.0   0.034  0.033528  160.240       0
28  GBP_JPY 2023-02-14 05:27:00+00:00  160.235  160.238  0.0  0.0   0.036  0.023194  160.235       0
29  GBP_JPY 2023-02-14 05:28:00+00:00  160.224  160.236  0.0  0.0   0.028  0.007750  160.224       0
30  GBP_JPY 2023-02-14 05:29:00+00:00  160.216  160.225  0.0  0.0   0.033  0.003333  160.216       0
2023-02-14 00:31:05 CandleManager() new candle:last_candle:23-02-14 05:30 is_ready:True
2023-02-14 00:31:06 tech_manager: max_rows:32 candle_time:2023-02-14 05:30:00+00:00 granularityM1
2023-02-14 00:31:06 process_candles:
       PAIR                      time    mid_c    mid_o   SL   TP  SPREAD      GAIN     LOSS  SIGNAL
26  GBP_JPY 2023-02-14 05:26:00+00:00  160.240  160.256  0.0  0.0   0.034  0.033528  160.240       0
27  GBP_JPY 2023-02-14 05:27:00+00:00  160.235  160.238  0.0  0.0   0.036  0.023194  160.235       0
28  GBP_JPY 2023-02-14 05:28:00+00:00  160.224  160.236  0.0  0.0   0.028  0.007750  160.224       0
29  GBP_JPY 2023-02-14 05:29:00+00:00  160.216  160.225  0.0  0.0   0.033  0.003333  160.216       0
30  GBP_JPY 2023-02-14 05:30:00+00:00  160.226  160.217  0.0  0.0   0.034  0.002889  160.226       0
