2023-02-13 23:15:06 LogWrapper init() ./logs/GBP_USD.log
2023-02-13 23:15:06 {'n_ma': 12, 'n_std': 2.5, 'maxspread': 0.0004, 'mingain': 0.0014, 'riskreward': 1.5}
2023-02-13 23:15:06 CandleManager() init last_candle:last_candle:23-02-14 04:14 is_ready:False
2023-02-13 23:16:07 CandleManager() new candle:last_candle:23-02-14 04:15 is_ready:True
2023-02-13 23:16:07 tech_manager: max_rows:32 candle_time:2023-02-14 04:15:00+00:00 granularityM1
2023-02-13 23:16:07 process_candles:
       PAIR                      time    mid_c    mid_o   SL   TP   SPREAD      GAIN     LOSS  SIGNAL
26  GBP_USD 2023-02-14 04:11:00+00:00  1.21444  1.21445  0.0  0.0  0.00020  0.000042  1.21444       0
27  GBP_USD 2023-02-14 04:12:00+00:00  1.21464  1.21444  0.0  0.0  0.00022  0.000157  1.21464       0
28  GBP_USD 2023-02-14 04:13:00+00:00  1.21462  1.21464  0.0  0.0  0.00022  0.000126  1.21462       0
29  GBP_USD 2023-02-14 04:14:00+00:00  1.21458  1.21462  0.0  0.0  0.00023  0.000080  1.21458       0
30  GBP_USD 2023-02-14 04:15:00+00:00  1.21455  1.21458  0.0  0.0  0.00024  0.000046  1.21455       0
2023-02-13 23:17:08 CandleManager() new candle:last_candle:23-02-14 04:16 is_ready:True
2023-02-13 23:17:08 tech_manager: max_rows:32 candle_time:2023-02-14 04:16:00+00:00 granularityM1
2023-02-13 23:17:08 process_candles:
       PAIR                      time    mid_c    mid_o   SL   TP   SPREAD      GAIN     LOSS  SIGNAL
26  GBP_USD 2023-02-14 04:12:00+00:00  1.21464  1.21444  0.0  0.0  0.00022  0.000157  1.21464       0
27  GBP_USD 2023-02-14 04:13:00+00:00  1.21462  1.21464  0.0  0.0  0.00022  0.000126  1.21462       0
28  GBP_USD 2023-02-14 04:14:00+00:00  1.21458  1.21462  0.0  0.0  0.00023  0.000080  1.21458       0
29  GBP_USD 2023-02-14 04:15:00+00:00  1.21455  1.21458  0.0  0.0  0.00024  0.000046  1.21455       0
30  GBP_USD 2023-02-14 04:16:00+00:00  1.21454  1.21456  0.0  0.0  0.00017  0.000025  1.21454       0
2023-02-13 23:18:09 CandleManager() new candle:last_candle:23-02-14 04:17 is_ready:True
2023-02-13 23:18:10 tech_manager: max_rows:32 candle_time:2023-02-14 04:17:00+00:00 granularityM1
2023-02-13 23:18:10 process_candles:
       PAIR                      time    mid_c    mid_o   SL   TP   SPREAD      GAIN     LOSS  SIGNAL
26  GBP_USD 2023-02-14 04:13:00+00:00  1.21462  1.21464  0.0  0.0  0.00022  0.000126  1.21462       0
27  GBP_USD 2023-02-14 04:14:00+00:00  1.21458  1.21462  0.0  0.0  0.00023  0.000080  1.21458       0
28  GBP_USD 2023-02-14 04:15:00+00:00  1.21455  1.21458  0.0  0.0  0.00024  0.000046  1.21455       0
29  GBP_USD 2023-02-14 04:16:00+00:00  1.21454  1.21456  0.0  0.0  0.00017  0.000025  1.21454       0
30  GBP_USD 2023-02-14 04:17:00+00:00  1.21445  1.21454  0.0  0.0  0.00018  0.000071  1.21445       0
2023-02-13 23:19:11 CandleManager() new candle:last_candle:23-02-14 04:18 is_ready:True
2023-02-13 23:19:11 tech_manager: max_rows:32 candle_time:2023-02-14 04:18:00+00:00 granularityM1
2023-02-13 23:19:11 process_candles:
       PAIR                      time    mid_c    mid_o   SL   TP   SPREAD      GAIN     LOSS  SIGNAL
26  GBP_USD 2023-02-14 04:14:00+00:00  1.21458  1.21462  0.0  0.0  0.00023  0.000080  1.21458       0
27  GBP_USD 2023-02-14 04:15:00+00:00  1.21455  1.21458  0.0  0.0  0.00024  0.000046  1.21455       0
28  GBP_USD 2023-02-14 04:16:00+00:00  1.21454  1.21456  0.0  0.0  0.00017  0.000025  1.21454       0
29  GBP_USD 2023-02-14 04:17:00+00:00  1.21445  1.21454  0.0  0.0  0.00018  0.000071  1.21445       0
30  GBP_USD 2023-02-14 04:18:00+00:00  1.21444  1.21444  0.0  0.0  0.00020  0.000074  1.21444       0
2023-02-13 23:20:02 CandleManager() new candle:last_candle:23-02-14 04:19 is_ready:True
2023-02-13 23:20:02 tech_manager: max_rows:32 candle_time:2023-02-14 04:19:00+00:00 granularityM1
2023-02-13 23:20:02 process_candles:
       PAIR                      time    mid_c    mid_o   SL   TP   SPREAD      GAIN     LOSS  SIGNAL
26  GBP_USD 2023-02-14 04:15:00+00:00  1.21455  1.21458  0.0  0.0  0.00024  0.000046  1.21455       0
27  GBP_USD 2023-02-14 04:16:00+00:00  1.21454  1.21456  0.0  0.0  0.00017  0.000025  1.21454       0
28  GBP_USD 2023-02-14 04:17:00+00:00  1.21445  1.21454  0.0  0.0  0.00018  0.000071  1.21445       0
29  GBP_USD 2023-02-14 04:18:00+00:00  1.21444  1.21444  0.0  0.0  0.00020  0.000074  1.21444       0
30  GBP_USD 2023-02-14 04:19:00+00:00  1.21444  1.21444  0.0  0.0  0.00018  0.000075  1.21444       0
2023-02-13 23:21:03 CandleManager() new candle:last_candle:23-02-14 04:20 is_ready:True
2023-02-13 23:21:03 tech_manager: max_rows:32 candle_time:2023-02-14 04:20:00+00:00 granularityM1
2023-02-13 23:21:04 process_candles:
       PAIR                      time    mid_c    mid_o   SL   TP   SPREAD      GAIN     LOSS  SIGNAL
26  GBP_USD 2023-02-14 04:16:00+00:00  1.21454  1.21456  0.0  0.0  0.00017  0.000025  1.21454       0
27  GBP_USD 2023-02-14 04:17:00+00:00  1.21445  1.21454  0.0  0.0  0.00018  0.000071  1.21445       0
28  GBP_USD 2023-02-14 04:18:00+00:00  1.21444  1.21444  0.0  0.0  0.00020  0.000074  1.21444       0
29  GBP_USD 2023-02-14 04:19:00+00:00  1.21444  1.21444  0.0  0.0  0.00018  0.000075  1.21444       0
30  GBP_USD 2023-02-14 04:20:00+00:00  1.21444  1.21444  0.0  0.0  0.00021  0.000070  1.21444       0
2023-02-13 23:22:05 CandleManager() new candle:last_candle:23-02-14 04:21 is_ready:True
2023-02-13 23:22:05 tech_manager: max_rows:32 candle_time:2023-02-14 04:21:00+00:00 granularityM1
2023-02-13 23:22:05 process_candles:
       PAIR                      time    mid_c    mid_o   SL   TP   SPREAD      GAIN     LOSS  SIGNAL
26  GBP_USD 2023-02-14 04:17:00+00:00  1.21445  1.21454  0.0  0.0  0.00018  0.000071  1.21445       0
27  GBP_USD 2023-02-14 04:18:00+00:00  1.21444  1.21444  0.0  0.0  0.00020  0.000074  1.21444       0
28  GBP_USD 2023-02-14 04:19:00+00:00  1.21444  1.21444  0.0  0.0  0.00018  0.000075  1.21444       0
29  GBP_USD 2023-02-14 04:20:00+00:00  1.21444  1.21444  0.0  0.0  0.00021  0.000070  1.21444       0
30  GBP_USD 2023-02-14 04:21:00+00:00  1.21454  1.21445  0.0  0.0  0.00020  0.000030  1.21454       0
2023-02-13 23:23:06 CandleManager() new candle:last_candle:23-02-14 04:22 is_ready:True
2023-02-13 23:23:06 tech_manager: max_rows:32 candle_time:2023-02-14 04:22:00+00:00 granularityM1
2023-02-13 23:23:06 process_candles:
       PAIR                      time    mid_c    mid_o   SL   TP   SPREAD      GAIN     LOSS  SIGNAL
26  GBP_USD 2023-02-14 04:18:00+00:00  1.21444  1.21444  0.0  0.0  0.00020  0.000074  1.21444       0
27  GBP_USD 2023-02-14 04:19:00+00:00  1.21444  1.21444  0.0  0.0  0.00018  0.000075  1.21444       0
28  GBP_USD 2023-02-14 04:20:00+00:00  1.21444  1.21444  0.0  0.0  0.00021  0.000070  1.21444       0
29  GBP_USD 2023-02-14 04:21:00+00:00  1.21454  1.21445  0.0  0.0  0.00020  0.000030  1.21454       0
30  GBP_USD 2023-02-14 04:22:00+00:00  1.21454  1.21454  0.0  0.0  0.00023  0.000023  1.21454       0
2023-02-13 23:24:07 CandleManager() new candle:last_candle:23-02-14 04:23 is_ready:True
2023-02-13 23:24:07 tech_manager: max_rows:32 candle_time:2023-02-14 04:23:00+00:00 granularityM1
2023-02-13 23:24:07 process_candles:
       PAIR                      time    mid_c    mid_o   SL   TP   SPREAD      GAIN     LOSS  SIGNAL
26  GBP_USD 2023-02-14 04:19:00+00:00  1.21444  1.21444  0.0  0.0  0.00018  0.000075  1.21444       0
27  GBP_USD 2023-02-14 04:20:00+00:00  1.21444  1.21444  0.0  0.0  0.00021  0.000070  1.21444       0
28  GBP_USD 2023-02-14 04:21:00+00:00  1.21454  1.21445  0.0  0.0  0.00020  0.000030  1.21454       0
29  GBP_USD 2023-02-14 04:22:00+00:00  1.21454  1.21454  0.0  0.0  0.00023  0.000023  1.21454       0
30  GBP_USD 2023-02-14 04:23:00+00:00  1.21454  1.21456  0.0  0.0  0.00021  0.000014  1.21454       0
2023-02-13 23:25:09 CandleManager() new candle:last_candle:23-02-14 04:24 is_ready:True
2023-02-13 23:25:09 tech_manager: max_rows:32 candle_time:2023-02-14 04:24:00+00:00 granularityM1
2023-02-13 23:25:09 process_candles:
       PAIR                      time    mid_c    mid_o   SL   TP   SPREAD      GAIN     LOSS  SIGNAL
26  GBP_USD 2023-02-14 04:20:00+00:00  1.21444  1.21444  0.0  0.0  0.00021  0.000070  1.21444       0
27  GBP_USD 2023-02-14 04:21:00+00:00  1.21454  1.21445  0.0  0.0  0.00020  0.000030  1.21454       0
28  GBP_USD 2023-02-14 04:22:00+00:00  1.21454  1.21454  0.0  0.0  0.00023  0.000023  1.21454       0
29  GBP_USD 2023-02-14 04:23:00+00:00  1.21454  1.21456  0.0  0.0  0.00021  0.000014  1.21454       0
30  GBP_USD 2023-02-14 04:24:00+00:00  1.21456  1.21455  0.0  0.0  0.00019  0.000036  1.21456       0
2023-02-13 23:26:10 CandleManager() new candle:last_candle:23-02-14 04:25 is_ready:True
2023-02-13 23:26:10 tech_manager: max_rows:32 candle_time:2023-02-14 04:25:00+00:00 granularityM1
2023-02-13 23:26:10 process_candles:
       PAIR                      time    mid_c    mid_o   SL   TP   SPREAD      GAIN     LOSS  SIGNAL
26  GBP_USD 2023-02-14 04:21:00+00:00  1.21454  1.21445  0.0  0.0  0.00020  0.000030  1.21454       0
27  GBP_USD 2023-02-14 04:22:00+00:00  1.21454  1.21454  0.0  0.0  0.00023  0.000023  1.21454       0
28  GBP_USD 2023-02-14 04:23:00+00:00  1.21454  1.21456  0.0  0.0  0.00021  0.000014  1.21454       0
29  GBP_USD 2023-02-14 04:24:00+00:00  1.21456  1.21455  0.0  0.0  0.00019  0.000036  1.21456       0
30  GBP_USD 2023-02-14 04:25:00+00:00  1.21490  1.21456  0.0  0.0  0.00024  0.000363  1.21490       0
2023-02-13 23:27:01 CandleManager() new candle:last_candle:23-02-14 04:26 is_ready:True
2023-02-13 23:27:01 tech_manager: max_rows:32 candle_time:2023-02-14 04:26:00+00:00 granularityM1
2023-02-13 23:27:01 process_candles:
       PAIR                      time    mid_c    mid_o   SL   TP   SPREAD      GAIN     LOSS  SIGNAL
26  GBP_USD 2023-02-14 04:22:00+00:00  1.21454  1.21454  0.0  0.0  0.00023  0.000023  1.21454       0
27  GBP_USD 2023-02-14 04:23:00+00:00  1.21454  1.21456  0.0  0.0  0.00021  0.000014  1.21454       0
28  GBP_USD 2023-02-14 04:24:00+00:00  1.21456  1.21455  0.0  0.0  0.00019  0.000036  1.21456       0
29  GBP_USD 2023-02-14 04:25:00+00:00  1.21490  1.21456  0.0  0.0  0.00024  0.000363  1.21490       0
30  GBP_USD 2023-02-14 04:26:00+00:00  1.21495  1.21492  0.0  0.0  0.00022  0.000378  1.21495       0
2023-02-13 23:28:02 CandleManager() new candle:last_candle:23-02-14 04:27 is_ready:True
2023-02-13 23:28:03 tech_manager: max_rows:32 candle_time:2023-02-14 04:27:00+00:00 granularityM1
2023-02-13 23:28:03 process_candles:
       PAIR                      time    mid_c    mid_o   SL   TP   SPREAD      GAIN     LOSS  SIGNAL
26  GBP_USD 2023-02-14 04:23:00+00:00  1.21454  1.21456  0.0  0.0  0.00021  0.000014  1.21454       0
27  GBP_USD 2023-02-14 04:24:00+00:00  1.21456  1.21455  0.0  0.0  0.00019  0.000036  1.21456       0
28  GBP_USD 2023-02-14 04:25:00+00:00  1.21490  1.21456  0.0  0.0  0.00024  0.000363  1.21490       0
29  GBP_USD 2023-02-14 04:26:00+00:00  1.21495  1.21492  0.0  0.0  0.00022  0.000378  1.21495       0
30  GBP_USD 2023-02-14 04:27:00+00:00  1.21489  1.21494  0.0  0.0  0.00024  0.000288  1.21489       0
2023-02-13 23:29:04 CandleManager() new candle:last_candle:23-02-14 04:28 is_ready:True
2023-02-13 23:29:04 tech_manager: max_rows:32 candle_time:2023-02-14 04:28:00+00:00 granularityM1
2023-02-13 23:29:04 process_candles:
       PAIR                      time    mid_c    mid_o   SL   TP   SPREAD      GAIN     LOSS  SIGNAL
26  GBP_USD 2023-02-14 04:24:00+00:00  1.21456  1.21455  0.0  0.0  0.00019  0.000036  1.21456       0
27  GBP_USD 2023-02-14 04:25:00+00:00  1.21490  1.21456  0.0  0.0  0.00024  0.000363  1.21490       0
28  GBP_USD 2023-02-14 04:26:00+00:00  1.21495  1.21492  0.0  0.0  0.00022  0.000378  1.21495       0
29  GBP_USD 2023-02-14 04:27:00+00:00  1.21489  1.21494  0.0  0.0  0.00024  0.000288  1.21489       0
30  GBP_USD 2023-02-14 04:28:00+00:00  1.21476  1.21486  0.0  0.0  0.00027  0.000139  1.21476       0
2023-02-13 23:30:05 CandleManager() new candle:last_candle:23-02-14 04:29 is_ready:True
2023-02-13 23:30:05 tech_manager: max_rows:32 candle_time:2023-02-14 04:29:00+00:00 granularityM1
2023-02-13 23:30:05 process_candles:
       PAIR                      time    mid_c    mid_o   SL   TP   SPREAD      GAIN     LOSS  SIGNAL
26  GBP_USD 2023-02-14 04:25:00+00:00  1.21490  1.21456  0.0  0.0  0.00024  0.000363  1.21490       0
27  GBP_USD 2023-02-14 04:26:00+00:00  1.21495  1.21492  0.0  0.0  0.00022  0.000378  1.21495       0
28  GBP_USD 2023-02-14 04:27:00+00:00  1.21489  1.21494  0.0  0.0  0.00024  0.000288  1.21489       0
29  GBP_USD 2023-02-14 04:28:00+00:00  1.21476  1.21486  0.0  0.0  0.00027  0.000139  1.21476       0
30  GBP_USD 2023-02-14 04:29:00+00:00  1.21478  1.21476  0.0  0.0  0.00024  0.000132  1.21478       0
2023-02-13 23:31:06 CandleManager() new candle:last_candle:23-02-14 04:30 is_ready:True
2023-02-13 23:31:06 tech_manager: max_rows:32 candle_time:2023-02-14 04:30:00+00:00 granularityM1
2023-02-13 23:31:07 process_candles:
       PAIR                      time    mid_c    mid_o   SL   TP   SPREAD      GAIN     LOSS  SIGNAL
26  GBP_USD 2023-02-14 04:26:00+00:00  1.21495  1.21492  0.0  0.0  0.00022  0.000378  1.21495       0
27  GBP_USD 2023-02-14 04:27:00+00:00  1.21489  1.21494  0.0  0.0  0.00024  0.000288  1.21489       0
28  GBP_USD 2023-02-14 04:28:00+00:00  1.21476  1.21486  0.0  0.0  0.00027  0.000139  1.21476       0
29  GBP_USD 2023-02-14 04:29:00+00:00  1.21478  1.21476  0.0  0.0  0.00024  0.000132  1.21478       0
30  GBP_USD 2023-02-14 04:30:00+00:00  1.21484  1.21478  0.0  0.0  0.00025  0.000160  1.21484       0
2023-02-13 23:32:08 CandleManager() new candle:last_candle:23-02-14 04:31 is_ready:True
2023-02-13 23:32:08 tech_manager: max_rows:32 candle_time:2023-02-14 04:31:00+00:00 granularityM1
2023-02-13 23:32:08 process_candles:
       PAIR                      time    mid_c    mid_o   SL   TP   SPREAD      GAIN     LOSS  SIGNAL
26  GBP_USD 2023-02-14 04:27:00+00:00  1.21489  1.21494  0.0  0.0  0.00024  0.000288  1.21489       0
27  GBP_USD 2023-02-14 04:28:00+00:00  1.21476  1.21486  0.0  0.0  0.00027  0.000139  1.21476       0
28  GBP_USD 2023-02-14 04:29:00+00:00  1.21478  1.21476  0.0  0.0  0.00024  0.000132  1.21478       0
29  GBP_USD 2023-02-14 04:30:00+00:00  1.21484  1.21478  0.0  0.0  0.00025  0.000160  1.21484       0
30  GBP_USD 2023-02-14 04:31:00+00:00  1.21482  1.21486  0.0  0.0  0.00026  0.000110  1.21482       0
2023-02-13 23:33:09 CandleManager() new candle:last_candle:23-02-14 04:32 is_ready:True
2023-02-13 23:33:09 tech_manager: max_rows:32 candle_time:2023-02-14 04:32:00+00:00 granularityM1
2023-02-13 23:33:09 process_candles:
       PAIR                      time    mid_c    mid_o   SL   TP   SPREAD      GAIN     LOSS  SIGNAL
26  GBP_USD 2023-02-14 04:28:00+00:00  1.21476  1.21486  0.0  0.0  0.00027  0.000139  1.21476       0
27  GBP_USD 2023-02-14 04:29:00+00:00  1.21478  1.21476  0.0  0.0  0.00024  0.000132  1.21478       0
28  GBP_USD 2023-02-14 04:30:00+00:00  1.21484  1.21478  0.0  0.0  0.00025  0.000160  1.21484       0
29  GBP_USD 2023-02-14 04:31:00+00:00  1.21482  1.21486  0.0  0.0  0.00026  0.000110  1.21482       0
30  GBP_USD 2023-02-14 04:32:00+00:00  1.21484  1.21483  0.0  0.0  0.00023  0.000099  1.21484       0
2023-02-13 23:34:00 CandleManager() new candle:last_candle:23-02-14 04:33 is_ready:True
2023-02-13 23:34:00 tech_manager: max_rows:32 candle_time:2023-02-14 04:33:00+00:00 granularityM1
2023-02-13 23:34:00 process_candles:
       PAIR                      time    mid_c    mid_o   SL   TP   SPREAD      GAIN     LOSS  SIGNAL
26  GBP_USD 2023-02-14 04:29:00+00:00  1.21478  1.21476  0.0  0.0  0.00024  0.000132  1.21478       0
27  GBP_USD 2023-02-14 04:30:00+00:00  1.21484  1.21478  0.0  0.0  0.00025  0.000160  1.21484       0
28  GBP_USD 2023-02-14 04:31:00+00:00  1.21482  1.21486  0.0  0.0  0.00026  0.000110  1.21482       0
29  GBP_USD 2023-02-14 04:32:00+00:00  1.21484  1.21483  0.0  0.0  0.00023  0.000099  1.21484       0
30  GBP_USD 2023-02-14 04:33:00+00:00  1.21478  1.21484  0.0  0.0  0.00025  0.000016  1.21478       0
2023-02-13 23:35:01 CandleManager() new candle:last_candle:23-02-14 04:34 is_ready:True
2023-02-13 23:35:02 tech_manager: max_rows:32 candle_time:2023-02-14 04:34:00+00:00 granularityM1
2023-02-13 23:35:02 process_candles:
       PAIR                      time    mid_c    mid_o   SL   TP   SPREAD      GAIN     LOSS  SIGNAL
26  GBP_USD 2023-02-14 04:30:00+00:00  1.21484  1.21478  0.0  0.0  0.00025  0.000160  1.21484       0
27  GBP_USD 2023-02-14 04:31:00+00:00  1.21482  1.21486  0.0  0.0  0.00026  0.000110  1.21482       0
28  GBP_USD 2023-02-14 04:32:00+00:00  1.21484  1.21483  0.0  0.0  0.00023  0.000099  1.21484       0
29  GBP_USD 2023-02-14 04:33:00+00:00  1.21478  1.21484  0.0  0.0  0.00025  0.000016  1.21478       0
30  GBP_USD 2023-02-14 04:34:00+00:00  1.21485  1.21478  0.0  0.0  0.00020  0.000063  1.21485       0
2023-02-13 23:36:03 CandleManager() new candle:last_candle:23-02-14 04:35 is_ready:True
2023-02-13 23:36:03 tech_manager: max_rows:32 candle_time:2023-02-14 04:35:00+00:00 granularityM1
2023-02-13 23:36:03 process_candles:
       PAIR                      time    mid_c    mid_o   SL   TP   SPREAD      GAIN     LOSS  SIGNAL
26  GBP_USD 2023-02-14 04:31:00+00:00  1.21482  1.21486  0.0  0.0  0.00026  0.000110  1.21482       0
27  GBP_USD 2023-02-14 04:32:00+00:00  1.21484  1.21483  0.0  0.0  0.00023  0.000099  1.21484       0
28  GBP_USD 2023-02-14 04:33:00+00:00  1.21478  1.21484  0.0  0.0  0.00025  0.000016  1.21478       0
29  GBP_USD 2023-02-14 04:34:00+00:00  1.21485  1.21478  0.0  0.0  0.00020  0.000063  1.21485       0
30  GBP_USD 2023-02-14 04:35:00+00:00  1.21472  1.21485  0.0  0.0  0.00019  0.000085  1.21472       0
2023-02-13 23:37:04 CandleManager() new candle:last_candle:23-02-14 04:36 is_ready:True
2023-02-13 23:37:04 tech_manager: max_rows:32 candle_time:2023-02-14 04:36:00+00:00 granularityM1
2023-02-13 23:37:04 process_candles:
       PAIR                      time    mid_c    mid_o   SL   TP   SPREAD      GAIN     LOSS  SIGNAL
26  GBP_USD 2023-02-14 04:32:00+00:00  1.21484  1.21483  0.0  0.0  0.00023  0.000099  1.21484       0
27  GBP_USD 2023-02-14 04:33:00+00:00  1.21478  1.21484  0.0  0.0  0.00025  0.000016  1.21478       0
28  GBP_USD 2023-02-14 04:34:00+00:00  1.21485  1.21478  0.0  0.0  0.00020  0.000063  1.21485       0
29  GBP_USD 2023-02-14 04:35:00+00:00  1.21472  1.21485  0.0  0.0  0.00019  0.000085  1.21472       0
30  GBP_USD 2023-02-14 04:36:00+00:00  1.21476  1.21472  0.0  0.0  0.00025  0.000060  1.21476       0
2023-02-13 23:38:05 CandleManager() new candle:last_candle:23-02-14 04:37 is_ready:True
2023-02-13 23:38:05 tech_manager: max_rows:32 candle_time:2023-02-14 04:37:00+00:00 granularityM1
2023-02-13 23:38:05 process_candles:
       PAIR                      time    mid_c    mid_o   SL   TP   SPREAD      GAIN     LOSS  SIGNAL
26  GBP_USD 2023-02-14 04:33:00+00:00  1.21478  1.21484  0.0  0.0  0.00025  0.000016  1.21478       0
27  GBP_USD 2023-02-14 04:34:00+00:00  1.21485  1.21478  0.0  0.0  0.00020  0.000063  1.21485       0
28  GBP_USD 2023-02-14 04:35:00+00:00  1.21472  1.21485  0.0  0.0  0.00019  0.000085  1.21472       0
29  GBP_USD 2023-02-14 04:36:00+00:00  1.21476  1.21472  0.0  0.0  0.00025  0.000060  1.21476       0
30  GBP_USD 2023-02-14 04:37:00+00:00  1.21472  1.21476  0.0  0.0  0.00019  0.000096  1.21472       0
2023-02-13 23:39:07 CandleManager() new candle:last_candle:23-02-14 04:38 is_ready:True
2023-02-13 23:39:07 tech_manager: max_rows:32 candle_time:2023-02-14 04:38:00+00:00 granularityM1
2023-02-13 23:39:07 process_candles:
       PAIR                      time    mid_c    mid_o   SL   TP   SPREAD      GAIN     LOSS  SIGNAL
26  GBP_USD 2023-02-14 04:34:00+00:00  1.21485  1.21478  0.0  0.0  0.00020  0.000063  1.21485       0
27  GBP_USD 2023-02-14 04:35:00+00:00  1.21472  1.21485  0.0  0.0  0.00019  0.000085  1.21472       0
28  GBP_USD 2023-02-14 04:36:00+00:00  1.21476  1.21472  0.0  0.0  0.00025  0.000060  1.21476       0
29  GBP_USD 2023-02-14 04:37:00+00:00  1.21472  1.21476  0.0  0.0  0.00019  0.000096  1.21472       0
30  GBP_USD 2023-02-14 04:38:00+00:00  1.21472  1.21473  0.0  0.0  0.00021  0.000076  1.21472       0
2023-02-13 23:40:08 CandleManager() new candle:last_candle:23-02-14 04:39 is_ready:True
2023-02-13 23:40:08 tech_manager: max_rows:32 candle_time:2023-02-14 04:39:00+00:00 granularityM1
2023-02-13 23:40:08 process_candles:
       PAIR                      time    mid_c    mid_o   SL   TP   SPREAD      GAIN     LOSS  SIGNAL
26  GBP_USD 2023-02-14 04:35:00+00:00  1.21472  1.21485  0.0  0.0  0.00019  0.000085  1.21472       0
27  GBP_USD 2023-02-14 04:36:00+00:00  1.21476  1.21472  0.0  0.0  0.00025  0.000060  1.21476       0
28  GBP_USD 2023-02-14 04:37:00+00:00  1.21472  1.21476  0.0  0.0  0.00019  0.000096  1.21472       0
29  GBP_USD 2023-02-14 04:38:00+00:00  1.21472  1.21473  0.0  0.0  0.00021  0.000076  1.21472       0
30  GBP_USD 2023-02-14 04:39:00+00:00  1.21470  1.21472  0.0  0.0  0.00022  0.000078  1.21470       0
2023-02-13 23:41:09 CandleManager() new candle:last_candle:23-02-14 04:40 is_ready:True
2023-02-13 23:41:10 tech_manager: max_rows:32 candle_time:2023-02-14 04:40:00+00:00 granularityM1
2023-02-13 23:41:10 process_candles:
       PAIR                      time    mid_c    mid_o   SL   TP   SPREAD      GAIN     LOSS  SIGNAL
26  GBP_USD 2023-02-14 04:36:00+00:00  1.21476  1.21472  0.0  0.0  0.00025  0.000060  1.21476       0
27  GBP_USD 2023-02-14 04:37:00+00:00  1.21472  1.21476  0.0  0.0  0.00019  0.000096  1.21472       0
28  GBP_USD 2023-02-14 04:38:00+00:00  1.21472  1.21473  0.0  0.0  0.00021  0.000076  1.21472       0
29  GBP_USD 2023-02-14 04:39:00+00:00  1.21470  1.21472  0.0  0.0  0.00022  0.000078  1.21470       0
30  GBP_USD 2023-02-14 04:40:00+00:00  1.21470  1.21470  0.0  0.0  0.00021  0.000073  1.21470       0
2023-02-13 23:42:00 CandleManager() new candle:last_candle:23-02-14 04:41 is_ready:True
2023-02-13 23:42:01 tech_manager: max_rows:32 candle_time:2023-02-14 04:41:00+00:00 granularityM1
2023-02-13 23:42:01 process_candles:
       PAIR                      time    mid_c    mid_o   SL   TP   SPREAD      GAIN     LOSS  SIGNAL
26  GBP_USD 2023-02-14 04:37:00+00:00  1.21472  1.21476  0.0  0.0  0.00019  0.000096  1.21472       0
27  GBP_USD 2023-02-14 04:38:00+00:00  1.21472  1.21473  0.0  0.0  0.00021  0.000076  1.21472       0
28  GBP_USD 2023-02-14 04:39:00+00:00  1.21470  1.21472  0.0  0.0  0.00022  0.000078  1.21470       0
29  GBP_USD 2023-02-14 04:40:00+00:00  1.21470  1.21470  0.0  0.0  0.00021  0.000073  1.21470       0
30  GBP_USD 2023-02-14 04:41:00+00:00  1.21469  1.21471  0.0  0.0  0.00018  0.000078  1.21469       0
2023-02-13 23:43:02 CandleManager() new candle:last_candle:23-02-14 04:42 is_ready:True
2023-02-13 23:43:02 tech_manager: max_rows:32 candle_time:2023-02-14 04:42:00+00:00 granularityM1
2023-02-13 23:43:02 process_candles:
       PAIR                      time    mid_c    mid_o   SL   TP   SPREAD      GAIN     LOSS  SIGNAL
26  GBP_USD 2023-02-14 04:38:00+00:00  1.21472  1.21473  0.0  0.0  0.00021  0.000076  1.21472       0
27  GBP_USD 2023-02-14 04:39:00+00:00  1.21470  1.21472  0.0  0.0  0.00022  0.000078  1.21470       0
28  GBP_USD 2023-02-14 04:40:00+00:00  1.21470  1.21470  0.0  0.0  0.00021  0.000073  1.21470       0
29  GBP_USD 2023-02-14 04:41:00+00:00  1.21469  1.21471  0.0  0.0  0.00018  0.000078  1.21469       0
30  GBP_USD 2023-02-14 04:42:00+00:00  1.21464  1.21470  0.0  0.0  0.00021  0.000115  1.21464       0
2023-02-13 23:44:03 CandleManager() new candle:last_candle:23-02-14 04:43 is_ready:True
2023-02-13 23:44:03 tech_manager: max_rows:32 candle_time:2023-02-14 04:43:00+00:00 granularityM1
2023-02-13 23:44:03 process_candles:
       PAIR                      time    mid_c    mid_o   SL   TP   SPREAD      GAIN     LOSS  SIGNAL
26  GBP_USD 2023-02-14 04:39:00+00:00  1.21470  1.21472  0.0  0.0  0.00022  0.000078  1.21470       0
27  GBP_USD 2023-02-14 04:40:00+00:00  1.21470  1.21470  0.0  0.0  0.00021  0.000073  1.21470       0
28  GBP_USD 2023-02-14 04:41:00+00:00  1.21469  1.21471  0.0  0.0  0.00018  0.000078  1.21469       0
29  GBP_USD 2023-02-14 04:42:00+00:00  1.21464  1.21470  0.0  0.0  0.00021  0.000115  1.21464       0
30  GBP_USD 2023-02-14 04:43:00+00:00  1.21463  1.21464  0.0  0.0  0.00018  0.000109  1.21463       0
2023-02-13 23:45:04 CandleManager() new candle:last_candle:23-02-14 04:44 is_ready:True
2023-02-13 23:45:04 tech_manager: max_rows:32 candle_time:2023-02-14 04:44:00+00:00 granularityM1
2023-02-13 23:45:04 process_candles:
       PAIR                      time    mid_c    mid_o   SL   TP   SPREAD      GAIN     LOSS  SIGNAL
26  GBP_USD 2023-02-14 04:40:00+00:00  1.21470  1.21470  0.0  0.0  0.00021  0.000073  1.21470       0
27  GBP_USD 2023-02-14 04:41:00+00:00  1.21469  1.21471  0.0  0.0  0.00018  0.000078  1.21469       0
28  GBP_USD 2023-02-14 04:42:00+00:00  1.21464  1.21470  0.0  0.0  0.00021  0.000115  1.21464       0
29  GBP_USD 2023-02-14 04:43:00+00:00  1.21463  1.21464  0.0  0.0  0.00018  0.000109  1.21463       0
30  GBP_USD 2023-02-14 04:44:00+00:00  1.21472  1.21463  0.0  0.0  0.00021  0.000006  1.21472       0
2023-02-13 23:46:05 CandleManager() new candle:last_candle:23-02-14 04:45 is_ready:True
2023-02-13 23:46:05 tech_manager: max_rows:32 candle_time:2023-02-14 04:45:00+00:00 granularityM1
2023-02-13 23:46:05 process_candles:
       PAIR                      time    mid_c    mid_o   SL   TP   SPREAD      GAIN     LOSS  SIGNAL
26  GBP_USD 2023-02-14 04:41:00+00:00  1.21469  1.21471  0.0  0.0  0.00018  0.000078  1.21469       0
27  GBP_USD 2023-02-14 04:42:00+00:00  1.21464  1.21470  0.0  0.0  0.00021  0.000115  1.21464       0
28  GBP_USD 2023-02-14 04:43:00+00:00  1.21463  1.21464  0.0  0.0  0.00018  0.000109  1.21463       0
29  GBP_USD 2023-02-14 04:44:00+00:00  1.21472  1.21463  0.0  0.0  0.00021  0.000006  1.21472       0
30  GBP_USD 2023-02-14 04:45:00+00:00  1.21471  1.21472  0.0  0.0  0.00020  0.000009  1.21471       0
2023-02-13 23:47:06 CandleManager() new candle:last_candle:23-02-14 04:46 is_ready:True
2023-02-13 23:47:06 tech_manager: max_rows:32 candle_time:2023-02-14 04:46:00+00:00 granularityM1
2023-02-13 23:47:06 process_candles:
       PAIR                      time    mid_c    mid_o   SL   TP   SPREAD      GAIN     LOSS  SIGNAL
26  GBP_USD 2023-02-14 04:42:00+00:00  1.21464  1.21470  0.0  0.0  0.00021  0.000115  1.21464       0
27  GBP_USD 2023-02-14 04:43:00+00:00  1.21463  1.21464  0.0  0.0  0.00018  0.000109  1.21463       0
28  GBP_USD 2023-02-14 04:44:00+00:00  1.21472  1.21463  0.0  0.0  0.00021  0.000006  1.21472       0
29  GBP_USD 2023-02-14 04:45:00+00:00  1.21471  1.21472  0.0  0.0  0.00020  0.000009  1.21471       0
30  GBP_USD 2023-02-14 04:46:00+00:00  1.21473  1.21470  0.0  0.0  0.00018  0.000019  1.21473       0
2023-02-13 23:48:07 CandleManager() new candle:last_candle:23-02-14 04:47 is_ready:True
2023-02-13 23:48:08 tech_manager: max_rows:32 candle_time:2023-02-14 04:47:00+00:00 granularityM1
2023-02-13 23:48:08 process_candles:
       PAIR                      time    mid_c    mid_o   SL   TP   SPREAD      GAIN     LOSS  SIGNAL
26  GBP_USD 2023-02-14 04:43:00+00:00  1.21463  1.21464  0.0  0.0  0.00018  0.000109  1.21463       0
27  GBP_USD 2023-02-14 04:44:00+00:00  1.21472  1.21463  0.0  0.0  0.00021  0.000006  1.21472       0
28  GBP_USD 2023-02-14 04:45:00+00:00  1.21471  1.21472  0.0  0.0  0.00020  0.000009  1.21471       0
29  GBP_USD 2023-02-14 04:46:00+00:00  1.21473  1.21470  0.0  0.0  0.00018  0.000019  1.21473       0
30  GBP_USD 2023-02-14 04:47:00+00:00  1.21470  1.21473  0.0  0.0  0.00025  0.000007  1.21470       0
2023-02-13 23:49:08 CandleManager() new candle:last_candle:23-02-14 04:48 is_ready:True
2023-02-13 23:49:09 tech_manager: max_rows:32 candle_time:2023-02-14 04:48:00+00:00 granularityM1
2023-02-13 23:49:09 process_candles:
       PAIR                      time    mid_c    mid_o   SL   TP   SPREAD      GAIN     LOSS  SIGNAL
26  GBP_USD 2023-02-14 04:44:00+00:00  1.21472  1.21463  0.0  0.0  0.00021  0.000006  1.21472       0
27  GBP_USD 2023-02-14 04:45:00+00:00  1.21471  1.21472  0.0  0.0  0.00020  0.000009  1.21471       0
28  GBP_USD 2023-02-14 04:46:00+00:00  1.21473  1.21470  0.0  0.0  0.00018  0.000019  1.21473       0
29  GBP_USD 2023-02-14 04:47:00+00:00  1.21470  1.21473  0.0  0.0  0.00025  0.000007  1.21470       0
30  GBP_USD 2023-02-14 04:48:00+00:00  1.21468  1.21471  0.0  0.0  0.00023  0.000022  1.21468       0
2023-02-13 23:50:10 CandleManager() new candle:last_candle:23-02-14 04:49 is_ready:True
2023-02-13 23:50:10 tech_manager: max_rows:32 candle_time:2023-02-14 04:49:00+00:00 granularityM1
2023-02-13 23:50:10 process_candles:
       PAIR                      time    mid_c    mid_o   SL   TP   SPREAD      GAIN     LOSS  SIGNAL
26  GBP_USD 2023-02-14 04:45:00+00:00  1.21471  1.21472  0.0  0.0  0.00020  0.000009  1.21471       0
27  GBP_USD 2023-02-14 04:46:00+00:00  1.21473  1.21470  0.0  0.0  0.00018  0.000019  1.21473       0
28  GBP_USD 2023-02-14 04:47:00+00:00  1.21470  1.21473  0.0  0.0  0.00025  0.000007  1.21470       0
29  GBP_USD 2023-02-14 04:48:00+00:00  1.21468  1.21471  0.0  0.0  0.00023  0.000022  1.21468       0
30  GBP_USD 2023-02-14 04:49:00+00:00  1.21480  1.21468  0.0  0.0  0.00017  0.000094  1.21480       0
2023-02-13 23:51:01 CandleManager() new candle:last_candle:23-02-14 04:50 is_ready:True
2023-02-13 23:51:01 tech_manager: max_rows:32 candle_time:2023-02-14 04:50:00+00:00 granularityM1
2023-02-13 23:51:01 process_candles:
       PAIR                      time    mid_c    mid_o   SL   TP   SPREAD      GAIN     LOSS  SIGNAL
26  GBP_USD 2023-02-14 04:46:00+00:00  1.21473  1.21470  0.0  0.0  0.00018  0.000019  1.21473       0
27  GBP_USD 2023-02-14 04:47:00+00:00  1.21470  1.21473  0.0  0.0  0.00025  0.000007  1.21470       0
28  GBP_USD 2023-02-14 04:48:00+00:00  1.21468  1.21471  0.0  0.0  0.00023  0.000022  1.21468       0
29  GBP_USD 2023-02-14 04:49:00+00:00  1.21480  1.21468  0.0  0.0  0.00017  0.000094  1.21480       0
30  GBP_USD 2023-02-14 04:50:00+00:00  1.21490  1.21480  0.0  0.0  0.00023  0.000182  1.21490       0
2023-02-13 23:52:02 CandleManager() new candle:last_candle:23-02-14 04:51 is_ready:True
2023-02-13 23:52:03 tech_manager: max_rows:32 candle_time:2023-02-14 04:51:00+00:00 granularityM1
2023-02-13 23:52:03 process_candles:
       PAIR                      time    mid_c    mid_o   SL   TP   SPREAD      GAIN     LOSS  SIGNAL
26  GBP_USD 2023-02-14 04:47:00+00:00  1.21470  1.21473  0.0  0.0  0.00025  0.000007  1.21470       0
27  GBP_USD 2023-02-14 04:48:00+00:00  1.21468  1.21471  0.0  0.0  0.00023  0.000022  1.21468       0
28  GBP_USD 2023-02-14 04:49:00+00:00  1.21480  1.21468  0.0  0.0  0.00017  0.000094  1.21480       0
29  GBP_USD 2023-02-14 04:50:00+00:00  1.21490  1.21480  0.0  0.0  0.00023  0.000182  1.21490       0
30  GBP_USD 2023-02-14 04:51:00+00:00  1.21492  1.21490  0.0  0.0  0.00022  0.000184  1.21492       0
2023-02-13 23:53:14 CandleManager() new candle:last_candle:23-02-14 04:52 is_ready:True
2023-02-13 23:53:14 tech_manager: max_rows:32 candle_time:2023-02-14 04:52:00+00:00 granularityM1
2023-02-13 23:53:14 process_candles:
       PAIR                      time    mid_c    mid_o   SL   TP   SPREAD      GAIN     LOSS  SIGNAL
26  GBP_USD 2023-02-14 04:48:00+00:00  1.21468  1.21471  0.0  0.0  0.00023  0.000022  1.21468       0
27  GBP_USD 2023-02-14 04:49:00+00:00  1.21480  1.21468  0.0  0.0  0.00017  0.000094  1.21480       0
28  GBP_USD 2023-02-14 04:50:00+00:00  1.21490  1.21480  0.0  0.0  0.00023  0.000182  1.21490       0
29  GBP_USD 2023-02-14 04:51:00+00:00  1.21492  1.21490  0.0  0.0  0.00022  0.000184  1.21492       0
30  GBP_USD 2023-02-14 04:52:00+00:00  1.21483  1.21492  0.0  0.0  0.00020  0.000085  1.21483       0
2023-02-13 23:54:05 CandleManager() new candle:last_candle:23-02-14 04:53 is_ready:True
2023-02-13 23:54:05 tech_manager: max_rows:32 candle_time:2023-02-14 04:53:00+00:00 granularityM1
2023-02-13 23:54:05 process_candles:
       PAIR                      time    mid_c    mid_o   SL   TP   SPREAD      GAIN     LOSS  SIGNAL
26  GBP_USD 2023-02-14 04:49:00+00:00  1.21480  1.21468  0.0  0.0  0.00017  0.000094  1.21480       0
27  GBP_USD 2023-02-14 04:50:00+00:00  1.21490  1.21480  0.0  0.0  0.00023  0.000182  1.21490       0
28  GBP_USD 2023-02-14 04:51:00+00:00  1.21492  1.21490  0.0  0.0  0.00022  0.000184  1.21492       0
29  GBP_USD 2023-02-14 04:52:00+00:00  1.21483  1.21492  0.0  0.0  0.00020  0.000085  1.21483       0
30  GBP_USD 2023-02-14 04:53:00+00:00  1.21473  1.21483  0.0  0.0  0.00020  0.000018  1.21473       0
2023-02-13 23:55:06 CandleManager() new candle:last_candle:23-02-14 04:54 is_ready:True
2023-02-13 23:55:06 tech_manager: max_rows:32 candle_time:2023-02-14 04:54:00+00:00 granularityM1
2023-02-13 23:55:06 process_candles:
       PAIR                      time    mid_c    mid_o   SL   TP   SPREAD      GAIN     LOSS  SIGNAL
26  GBP_USD 2023-02-14 04:50:00+00:00  1.21490  1.21480  0.0  0.0  0.00023  0.000183  1.21490       0
27  GBP_USD 2023-02-14 04:51:00+00:00  1.21492  1.21490  0.0  0.0  0.00022  0.000184  1.21492       0
28  GBP_USD 2023-02-14 04:52:00+00:00  1.21483  1.21492  0.0  0.0  0.00020  0.000085  1.21483       0
29  GBP_USD 2023-02-14 04:53:00+00:00  1.21473  1.21483  0.0  0.0  0.00020  0.000018  1.21473       0
30  GBP_USD 2023-02-14 04:54:00+00:00  1.21472  1.21472  0.0  0.0  0.00022  0.000033  1.21472       0
2023-02-13 23:56:07 CandleManager() new candle:last_candle:23-02-14 04:55 is_ready:True
2023-02-13 23:56:07 tech_manager: max_rows:32 candle_time:2023-02-14 04:55:00+00:00 granularityM1
2023-02-13 23:56:07 process_candles:
       PAIR                      time    mid_c    mid_o   SL   TP   SPREAD      GAIN     LOSS  SIGNAL
26  GBP_USD 2023-02-14 04:51:00+00:00  1.21492  1.21490  0.0  0.0  0.00022  0.000184  1.21492       0
27  GBP_USD 2023-02-14 04:52:00+00:00  1.21483  1.21492  0.0  0.0  0.00020  0.000085  1.21483       0
28  GBP_USD 2023-02-14 04:53:00+00:00  1.21473  1.21483  0.0  0.0  0.00020  0.000018  1.21473       0
29  GBP_USD 2023-02-14 04:54:00+00:00  1.21472  1.21472  0.0  0.0  0.00022  0.000033  1.21472       0
30  GBP_USD 2023-02-14 04:55:00+00:00  1.21471  1.21472  0.0  0.0  0.00020  0.000049  1.21471       0
2023-02-13 23:57:08 CandleManager() new candle:last_candle:23-02-14 04:56 is_ready:True
2023-02-13 23:57:08 tech_manager: max_rows:32 candle_time:2023-02-14 04:56:00+00:00 granularityM1
2023-02-13 23:57:08 process_candles:
       PAIR                      time    mid_c    mid_o   SL   TP   SPREAD      GAIN     LOSS  SIGNAL
26  GBP_USD 2023-02-14 04:52:00+00:00  1.21483  1.21492  0.0  0.0  0.00020  0.000085  1.21483       0
27  GBP_USD 2023-02-14 04:53:00+00:00  1.21473  1.21483  0.0  0.0  0.00020  0.000018  1.21473       0
28  GBP_USD 2023-02-14 04:54:00+00:00  1.21472  1.21472  0.0  0.0  0.00022  0.000033  1.21472       0
29  GBP_USD 2023-02-14 04:55:00+00:00  1.21471  1.21472  0.0  0.0  0.00020  0.000049  1.21471       0
30  GBP_USD 2023-02-14 04:56:00+00:00  1.21471  1.21472  0.0  0.0  0.00020  0.000051  1.21471       0
2023-02-13 23:58:09 CandleManager() new candle:last_candle:23-02-14 04:57 is_ready:True
2023-02-13 23:58:09 tech_manager: max_rows:32 candle_time:2023-02-14 04:57:00+00:00 granularityM1
2023-02-13 23:58:09 process_candles:
       PAIR                      time    mid_c    mid_o   SL   TP   SPREAD      GAIN     LOSS  SIGNAL
26  GBP_USD 2023-02-14 04:53:00+00:00  1.21473  1.21483  0.0  0.0  0.00020  0.000018  1.21473       0
27  GBP_USD 2023-02-14 04:54:00+00:00  1.21472  1.21472  0.0  0.0  0.00022  0.000033  1.21472       0
28  GBP_USD 2023-02-14 04:55:00+00:00  1.21471  1.21472  0.0  0.0  0.00020  0.000049  1.21471       0
29  GBP_USD 2023-02-14 04:56:00+00:00  1.21471  1.21472  0.0  0.0  0.00020  0.000051  1.21471       0
30  GBP_USD 2023-02-14 04:57:00+00:00  1.21482  1.21472  0.0  0.0  0.00019  0.000050  1.21482       0
2023-02-13 23:59:00 CandleManager() new candle:last_candle:23-02-14 04:58 is_ready:True
2023-02-13 23:59:00 tech_manager: max_rows:32 candle_time:2023-02-14 04:58:00+00:00 granularityM1
2023-02-13 23:59:00 process_candles:
       PAIR                      time    mid_c    mid_o   SL   TP   SPREAD      GAIN     LOSS  SIGNAL
26  GBP_USD 2023-02-14 04:54:00+00:00  1.21472  1.21472  0.0  0.0  0.00022  0.000033  1.21472       0
27  GBP_USD 2023-02-14 04:55:00+00:00  1.21471  1.21472  0.0  0.0  0.00020  0.000049  1.21471       0
28  GBP_USD 2023-02-14 04:56:00+00:00  1.21471  1.21472  0.0  0.0  0.00020  0.000051  1.21471       0
29  GBP_USD 2023-02-14 04:57:00+00:00  1.21482  1.21472  0.0  0.0  0.00019  0.000050  1.21482       0
30  GBP_USD 2023-02-14 04:58:00+00:00  1.21483  1.21482  0.0  0.0  0.00020  0.000052  1.21483       0
2023-02-14 00:00:01 CandleManager() new candle:last_candle:23-02-14 04:59 is_ready:True
2023-02-14 00:00:02 tech_manager: max_rows:32 candle_time:2023-02-14 04:59:00+00:00 granularityM1
2023-02-14 00:00:02 process_candles:
       PAIR                      time    mid_c    mid_o   SL   TP   SPREAD      GAIN     LOSS  SIGNAL
26  GBP_USD 2023-02-14 04:55:00+00:00  1.21471  1.21472  0.0  0.0  0.00020  0.000049  1.21471       0
27  GBP_USD 2023-02-14 04:56:00+00:00  1.21471  1.21472  0.0  0.0  0.00020  0.000051  1.21471       0
28  GBP_USD 2023-02-14 04:57:00+00:00  1.21482  1.21472  0.0  0.0  0.00019  0.000050  1.21482       0
29  GBP_USD 2023-02-14 04:58:00+00:00  1.21483  1.21482  0.0  0.0  0.00020  0.000052  1.21483       0
30  GBP_USD 2023-02-14 04:59:00+00:00  1.21492  1.21481  0.0  0.0  0.00021  0.000127  1.21492       0
2023-02-14 00:01:03 CandleManager() new candle:last_candle:23-02-14 05:00 is_ready:True
2023-02-14 00:01:03 tech_manager: max_rows:32 candle_time:2023-02-14 05:00:00+00:00 granularityM1
2023-02-14 00:01:03 process_candles:
       PAIR                      time    mid_c    mid_o   SL   TP   SPREAD      GAIN     LOSS  SIGNAL
26  GBP_USD 2023-02-14 04:56:00+00:00  1.21471  1.21472  0.0  0.0  0.00020  0.000051  1.21471       0
27  GBP_USD 2023-02-14 04:57:00+00:00  1.21482  1.21472  0.0  0.0  0.00019  0.000050  1.21482       0
28  GBP_USD 2023-02-14 04:58:00+00:00  1.21483  1.21482  0.0  0.0  0.00020  0.000052  1.21483       0
29  GBP_USD 2023-02-14 04:59:00+00:00  1.21492  1.21481  0.0  0.0  0.00021  0.000127  1.21492       0
30  GBP_USD 2023-02-14 05:00:00+00:00  1.21485  1.21492  0.0  0.0  0.00020  0.000043  1.21485       0
2023-02-14 00:02:04 CandleManager() new candle:last_candle:23-02-14 05:01 is_ready:True
2023-02-14 00:02:04 tech_manager: max_rows:32 candle_time:2023-02-14 05:01:00+00:00 granularityM1
2023-02-14 00:02:04 process_candles:
       PAIR                      time    mid_c    mid_o   SL   TP   SPREAD      GAIN     LOSS  SIGNAL
26  GBP_USD 2023-02-14 04:57:00+00:00  1.21482  1.21472  0.0  0.0  0.00019  0.000050  1.21482       0
27  GBP_USD 2023-02-14 04:58:00+00:00  1.21483  1.21482  0.0  0.0  0.00020  0.000052  1.21483       0
28  GBP_USD 2023-02-14 04:59:00+00:00  1.21492  1.21481  0.0  0.0  0.00021  0.000127  1.21492       0
29  GBP_USD 2023-02-14 05:00:00+00:00  1.21485  1.21492  0.0  0.0  0.00020  0.000042  1.21485       0
30  GBP_USD 2023-02-14 05:01:00+00:00  1.21504  1.21486  0.0  0.0  0.00019  0.000218  1.21504       0
2023-02-14 00:03:05 CandleManager() new candle:last_candle:23-02-14 05:02 is_ready:True
2023-02-14 00:03:05 tech_manager: max_rows:32 candle_time:2023-02-14 05:02:00+00:00 granularityM1
2023-02-14 00:03:06 process_candles:
       PAIR                      time    mid_c    mid_o   SL   TP   SPREAD      GAIN     LOSS  SIGNAL
26  GBP_USD 2023-02-14 04:58:00+00:00  1.21483  1.21482  0.0  0.0  0.00020  0.000052  1.21483       0
27  GBP_USD 2023-02-14 04:59:00+00:00  1.21492  1.21481  0.0  0.0  0.00021  0.000127  1.21492       0
28  GBP_USD 2023-02-14 05:00:00+00:00  1.21485  1.21492  0.0  0.0  0.00020  0.000043  1.21485       0
29  GBP_USD 2023-02-14 05:01:00+00:00  1.21504  1.21486  0.0  0.0  0.00019  0.000218  1.21504       0
30  GBP_USD 2023-02-14 05:02:00+00:00  1.21498  1.21504  0.0  0.0  0.00025  0.000148  1.21498       0
2023-02-14 00:04:06 CandleManager() new candle:last_candle:23-02-14 05:03 is_ready:True
2023-02-14 00:04:07 tech_manager: max_rows:32 candle_time:2023-02-14 05:03:00+00:00 granularityM1
2023-02-14 00:04:07 process_candles:
       PAIR                      time    mid_c    mid_o   SL   TP   SPREAD      GAIN     LOSS  SIGNAL
26  GBP_USD 2023-02-14 04:59:00+00:00  1.21492  1.21481  0.0  0.0  0.00021  0.000127  1.21492       0
27  GBP_USD 2023-02-14 05:00:00+00:00  1.21485  1.21492  0.0  0.0  0.00020  0.000042  1.21485       0
28  GBP_USD 2023-02-14 05:01:00+00:00  1.21504  1.21486  0.0  0.0  0.00019  0.000218  1.21504       0
29  GBP_USD 2023-02-14 05:02:00+00:00  1.21498  1.21504  0.0  0.0  0.00025  0.000148  1.21498       0
30  GBP_USD 2023-02-14 05:03:00+00:00  1.21504  1.21496  0.0  0.0  0.00018  0.000201  1.21504       0
2023-02-14 00:05:08 CandleManager() new candle:last_candle:23-02-14 05:04 is_ready:True
2023-02-14 00:05:08 tech_manager: max_rows:32 candle_time:2023-02-14 05:04:00+00:00 granularityM1
2023-02-14 00:05:08 process_candles:
       PAIR                      time    mid_c    mid_o   SL   TP   SPREAD      GAIN     LOSS  SIGNAL
26  GBP_USD 2023-02-14 05:00:00+00:00  1.21485  1.21492  0.0  0.0  0.00020  0.000042  1.21485       0
27  GBP_USD 2023-02-14 05:01:00+00:00  1.21504  1.21486  0.0  0.0  0.00019  0.000218  1.21504       0
28  GBP_USD 2023-02-14 05:02:00+00:00  1.21498  1.21504  0.0  0.0  0.00025  0.000148  1.21498       0
29  GBP_USD 2023-02-14 05:03:00+00:00  1.21504  1.21496  0.0  0.0  0.00018  0.000201  1.21504       0
30  GBP_USD 2023-02-14 05:04:00+00:00  1.21507  1.21504  0.0  0.0  0.00020  0.000215  1.21507       0
2023-02-14 00:06:09 CandleManager() new candle:last_candle:23-02-14 05:05 is_ready:True
2023-02-14 00:06:09 tech_manager: max_rows:32 candle_time:2023-02-14 05:05:00+00:00 granularityM1
2023-02-14 00:06:09 process_candles:
       PAIR                      time    mid_c    mid_o   SL   TP   SPREAD      GAIN     LOSS  SIGNAL
26  GBP_USD 2023-02-14 05:01:00+00:00  1.21504  1.21486  0.0  0.0  0.00019  0.000218  1.21504       0
27  GBP_USD 2023-02-14 05:02:00+00:00  1.21498  1.21504  0.0  0.0  0.00025  0.000148  1.21498       0
28  GBP_USD 2023-02-14 05:03:00+00:00  1.21504  1.21496  0.0  0.0  0.00018  0.000201  1.21504       0
29  GBP_USD 2023-02-14 05:04:00+00:00  1.21507  1.21504  0.0  0.0  0.00020  0.000215  1.21507       0
30  GBP_USD 2023-02-14 05:05:00+00:00  1.21518  1.21508  0.0  0.0  0.00021  0.000294  1.21518       0
2023-02-14 00:07:10 CandleManager() new candle:last_candle:23-02-14 05:06 is_ready:True
2023-02-14 00:07:10 tech_manager: max_rows:32 candle_time:2023-02-14 05:06:00+00:00 granularityM1
2023-02-14 00:07:10 process_candles:
       PAIR                      time    mid_c    mid_o   SL   TP   SPREAD      GAIN     LOSS  SIGNAL
26  GBP_USD 2023-02-14 05:02:00+00:00  1.21498  1.21504  0.0  0.0  0.00025  0.000148  1.21498       0
27  GBP_USD 2023-02-14 05:03:00+00:00  1.21504  1.21496  0.0  0.0  0.00018  0.000201  1.21504       0
28  GBP_USD 2023-02-14 05:04:00+00:00  1.21507  1.21504  0.0  0.0  0.00020  0.000215  1.21507       0
29  GBP_USD 2023-02-14 05:05:00+00:00  1.21518  1.21508  0.0  0.0  0.00021  0.000294  1.21518       0
30  GBP_USD 2023-02-14 05:06:00+00:00  1.21506  1.21518  0.0  0.0  0.00024  0.000143  1.21506       0
2023-02-14 00:08:01 CandleManager() new candle:last_candle:23-02-14 05:07 is_ready:True
2023-02-14 00:08:01 tech_manager: max_rows:32 candle_time:2023-02-14 05:07:00+00:00 granularityM1
2023-02-14 00:08:01 process_candles:
       PAIR                      time    mid_c    mid_o   SL   TP   SPREAD      GAIN     LOSS  SIGNAL
26  GBP_USD 2023-02-14 05:03:00+00:00  1.21504  1.21496  0.0  0.0  0.00018  0.000201  1.21504       0
27  GBP_USD 2023-02-14 05:04:00+00:00  1.21507  1.21504  0.0  0.0  0.00020  0.000215  1.21507       0
28  GBP_USD 2023-02-14 05:05:00+00:00  1.21518  1.21508  0.0  0.0  0.00021  0.000294  1.21518       0
29  GBP_USD 2023-02-14 05:06:00+00:00  1.21506  1.21518  0.0  0.0  0.00024  0.000143  1.21506       0
30  GBP_USD 2023-02-14 05:07:00+00:00  1.21514  1.21504  0.0  0.0  0.00025  0.000191  1.21514       0
2023-02-14 00:09:02 CandleManager() new candle:last_candle:23-02-14 05:08 is_ready:True
2023-02-14 00:09:02 tech_manager: max_rows:32 candle_time:2023-02-14 05:08:00+00:00 granularityM1
2023-02-14 00:09:02 process_candles:
       PAIR                      time    mid_c    mid_o   SL   TP   SPREAD      GAIN     LOSS  SIGNAL
26  GBP_USD 2023-02-14 05:04:00+00:00  1.21507  1.21504  0.0  0.0  0.00020  0.000215  1.21507       0
27  GBP_USD 2023-02-14 05:05:00+00:00  1.21518  1.21508  0.0  0.0  0.00021  0.000294  1.21518       0
28  GBP_USD 2023-02-14 05:06:00+00:00  1.21506  1.21518  0.0  0.0  0.00024  0.000142  1.21506       0
29  GBP_USD 2023-02-14 05:07:00+00:00  1.21514  1.21504  0.0  0.0  0.00025  0.000191  1.21514       0
30  GBP_USD 2023-02-14 05:08:00+00:00  1.21505  1.21514  0.0  0.0  0.00024  0.000069  1.21505       0
2023-02-14 00:10:03 CandleManager() new candle:last_candle:23-02-14 05:09 is_ready:True
2023-02-14 00:10:03 tech_manager: max_rows:32 candle_time:2023-02-14 05:09:00+00:00 granularityM1
2023-02-14 00:10:03 process_candles:
       PAIR                      time    mid_c    mid_o   SL   TP   SPREAD      GAIN     LOSS  SIGNAL
26  GBP_USD 2023-02-14 05:05:00+00:00  1.21518  1.21508  0.0  0.0  0.00021  0.000294  1.21518       0
27  GBP_USD 2023-02-14 05:06:00+00:00  1.21506  1.21518  0.0  0.0  0.00024  0.000142  1.21506       0
28  GBP_USD 2023-02-14 05:07:00+00:00  1.21514  1.21504  0.0  0.0  0.00025  0.000191  1.21514       0
29  GBP_USD 2023-02-14 05:08:00+00:00  1.21505  1.21514  0.0  0.0  0.00024  0.000069  1.21505       0
30  GBP_USD 2023-02-14 05:09:00+00:00  1.21502  1.21504  0.0  0.0  0.00025  0.000019  1.21502       0
2023-02-14 00:11:04 CandleManager() new candle:last_candle:23-02-14 05:10 is_ready:True
2023-02-14 00:11:05 tech_manager: max_rows:32 candle_time:2023-02-14 05:10:00+00:00 granularityM1
2023-02-14 00:11:05 process_candles:
       PAIR                      time    mid_c    mid_o   SL   TP   SPREAD      GAIN     LOSS  SIGNAL
26  GBP_USD 2023-02-14 05:06:00+00:00  1.21506  1.21518  0.0  0.0  0.00024  0.000142  1.21506       0
27  GBP_USD 2023-02-14 05:07:00+00:00  1.21514  1.21504  0.0  0.0  0.00025  0.000191  1.21514       0
28  GBP_USD 2023-02-14 05:08:00+00:00  1.21505  1.21514  0.0  0.0  0.00024  0.000069  1.21505       0
29  GBP_USD 2023-02-14 05:09:00+00:00  1.21502  1.21504  0.0  0.0  0.00025  0.000019  1.21502       0
30  GBP_USD 2023-02-14 05:10:00+00:00  1.21498  1.21502  0.0  0.0  0.00023  0.000033  1.21498       0
2023-02-14 00:12:06 CandleManager() new candle:last_candle:23-02-14 05:11 is_ready:True
2023-02-14 00:12:06 tech_manager: max_rows:32 candle_time:2023-02-14 05:11:00+00:00 granularityM1
2023-02-14 00:12:06 process_candles:
       PAIR                      time    mid_c    mid_o   SL   TP   SPREAD      GAIN     LOSS  SIGNAL
26  GBP_USD 2023-02-14 05:07:00+00:00  1.21514  1.21504  0.0  0.0  0.00025  0.000191  1.21514       0
27  GBP_USD 2023-02-14 05:08:00+00:00  1.21505  1.21514  0.0  0.0  0.00024  0.000069  1.21505       0
28  GBP_USD 2023-02-14 05:09:00+00:00  1.21502  1.21504  0.0  0.0  0.00025  0.000019  1.21502       0
29  GBP_USD 2023-02-14 05:10:00+00:00  1.21498  1.21502  0.0  0.0  0.00023  0.000033  1.21498       0
30  GBP_USD 2023-02-14 05:11:00+00:00  1.21485  1.21495  0.0  0.0  0.00022  0.000163  1.21485       0
2023-02-14 00:13:07 CandleManager() new candle:last_candle:23-02-14 05:12 is_ready:True
2023-02-14 00:13:07 tech_manager: max_rows:32 candle_time:2023-02-14 05:12:00+00:00 granularityM1
2023-02-14 00:13:07 process_candles:
       PAIR                      time    mid_c    mid_o   SL   TP   SPREAD      GAIN     LOSS  SIGNAL
26  GBP_USD 2023-02-14 05:08:00+00:00  1.21505  1.21514  0.0  0.0  0.00024  0.000069  1.21505       0
27  GBP_USD 2023-02-14 05:09:00+00:00  1.21502  1.21504  0.0  0.0  0.00025  0.000019  1.21502       0
28  GBP_USD 2023-02-14 05:10:00+00:00  1.21498  1.21502  0.0  0.0  0.00023  0.000033  1.21498       0
29  GBP_USD 2023-02-14 05:11:00+00:00  1.21485  1.21495  0.0  0.0  0.00022  0.000163  1.21485       0
30  GBP_USD 2023-02-14 05:12:00+00:00  1.21481  1.21481  0.0  0.0  0.00022  0.000201  1.21481       0
2023-02-14 00:14:08 CandleManager() new candle:last_candle:23-02-14 05:13 is_ready:True
2023-02-14 00:14:08 tech_manager: max_rows:32 candle_time:2023-02-14 05:13:00+00:00 granularityM1
2023-02-14 00:14:08 process_candles:
       PAIR                      time    mid_c    mid_o   SL   TP   SPREAD      GAIN     LOSS  SIGNAL
26  GBP_USD 2023-02-14 05:09:00+00:00  1.21502  1.21504  0.0  0.0  0.00025  0.000019  1.21502       0
27  GBP_USD 2023-02-14 05:10:00+00:00  1.21498  1.21502  0.0  0.0  0.00023  0.000033  1.21498       0
28  GBP_USD 2023-02-14 05:11:00+00:00  1.21485  1.21495  0.0  0.0  0.00022  0.000163  1.21485       0
29  GBP_USD 2023-02-14 05:12:00+00:00  1.21481  1.21481  0.0  0.0  0.00022  0.000201  1.21481       0
30  GBP_USD 2023-02-14 05:13:00+00:00  1.21482  1.21482  0.0  0.0  0.00021  0.000179  1.21482       0
2023-02-14 00:15:09 CandleManager() new candle:last_candle:23-02-14 05:14 is_ready:True
2023-02-14 00:15:09 tech_manager: max_rows:32 candle_time:2023-02-14 05:14:00+00:00 granularityM1
2023-02-14 00:15:09 process_candles:
       PAIR                      time    mid_c    mid_o   SL   TP   SPREAD      GAIN     LOSS  SIGNAL
26  GBP_USD 2023-02-14 05:10:00+00:00  1.21498  1.21502  0.0  0.0  0.00023  0.000033  1.21498       0
27  GBP_USD 2023-02-14 05:11:00+00:00  1.21485  1.21495  0.0  0.0  0.00022  0.000163  1.21485       0
28  GBP_USD 2023-02-14 05:12:00+00:00  1.21481  1.21481  0.0  0.0  0.00022  0.000201  1.21481       0
29  GBP_USD 2023-02-14 05:13:00+00:00  1.21482  1.21482  0.0  0.0  0.00021  0.000179  1.21482       0
30  GBP_USD 2023-02-14 05:14:00+00:00  1.21484  1.21482  0.0  0.0  0.00021  0.000148  1.21484       0
2023-02-14 00:16:00 CandleManager() new candle:last_candle:23-02-14 05:15 is_ready:True
2023-02-14 00:16:00 tech_manager: max_rows:32 candle_time:2023-02-14 05:15:00+00:00 granularityM1
2023-02-14 00:16:00 process_candles:
       PAIR                      time    mid_c    mid_o   SL   TP   SPREAD      GAIN     LOSS  SIGNAL
27  GBP_USD 2023-02-14 05:11:00+00:00  1.21485  1.21495  0.0  0.0  0.00022  0.000163  1.21485       0
28  GBP_USD 2023-02-14 05:12:00+00:00  1.21481  1.21481  0.0  0.0  0.00022  0.000201  1.21481       0
29  GBP_USD 2023-02-14 05:13:00+00:00  1.21482  1.21482  0.0  0.0  0.00021  0.000179  1.21482       0
30  GBP_USD 2023-02-14 05:14:00+00:00  1.21484  1.21482  0.0  0.0  0.00021  0.000148  1.21484       0
31  GBP_USD 2023-02-14 05:15:00+00:00  1.21489  1.21484  0.0  0.0  0.00020  0.000087  1.21489       0
2023-02-14 00:17:01 CandleManager() new candle:last_candle:23-02-14 05:16 is_ready:True
2023-02-14 00:17:01 tech_manager: max_rows:32 candle_time:2023-02-14 05:16:00+00:00 granularityM1
2023-02-14 00:17:01 process_candles:
       PAIR                      time    mid_c    mid_o   SL   TP   SPREAD      GAIN     LOSS  SIGNAL
26  GBP_USD 2023-02-14 05:12:00+00:00  1.21481  1.21481  0.0  0.0  0.00022  0.000201  1.21481       0
27  GBP_USD 2023-02-14 05:13:00+00:00  1.21482  1.21482  0.0  0.0  0.00021  0.000179  1.21482       0
28  GBP_USD 2023-02-14 05:14:00+00:00  1.21484  1.21482  0.0  0.0  0.00021  0.000147  1.21484       0
29  GBP_USD 2023-02-14 05:15:00+00:00  1.21489  1.21484  0.0  0.0  0.00020  0.000087  1.21489       0
30  GBP_USD 2023-02-14 05:16:00+00:00  1.21493  1.21488  0.0  0.0  0.00020  0.000038  1.21493       0
2023-02-14 00:18:02 CandleManager() new candle:last_candle:23-02-14 05:17 is_ready:True
2023-02-14 00:18:02 tech_manager: max_rows:32 candle_time:2023-02-14 05:17:00+00:00 granularityM1
2023-02-14 00:18:02 process_candles:
       PAIR                      time    mid_c    mid_o   SL   TP   SPREAD      GAIN     LOSS  SIGNAL
26  GBP_USD 2023-02-14 05:13:00+00:00  1.21482  1.21482  0.0  0.0  0.00021  0.000179  1.21482       0
27  GBP_USD 2023-02-14 05:14:00+00:00  1.21484  1.21482  0.0  0.0  0.00021  0.000148  1.21484       0
28  GBP_USD 2023-02-14 05:15:00+00:00  1.21489  1.21484  0.0  0.0  0.00020  0.000087  1.21489       0
29  GBP_USD 2023-02-14 05:16:00+00:00  1.21493  1.21488  0.0  0.0  0.00020  0.000038  1.21493       0
30  GBP_USD 2023-02-14 05:17:00+00:00  1.21486  1.21492  0.0  0.0  0.00021  0.000086  1.21486       0
2023-02-14 00:19:03 CandleManager() new candle:last_candle:23-02-14 05:18 is_ready:True
2023-02-14 00:19:03 tech_manager: max_rows:32 candle_time:2023-02-14 05:18:00+00:00 granularityM1
2023-02-14 00:19:03 process_candles:
       PAIR                      time    mid_c    mid_o   SL   TP   SPREAD      GAIN     LOSS  SIGNAL
26  GBP_USD 2023-02-14 05:14:00+00:00  1.21484  1.21482  0.0  0.0  0.00021  0.000148  1.21484       0
27  GBP_USD 2023-02-14 05:15:00+00:00  1.21489  1.21484  0.0  0.0  0.00020  0.000087  1.21489       0
28  GBP_USD 2023-02-14 05:16:00+00:00  1.21493  1.21488  0.0  0.0  0.00020  0.000038  1.21493       0
29  GBP_USD 2023-02-14 05:17:00+00:00  1.21486  1.21492  0.0  0.0  0.00021  0.000086  1.21486       0
30  GBP_USD 2023-02-14 05:18:00+00:00  1.21480  1.21486  0.0  0.0  0.00027  0.000123  1.21480       0
2023-02-14 00:20:04 CandleManager() new candle:last_candle:23-02-14 05:19 is_ready:True
2023-02-14 00:20:04 tech_manager: max_rows:32 candle_time:2023-02-14 05:19:00+00:00 granularityM1
2023-02-14 00:20:04 process_candles:
       PAIR                      time    mid_c    mid_o   SL   TP   SPREAD      GAIN     LOSS  SIGNAL
26  GBP_USD 2023-02-14 05:15:00+00:00  1.21489  1.21484  0.0  0.0  0.00020  0.000087  1.21489       0
27  GBP_USD 2023-02-14 05:16:00+00:00  1.21493  1.21488  0.0  0.0  0.00020  0.000038  1.21493       0
28  GBP_USD 2023-02-14 05:17:00+00:00  1.21486  1.21492  0.0  0.0  0.00021  0.000086  1.21486       0
29  GBP_USD 2023-02-14 05:18:00+00:00  1.21480  1.21486  0.0  0.0  0.00027  0.000123  1.21480       0
30  GBP_USD 2023-02-14 05:19:00+00:00  1.21494  1.21482  0.0  0.0  0.00019  0.000033  1.21494       0
2023-02-14 00:21:05 CandleManager() new candle:last_candle:23-02-14 05:20 is_ready:True
2023-02-14 00:21:05 tech_manager: max_rows:32 candle_time:2023-02-14 05:20:00+00:00 granularityM1
2023-02-14 00:21:06 process_candles:
       PAIR                      time    mid_c    mid_o   SL   TP   SPREAD      GAIN     LOSS  SIGNAL
26  GBP_USD 2023-02-14 05:16:00+00:00  1.21493  1.21488  0.0  0.0  0.00020  0.000038  1.21493       0
27  GBP_USD 2023-02-14 05:17:00+00:00  1.21486  1.21492  0.0  0.0  0.00021  0.000086  1.21486       0
28  GBP_USD 2023-02-14 05:18:00+00:00  1.21480  1.21486  0.0  0.0  0.00027  0.000123  1.21480       0
29  GBP_USD 2023-02-14 05:19:00+00:00  1.21494  1.21482  0.0  0.0  0.00019  0.000033  1.21494       0
30  GBP_USD 2023-02-14 05:20:00+00:00  1.21486  1.21494  0.0  0.0  0.00025  0.000029  1.21486       0
2023-02-14 00:22:06 CandleManager() new candle:last_candle:23-02-14 05:21 is_ready:True
2023-02-14 00:22:06 tech_manager: max_rows:32 candle_time:2023-02-14 05:21:00+00:00 granularityM1
2023-02-14 00:22:07 process_candles:
       PAIR                      time    mid_c    mid_o   SL   TP   SPREAD      GAIN     LOSS  SIGNAL
26  GBP_USD 2023-02-14 05:17:00+00:00  1.21486  1.21492  0.0  0.0  0.00021  0.000086  1.21486       0
27  GBP_USD 2023-02-14 05:18:00+00:00  1.21480  1.21486  0.0  0.0  0.00027  0.000123  1.21480       0
28  GBP_USD 2023-02-14 05:19:00+00:00  1.21494  1.21482  0.0  0.0  0.00019  0.000033  1.21494       0
29  GBP_USD 2023-02-14 05:20:00+00:00  1.21486  1.21494  0.0  0.0  0.00025  0.000029  1.21486       0
30  GBP_USD 2023-02-14 05:21:00+00:00  1.21482  1.21487  0.0  0.0  0.00027  0.000053  1.21482       0
2023-02-14 00:23:07 CandleManager() new candle:last_candle:23-02-14 05:22 is_ready:True
2023-02-14 00:23:08 tech_manager: max_rows:32 candle_time:2023-02-14 05:22:00+00:00 granularityM1
2023-02-14 00:23:08 process_candles:
       PAIR                      time    mid_c    mid_o   SL   TP   SPREAD      GAIN     LOSS  SIGNAL
26  GBP_USD 2023-02-14 05:18:00+00:00  1.21480  1.21486  0.0  0.0  0.00027  0.000123  1.21480       0
27  GBP_USD 2023-02-14 05:19:00+00:00  1.21494  1.21482  0.0  0.0  0.00019  0.000033  1.21494       0
28  GBP_USD 2023-02-14 05:20:00+00:00  1.21486  1.21494  0.0  0.0  0.00025  0.000029  1.21486       0
29  GBP_USD 2023-02-14 05:21:00+00:00  1.21482  1.21487  0.0  0.0  0.00027  0.000053  1.21482       0
30  GBP_USD 2023-02-14 05:22:00+00:00  1.21493  1.21482  0.0  0.0  0.00022  0.000065  1.21493       0
2023-02-14 00:24:08 CandleManager() new candle:last_candle:23-02-14 05:23 is_ready:True
2023-02-14 00:24:09 tech_manager: max_rows:32 candle_time:2023-02-14 05:23:00+00:00 granularityM1
2023-02-14 00:24:09 process_candles:
       PAIR                      time    mid_c    mid_o   SL   TP   SPREAD      GAIN     LOSS  SIGNAL
26  GBP_USD 2023-02-14 05:19:00+00:00  1.21494  1.21482  0.0  0.0  0.00019  0.000033  1.21494       0
27  GBP_USD 2023-02-14 05:20:00+00:00  1.21486  1.21494  0.0  0.0  0.00025  0.000029  1.21486       0
28  GBP_USD 2023-02-14 05:21:00+00:00  1.21482  1.21487  0.0  0.0  0.00027  0.000053  1.21482       0
29  GBP_USD 2023-02-14 05:22:00+00:00  1.21493  1.21482  0.0  0.0  0.00022  0.000065  1.21493       0
30  GBP_USD 2023-02-14 05:23:00+00:00  1.21494  1.21487  0.0  0.0  0.00029  0.000073  1.21494       0
2023-02-14 00:25:10 CandleManager() new candle:last_candle:23-02-14 05:24 is_ready:True
2023-02-14 00:25:10 tech_manager: max_rows:32 candle_time:2023-02-14 05:24:00+00:00 granularityM1
2023-02-14 00:25:10 process_candles:
       PAIR                      time    mid_c    mid_o   SL   TP   SPREAD      GAIN     LOSS  SIGNAL
26  GBP_USD 2023-02-14 05:20:00+00:00  1.21486  1.21494  0.0  0.0  0.00025  0.000029  1.21486       0
27  GBP_USD 2023-02-14 05:21:00+00:00  1.21482  1.21487  0.0  0.0  0.00027  0.000053  1.21482       0
28  GBP_USD 2023-02-14 05:22:00+00:00  1.21493  1.21482  0.0  0.0  0.00022  0.000065  1.21493       0
29  GBP_USD 2023-02-14 05:23:00+00:00  1.21494  1.21487  0.0  0.0  0.00029  0.000073  1.21494       0
30  GBP_USD 2023-02-14 05:24:00+00:00  1.21498  1.21494  0.0  0.0  0.00020  0.000102  1.21498       0
2023-02-14 00:26:11 CandleManager() new candle:last_candle:23-02-14 05:25 is_ready:True
2023-02-14 00:26:11 tech_manager: max_rows:32 candle_time:2023-02-14 05:25:00+00:00 granularityM1
2023-02-14 00:26:11 process_candles:
       PAIR                      time    mid_c    mid_o   SL   TP   SPREAD      GAIN     LOSS  SIGNAL
26  GBP_USD 2023-02-14 05:21:00+00:00  1.21482  1.21487  0.0  0.0  0.00027  0.000053  1.21482       0
27  GBP_USD 2023-02-14 05:22:00+00:00  1.21493  1.21482  0.0  0.0  0.00022  0.000065  1.21493       0
28  GBP_USD 2023-02-14 05:23:00+00:00  1.21494  1.21487  0.0  0.0  0.00029  0.000073  1.21494       0
29  GBP_USD 2023-02-14 05:24:00+00:00  1.21498  1.21494  0.0  0.0  0.00020  0.000102  1.21498       0
30  GBP_USD 2023-02-14 05:25:00+00:00  1.21494  1.21498  0.0  0.0  0.00019  0.000051  1.21494       0
2023-02-14 00:27:02 CandleManager() new candle:last_candle:23-02-14 05:26 is_ready:True
2023-02-14 00:27:02 tech_manager: max_rows:32 candle_time:2023-02-14 05:26:00+00:00 granularityM1
2023-02-14 00:27:02 process_candles:
       PAIR                      time    mid_c    mid_o   SL   TP   SPREAD      GAIN     LOSS  SIGNAL
26  GBP_USD 2023-02-14 05:22:00+00:00  1.21493  1.21482  0.0  0.0  0.00022  0.000065  1.21493       0
27  GBP_USD 2023-02-14 05:23:00+00:00  1.21494  1.21487  0.0  0.0  0.00029  0.000073  1.21494       0
28  GBP_USD 2023-02-14 05:24:00+00:00  1.21498  1.21494  0.0  0.0  0.00020  0.000102  1.21498       0
29  GBP_USD 2023-02-14 05:25:00+00:00  1.21494  1.21498  0.0  0.0  0.00019  0.000051  1.21494       0
30  GBP_USD 2023-02-14 05:26:00+00:00  1.21478  1.21494  0.0  0.0  0.00021  0.000109  1.21478       0
2023-02-14 00:28:13 CandleManager() new candle:last_candle:23-02-14 05:27 is_ready:True
2023-02-14 00:28:13 tech_manager: max_rows:32 candle_time:2023-02-14 05:27:00+00:00 granularityM1
2023-02-14 00:28:13 process_candles:
       PAIR                      time    mid_c    mid_o   SL   TP   SPREAD      GAIN     LOSS  SIGNAL
27  GBP_USD 2023-02-14 05:23:00+00:00  1.21494  1.21487  0.0  0.0  0.00029  0.000073  1.21494       0
28  GBP_USD 2023-02-14 05:24:00+00:00  1.21498  1.21494  0.0  0.0  0.00020  0.000102  1.21498       0
29  GBP_USD 2023-02-14 05:25:00+00:00  1.21494  1.21498  0.0  0.0  0.00019  0.000051  1.21494       0
30  GBP_USD 2023-02-14 05:26:00+00:00  1.21478  1.21494  0.0  0.0  0.00021  0.000109  1.21478       0
31  GBP_USD 2023-02-14 05:27:00+00:00  1.21478  1.21478  0.0  0.0  0.00021  0.000100  1.21478       0
2023-02-14 00:29:03 CandleManager() new candle:last_candle:23-02-14 05:28 is_ready:True
2023-02-14 00:29:04 tech_manager: max_rows:32 candle_time:2023-02-14 05:28:00+00:00 granularityM1
2023-02-14 00:29:04 process_candles:
       PAIR                      time    mid_c    mid_o   SL   TP   SPREAD      GAIN     LOSS  SIGNAL
26  GBP_USD 2023-02-14 05:24:00+00:00  1.21498  1.21494  0.0  0.0  0.00020  0.000102  1.21498       0
27  GBP_USD 2023-02-14 05:25:00+00:00  1.21494  1.21498  0.0  0.0  0.00019  0.000051  1.21494       0
28  GBP_USD 2023-02-14 05:26:00+00:00  1.21478  1.21494  0.0  0.0  0.00021  0.000109  1.21478       0
29  GBP_USD 2023-02-14 05:27:00+00:00  1.21478  1.21478  0.0  0.0  0.00021  0.000100  1.21478       0
30  GBP_USD 2023-02-14 05:28:00+00:00  1.21478  1.21478  0.0  0.0  0.00020  0.000089  1.21478       0
2023-02-14 00:30:04 CandleManager() new candle:last_candle:23-02-14 05:29 is_ready:True
2023-02-14 00:30:05 tech_manager: max_rows:32 candle_time:2023-02-14 05:29:00+00:00 granularityM1
2023-02-14 00:30:05 process_candles:
       PAIR                      time    mid_c    mid_o   SL   TP   SPREAD      GAIN     LOSS  SIGNAL
26  GBP_USD 2023-02-14 05:25:00+00:00  1.21494  1.21498  0.0  0.0  0.00019  0.000051  1.21494       0
27  GBP_USD 2023-02-14 05:26:00+00:00  1.21478  1.21494  0.0  0.0  0.00021  0.000109  1.21478       0
28  GBP_USD 2023-02-14 05:27:00+00:00  1.21478  1.21478  0.0  0.0  0.00021  0.000100  1.21478       0
29  GBP_USD 2023-02-14 05:28:00+00:00  1.21478  1.21478  0.0  0.0  0.00020  0.000089  1.21478       0
30  GBP_USD 2023-02-14 05:29:00+00:00  1.21482  1.21478  0.0  0.0  0.00022  0.000044  1.21482       0
2023-02-14 00:31:05 CandleManager() new candle:last_candle:23-02-14 05:30 is_ready:True
2023-02-14 00:31:06 tech_manager: max_rows:32 candle_time:2023-02-14 05:30:00+00:00 granularityM1
2023-02-14 00:31:06 process_candles:
       PAIR                      time    mid_c    mid_o   SL   TP   SPREAD      GAIN     LOSS  SIGNAL
26  GBP_USD 2023-02-14 05:26:00+00:00  1.21478  1.21494  0.0  0.0  0.00021  0.000109  1.21478       0
27  GBP_USD 2023-02-14 05:27:00+00:00  1.21478  1.21478  0.0  0.0  0.00021  0.000100  1.21478       0
28  GBP_USD 2023-02-14 05:28:00+00:00  1.21478  1.21478  0.0  0.0  0.00020  0.000089  1.21478       0
29  GBP_USD 2023-02-14 05:29:00+00:00  1.21482  1.21478  0.0  0.0  0.00022  0.000044  1.21482       0
30  GBP_USD 2023-02-14 05:30:00+00:00  1.21470  1.21482  0.0  0.0  0.00020  0.000157  1.21470       0
