2023-02-13 23:15:06 LogWrapper init() ./logs/GBP_CHF.log
2023-02-13 23:15:06 {'n_ma': 12, 'n_std': 2.5, 'maxspread': 0.0004, 'mingain': 0.0014, 'riskreward': 1.5}
2023-02-13 23:15:06 CandleManager() init last_candle:last_candle:23-02-14 04:14 is_ready:False
2023-02-13 23:16:07 CandleManager() new candle:last_candle:23-02-14 04:15 is_ready:True
2023-02-13 23:16:07 tech_manager: max_rows:32 candle_time:2023-02-14 04:15:00+00:00 granularityM1
2023-02-13 23:16:07 process_candles:
       PAIR                      time    mid_c    mid_o   SL   TP   SPREAD      GAIN     LOSS  SIGNAL
26  GBP_CHF 2023-02-14 04:11:00+00:00  1.11528  1.11528  0.0  0.0  0.00024  0.000021  1.11528       0
27  GBP_CHF 2023-02-14 04:12:00+00:00  1.11540  1.11531  0.0  0.0  0.00024  0.000091  1.11540       0
28  GBP_CHF 2023-02-14 04:13:00+00:00  1.11536  1.11539  0.0  0.0  0.00023  0.000044  1.11536       0
29  GBP_CHF 2023-02-14 04:14:00+00:00  1.11539  1.11538  0.0  0.0  0.00024  0.000069  1.11539       0
30  GBP_CHF 2023-02-14 04:15:00+00:00  1.11534  1.11535  0.0  0.0  0.00025  0.000020  1.11534       0
2023-02-13 23:17:08 CandleManager() new candle:last_candle:23-02-14 04:16 is_ready:True
2023-02-13 23:17:08 tech_manager: max_rows:32 candle_time:2023-02-14 04:16:00+00:00 granularityM1
2023-02-13 23:17:08 process_candles:
       PAIR                      time    mid_c    mid_o   SL   TP   SPREAD      GAIN     LOSS  SIGNAL
27  GBP_CHF 2023-02-14 04:12:00+00:00  1.11540  1.11531  0.0  0.0  0.00024  0.000091  1.11540       0
28  GBP_CHF 2023-02-14 04:13:00+00:00  1.11536  1.11539  0.0  0.0  0.00023  0.000044  1.11536       0
29  GBP_CHF 2023-02-14 04:14:00+00:00  1.11539  1.11538  0.0  0.0  0.00024  0.000069  1.11539       0
30  GBP_CHF 2023-02-14 04:15:00+00:00  1.11534  1.11535  0.0  0.0  0.00025  0.000020  1.11534       0
31  GBP_CHF 2023-02-14 04:16:00+00:00  1.11533  1.11534  0.0  0.0  0.00026  0.000006  1.11533       0
2023-02-13 23:18:09 CandleManager() new candle:last_candle:23-02-14 04:17 is_ready:True
2023-02-13 23:18:09 tech_manager: max_rows:32 candle_time:2023-02-14 04:17:00+00:00 granularityM1
2023-02-13 23:18:10 process_candles:
       PAIR                      time    mid_c    mid_o   SL   TP   SPREAD      GAIN     LOSS  SIGNAL
27  GBP_CHF 2023-02-14 04:13:00+00:00  1.11536  1.11539  0.0  0.0  0.00023  0.000044  1.11536       0
28  GBP_CHF 2023-02-14 04:14:00+00:00  1.11539  1.11538  0.0  0.0  0.00024  0.000069  1.11539       0
29  GBP_CHF 2023-02-14 04:15:00+00:00  1.11534  1.11535  0.0  0.0  0.00025  0.000020  1.11534       0
30  GBP_CHF 2023-02-14 04:16:00+00:00  1.11533  1.11534  0.0  0.0  0.00026  0.000006  1.11533       0
31  GBP_CHF 2023-02-14 04:17:00+00:00  1.11530  1.11533  0.0  0.0  0.00026  0.000029  1.11530       0
2023-02-13 23:19:00 CandleManager() new candle:last_candle:23-02-14 04:18 is_ready:True
2023-02-13 23:19:01 tech_manager: max_rows:32 candle_time:2023-02-14 04:18:00+00:00 granularityM1
2023-02-13 23:19:01 process_candles:
       PAIR                      time    mid_c    mid_o   SL   TP   SPREAD      GAIN     LOSS  SIGNAL
26  GBP_CHF 2023-02-14 04:14:00+00:00  1.11539  1.11538  0.0  0.0  0.00024  0.000069  1.11539       0
27  GBP_CHF 2023-02-14 04:15:00+00:00  1.11534  1.11535  0.0  0.0  0.00025  0.000020  1.11534       0
28  GBP_CHF 2023-02-14 04:16:00+00:00  1.11533  1.11534  0.0  0.0  0.00026  0.000006  1.11533       0
29  GBP_CHF 2023-02-14 04:17:00+00:00  1.11530  1.11533  0.0  0.0  0.00026  0.000029  1.11530       0
30  GBP_CHF 2023-02-14 04:18:00+00:00  1.11529  1.11528  0.0  0.0  0.00024  0.000042  1.11529       0
2023-02-13 23:20:12 CandleManager() new candle:last_candle:23-02-14 04:19 is_ready:True
2023-02-13 23:20:12 tech_manager: max_rows:32 candle_time:2023-02-14 04:19:00+00:00 granularityM1
2023-02-13 23:20:12 process_candles:
       PAIR                      time    mid_c    mid_o   SL   TP   SPREAD      GAIN     LOSS  SIGNAL
26  GBP_CHF 2023-02-14 04:15:00+00:00  1.11534  1.11535  0.0  0.0  0.00025  0.000020  1.11534       0
27  GBP_CHF 2023-02-14 04:16:00+00:00  1.11533  1.11534  0.0  0.0  0.00026  0.000006  1.11533       0
28  GBP_CHF 2023-02-14 04:17:00+00:00  1.11530  1.11533  0.0  0.0  0.00026  0.000029  1.11530       0
29  GBP_CHF 2023-02-14 04:18:00+00:00  1.11529  1.11528  0.0  0.0  0.00024  0.000042  1.11529       0
30  GBP_CHF 2023-02-14 04:19:00+00:00  1.11526  1.11530  0.0  0.0  0.00019  0.000068  1.11526       0
2023-02-13 23:21:03 CandleManager() new candle:last_candle:23-02-14 04:20 is_ready:True
2023-02-13 23:21:03 tech_manager: max_rows:32 candle_time:2023-02-14 04:20:00+00:00 granularityM1
2023-02-13 23:21:03 process_candles:
       PAIR                      time    mid_c    mid_o   SL   TP   SPREAD      GAIN     LOSS  SIGNAL
26  GBP_CHF 2023-02-14 04:16:00+00:00  1.11533  1.11534  0.0  0.0  0.00026  0.000006  1.11533       0
27  GBP_CHF 2023-02-14 04:17:00+00:00  1.11530  1.11533  0.0  0.0  0.00026  0.000029  1.11530       0
28  GBP_CHF 2023-02-14 04:18:00+00:00  1.11529  1.11528  0.0  0.0  0.00024  0.000042  1.11529       0
29  GBP_CHF 2023-02-14 04:19:00+00:00  1.11526  1.11530  0.0  0.0  0.00019  0.000068  1.11526       0
30  GBP_CHF 2023-02-14 04:20:00+00:00  1.11520  1.11526  0.0  0.0  0.00019  0.000118  1.11520       0
2023-02-13 23:22:04 CandleManager() new candle:last_candle:23-02-14 04:21 is_ready:True
2023-02-13 23:22:05 tech_manager: max_rows:32 candle_time:2023-02-14 04:21:00+00:00 granularityM1
2023-02-13 23:22:05 process_candles:
       PAIR                      time    mid_c    mid_o   SL   TP   SPREAD      GAIN     LOSS  SIGNAL
26  GBP_CHF 2023-02-14 04:17:00+00:00  1.11530  1.11533  0.0  0.0  0.00026  0.000029  1.11530       0
27  GBP_CHF 2023-02-14 04:18:00+00:00  1.11529  1.11528  0.0  0.0  0.00024  0.000042  1.11529       0
28  GBP_CHF 2023-02-14 04:19:00+00:00  1.11526  1.11530  0.0  0.0  0.00019  0.000068  1.11526       0
29  GBP_CHF 2023-02-14 04:20:00+00:00  1.11520  1.11526  0.0  0.0  0.00019  0.000118  1.11520       0
30  GBP_CHF 2023-02-14 04:21:00+00:00  1.11530  1.11522  0.0  0.0  0.00025  0.000012  1.11530       0
2023-02-13 23:23:06 CandleManager() new candle:last_candle:23-02-14 04:22 is_ready:True
2023-02-13 23:23:06 tech_manager: max_rows:32 candle_time:2023-02-14 04:22:00+00:00 granularityM1
2023-02-13 23:23:06 process_candles:
       PAIR                      time    mid_c    mid_o   SL   TP   SPREAD      GAIN     LOSS  SIGNAL
26  GBP_CHF 2023-02-14 04:18:00+00:00  1.11529  1.11528  0.0  0.0  0.00024  0.000042  1.11529       0
27  GBP_CHF 2023-02-14 04:19:00+00:00  1.11526  1.11530  0.0  0.0  0.00019  0.000068  1.11526       0
28  GBP_CHF 2023-02-14 04:20:00+00:00  1.11520  1.11526  0.0  0.0  0.00019  0.000118  1.11520       0
29  GBP_CHF 2023-02-14 04:21:00+00:00  1.11530  1.11522  0.0  0.0  0.00025  0.000012  1.11530       0
30  GBP_CHF 2023-02-14 04:22:00+00:00  1.11528  1.11528  0.0  0.0  0.00025  0.000031  1.11528       0
2023-02-13 23:24:07 CandleManager() new candle:last_candle:23-02-14 04:23 is_ready:True
2023-02-13 23:24:07 tech_manager: max_rows:32 candle_time:2023-02-14 04:23:00+00:00 granularityM1
2023-02-13 23:24:07 process_candles:
       PAIR                      time    mid_c    mid_o   SL   TP   SPREAD      GAIN     LOSS  SIGNAL
26  GBP_CHF 2023-02-14 04:19:00+00:00  1.11526  1.11530  0.0  0.0  0.00019  0.000068  1.11526       0
27  GBP_CHF 2023-02-14 04:20:00+00:00  1.11520  1.11526  0.0  0.0  0.00019  0.000118  1.11520       0
28  GBP_CHF 2023-02-14 04:21:00+00:00  1.11530  1.11522  0.0  0.0  0.00025  0.000012  1.11530       0
29  GBP_CHF 2023-02-14 04:22:00+00:00  1.11528  1.11528  0.0  0.0  0.00025  0.000031  1.11528       0
30  GBP_CHF 2023-02-14 04:23:00+00:00  1.11526  1.11528  0.0  0.0  0.00025  0.000049  1.11526       0
2023-02-13 23:25:08 CandleManager() new candle:last_candle:23-02-14 04:24 is_ready:True
2023-02-13 23:25:09 tech_manager: max_rows:32 candle_time:2023-02-14 04:24:00+00:00 granularityM1
2023-02-13 23:25:09 process_candles:
       PAIR                      time    mid_c    mid_o   SL   TP   SPREAD      GAIN     LOSS  SIGNAL
26  GBP_CHF 2023-02-14 04:20:00+00:00  1.11520  1.11526  0.0  0.0  0.00019  0.000118  1.11520       0
27  GBP_CHF 2023-02-14 04:21:00+00:00  1.11530  1.11522  0.0  0.0  0.00025  0.000012  1.11530       0
28  GBP_CHF 2023-02-14 04:22:00+00:00  1.11528  1.11528  0.0  0.0  0.00025  0.000031  1.11528       0
29  GBP_CHF 2023-02-14 04:23:00+00:00  1.11526  1.11528  0.0  0.0  0.00025  0.000049  1.11526       0
30  GBP_CHF 2023-02-14 04:24:00+00:00  1.11526  1.11526  0.0  0.0  0.00024  0.000040  1.11526       0
2023-02-13 23:26:10 CandleManager() new candle:last_candle:23-02-14 04:25 is_ready:True
2023-02-13 23:26:10 tech_manager: max_rows:32 candle_time:2023-02-14 04:25:00+00:00 granularityM1
2023-02-13 23:26:10 process_candles:
       PAIR                      time    mid_c    mid_o   SL   TP   SPREAD      GAIN     LOSS  SIGNAL
26  GBP_CHF 2023-02-14 04:21:00+00:00  1.11530  1.11522  0.0  0.0  0.00025  0.000012  1.11530       0
27  GBP_CHF 2023-02-14 04:22:00+00:00  1.11528  1.11528  0.0  0.0  0.00025  0.000031  1.11528       0
28  GBP_CHF 2023-02-14 04:23:00+00:00  1.11526  1.11528  0.0  0.0  0.00025  0.000049  1.11526       0
29  GBP_CHF 2023-02-14 04:24:00+00:00  1.11526  1.11526  0.0  0.0  0.00024  0.000040  1.11526       0
30  GBP_CHF 2023-02-14 04:25:00+00:00  1.11532  1.11526  0.0  0.0  0.00025  0.000026  1.11532       0
2023-02-13 23:27:11 CandleManager() new candle:last_candle:23-02-14 04:26 is_ready:True
2023-02-13 23:27:11 tech_manager: max_rows:32 candle_time:2023-02-14 04:26:00+00:00 granularityM1
2023-02-13 23:27:11 process_candles:
       PAIR                      time    mid_c    mid_o   SL   TP   SPREAD      GAIN     LOSS  SIGNAL
26  GBP_CHF 2023-02-14 04:22:00+00:00  1.11528  1.11528  0.0  0.0  0.00025  0.000031  1.11528       0
27  GBP_CHF 2023-02-14 04:23:00+00:00  1.11526  1.11528  0.0  0.0  0.00025  0.000049  1.11526       0
28  GBP_CHF 2023-02-14 04:24:00+00:00  1.11526  1.11526  0.0  0.0  0.00024  0.000040  1.11526       0
29  GBP_CHF 2023-02-14 04:25:00+00:00  1.11532  1.11526  0.0  0.0  0.00025  0.000026  1.11532       0
30  GBP_CHF 2023-02-14 04:26:00+00:00  1.11540  1.11534  0.0  0.0  0.00021  0.000104  1.11540       0
2023-02-13 23:28:02 CandleManager() new candle:last_candle:23-02-14 04:27 is_ready:True
2023-02-13 23:28:02 tech_manager: max_rows:32 candle_time:2023-02-14 04:27:00+00:00 granularityM1
2023-02-13 23:28:02 process_candles:
       PAIR                      time    mid_c    mid_o   SL   TP   SPREAD      GAIN     LOSS  SIGNAL
26  GBP_CHF 2023-02-14 04:23:00+00:00  1.11526  1.11528  0.0  0.0  0.00025  0.000049  1.11526       0
27  GBP_CHF 2023-02-14 04:24:00+00:00  1.11526  1.11526  0.0  0.0  0.00024  0.000040  1.11526       0
28  GBP_CHF 2023-02-14 04:25:00+00:00  1.11532  1.11526  0.0  0.0  0.00025  0.000026  1.11532       0
29  GBP_CHF 2023-02-14 04:26:00+00:00  1.11540  1.11534  0.0  0.0  0.00021  0.000104  1.11540       0
30  GBP_CHF 2023-02-14 04:27:00+00:00  1.11548  1.11541  0.0  0.0  0.00023  0.000174  1.11548       0
2023-02-13 23:29:04 CandleManager() new candle:last_candle:23-02-14 04:28 is_ready:True
2023-02-13 23:29:04 tech_manager: max_rows:32 candle_time:2023-02-14 04:28:00+00:00 granularityM1
2023-02-13 23:29:04 process_candles:
       PAIR                      time    mid_c    mid_o   SL   TP   SPREAD      GAIN     LOSS  SIGNAL
26  GBP_CHF 2023-02-14 04:24:00+00:00  1.11526  1.11526  0.0  0.0  0.00024  0.000040  1.11526       0
27  GBP_CHF 2023-02-14 04:25:00+00:00  1.11532  1.11526  0.0  0.0  0.00025  0.000026  1.11532       0
28  GBP_CHF 2023-02-14 04:26:00+00:00  1.11540  1.11534  0.0  0.0  0.00021  0.000104  1.11540       0
29  GBP_CHF 2023-02-14 04:27:00+00:00  1.11548  1.11541  0.0  0.0  0.00023  0.000174  1.11548       0
30  GBP_CHF 2023-02-14 04:28:00+00:00  1.11540  1.11548  0.0  0.0  0.00023  0.000088  1.11540       0
2023-02-13 23:30:05 CandleManager() new candle:last_candle:23-02-14 04:29 is_ready:True
2023-02-13 23:30:05 tech_manager: max_rows:32 candle_time:2023-02-14 04:29:00+00:00 granularityM1
2023-02-13 23:30:05 process_candles:
       PAIR                      time    mid_c    mid_o   SL   TP   SPREAD      GAIN     LOSS  SIGNAL
26  GBP_CHF 2023-02-14 04:25:00+00:00  1.11532  1.11526  0.0  0.0  0.00025  0.000026  1.11532       0
27  GBP_CHF 2023-02-14 04:26:00+00:00  1.11540  1.11534  0.0  0.0  0.00021  0.000104  1.11540       0
28  GBP_CHF 2023-02-14 04:27:00+00:00  1.11548  1.11541  0.0  0.0  0.00023  0.000174  1.11548       0
29  GBP_CHF 2023-02-14 04:28:00+00:00  1.11540  1.11548  0.0  0.0  0.00023  0.000088  1.11540       0
30  GBP_CHF 2023-02-14 04:29:00+00:00  1.11540  1.11544  0.0  0.0  0.00025  0.000080  1.11540       0
2023-02-13 23:31:06 CandleManager() new candle:last_candle:23-02-14 04:30 is_ready:True
2023-02-13 23:31:06 tech_manager: max_rows:32 candle_time:2023-02-14 04:30:00+00:00 granularityM1
2023-02-13 23:31:06 process_candles:
       PAIR                      time    mid_c    mid_o   SL   TP   SPREAD      GAIN     LOSS  SIGNAL
26  GBP_CHF 2023-02-14 04:26:00+00:00  1.11540  1.11534  0.0  0.0  0.00021  0.000104  1.11540       0
27  GBP_CHF 2023-02-14 04:27:00+00:00  1.11548  1.11541  0.0  0.0  0.00023  0.000174  1.11548       0
28  GBP_CHF 2023-02-14 04:28:00+00:00  1.11540  1.11548  0.0  0.0  0.00023  0.000088  1.11540       0
29  GBP_CHF 2023-02-14 04:29:00+00:00  1.11540  1.11544  0.0  0.0  0.00025  0.000080  1.11540       0
30  GBP_CHF 2023-02-14 04:30:00+00:00  1.11546  1.11540  0.0  0.0  0.00024  0.000127  1.11546       0
2023-02-13 23:32:08 CandleManager() new candle:last_candle:23-02-14 04:31 is_ready:True
2023-02-13 23:32:08 tech_manager: max_rows:32 candle_time:2023-02-14 04:31:00+00:00 granularityM1
2023-02-13 23:32:08 process_candles:
       PAIR                      time    mid_c    mid_o   SL   TP   SPREAD      GAIN     LOSS  SIGNAL
26  GBP_CHF 2023-02-14 04:27:00+00:00  1.11548  1.11541  0.0  0.0  0.00023  0.000174  1.11548       0
27  GBP_CHF 2023-02-14 04:28:00+00:00  1.11540  1.11548  0.0  0.0  0.00023  0.000088  1.11540       0
28  GBP_CHF 2023-02-14 04:29:00+00:00  1.11540  1.11544  0.0  0.0  0.00025  0.000080  1.11540       0
29  GBP_CHF 2023-02-14 04:30:00+00:00  1.11546  1.11540  0.0  0.0  0.00024  0.000127  1.11546       0
30  GBP_CHF 2023-02-14 04:31:00+00:00  1.11548  1.11546  0.0  0.0  0.00019  0.000131  1.11548       0
2023-02-13 23:33:09 CandleManager() new candle:last_candle:23-02-14 04:32 is_ready:True
2023-02-13 23:33:09 tech_manager: max_rows:32 candle_time:2023-02-14 04:32:00+00:00 granularityM1
2023-02-13 23:33:09 process_candles:
       PAIR                      time    mid_c    mid_o   SL   TP   SPREAD      GAIN     LOSS  SIGNAL
26  GBP_CHF 2023-02-14 04:28:00+00:00  1.11540  1.11548  0.0  0.0  0.00023  0.000088  1.11540       0
27  GBP_CHF 2023-02-14 04:29:00+00:00  1.11540  1.11544  0.0  0.0  0.00025  0.000080  1.11540       0
28  GBP_CHF 2023-02-14 04:30:00+00:00  1.11546  1.11540  0.0  0.0  0.00024  0.000127  1.11546       0
29  GBP_CHF 2023-02-14 04:31:00+00:00  1.11548  1.11546  0.0  0.0  0.00019  0.000131  1.11548       0
30  GBP_CHF 2023-02-14 04:32:00+00:00  1.11540  1.11549  0.0  0.0  0.00021  0.000033  1.11540       0
2023-02-13 23:34:00 CandleManager() new candle:last_candle:23-02-14 04:33 is_ready:True
2023-02-13 23:34:00 tech_manager: max_rows:32 candle_time:2023-02-14 04:33:00+00:00 granularityM1
2023-02-13 23:34:00 process_candles:
       PAIR                      time    mid_c    mid_o   SL   TP   SPREAD      GAIN     LOSS  SIGNAL
26  GBP_CHF 2023-02-14 04:29:00+00:00  1.11540  1.11544  0.0  0.0  0.00025  0.000080  1.11540       0
27  GBP_CHF 2023-02-14 04:30:00+00:00  1.11546  1.11540  0.0  0.0  0.00024  0.000127  1.11546       0
28  GBP_CHF 2023-02-14 04:31:00+00:00  1.11548  1.11546  0.0  0.0  0.00019  0.000131  1.11548       0
29  GBP_CHF 2023-02-14 04:32:00+00:00  1.11540  1.11549  0.0  0.0  0.00021  0.000032  1.11540       0
30  GBP_CHF 2023-02-14 04:33:00+00:00  1.11536  1.11541  0.0  0.0  0.00023  0.000016  1.11536       0
2023-02-13 23:35:01 CandleManager() new candle:last_candle:23-02-14 04:34 is_ready:True
2023-02-13 23:35:01 tech_manager: max_rows:32 candle_time:2023-02-14 04:34:00+00:00 granularityM1
2023-02-13 23:35:01 process_candles:
       PAIR                      time    mid_c    mid_o   SL   TP   SPREAD      GAIN     LOSS  SIGNAL
26  GBP_CHF 2023-02-14 04:30:00+00:00  1.11546  1.11540  0.0  0.0  0.00024  0.000127  1.11546       0
27  GBP_CHF 2023-02-14 04:31:00+00:00  1.11548  1.11546  0.0  0.0  0.00019  0.000131  1.11548       0
28  GBP_CHF 2023-02-14 04:32:00+00:00  1.11540  1.11549  0.0  0.0  0.00021  0.000033  1.11540       0
29  GBP_CHF 2023-02-14 04:33:00+00:00  1.11536  1.11541  0.0  0.0  0.00023  0.000016  1.11536       0
30  GBP_CHF 2023-02-14 04:34:00+00:00  1.11539  1.11539  0.0  0.0  0.00022  0.000005  1.11539       0
2023-02-13 23:36:03 CandleManager() new candle:last_candle:23-02-14 04:35 is_ready:True
2023-02-13 23:36:03 tech_manager: max_rows:32 candle_time:2023-02-14 04:35:00+00:00 granularityM1
2023-02-13 23:36:03 process_candles:
       PAIR                      time    mid_c    mid_o   SL   TP   SPREAD      GAIN     LOSS  SIGNAL
26  GBP_CHF 2023-02-14 04:31:00+00:00  1.11548  1.11546  0.0  0.0  0.00019  0.000131  1.11548       0
27  GBP_CHF 2023-02-14 04:32:00+00:00  1.11540  1.11549  0.0  0.0  0.00021  0.000033  1.11540       0
28  GBP_CHF 2023-02-14 04:33:00+00:00  1.11536  1.11541  0.0  0.0  0.00023  0.000016  1.11536       0
29  GBP_CHF 2023-02-14 04:34:00+00:00  1.11539  1.11539  0.0  0.0  0.00022  0.000005  1.11539       0
30  GBP_CHF 2023-02-14 04:35:00+00:00  1.11540  1.11540  0.0  0.0  0.00024  0.000004  1.11540       0
2023-02-13 23:37:04 CandleManager() new candle:last_candle:23-02-14 04:36 is_ready:True
2023-02-13 23:37:04 tech_manager: max_rows:32 candle_time:2023-02-14 04:36:00+00:00 granularityM1
2023-02-13 23:37:04 process_candles:
       PAIR                      time    mid_c    mid_o   SL   TP   SPREAD      GAIN     LOSS  SIGNAL
26  GBP_CHF 2023-02-14 04:32:00+00:00  1.11540  1.11549  0.0  0.0  0.00021  0.000032  1.11540       0
27  GBP_CHF 2023-02-14 04:33:00+00:00  1.11536  1.11541  0.0  0.0  0.00023  0.000016  1.11536       0
28  GBP_CHF 2023-02-14 04:34:00+00:00  1.11539  1.11539  0.0  0.0  0.00022  0.000005  1.11539       0
29  GBP_CHF 2023-02-14 04:35:00+00:00  1.11540  1.11540  0.0  0.0  0.00024  0.000004  1.11540       0
30  GBP_CHF 2023-02-14 04:36:00+00:00  1.11540  1.11542  0.0  0.0  0.00025  0.000008  1.11540       0
2023-02-13 23:38:05 CandleManager() new candle:last_candle:23-02-14 04:37 is_ready:True
2023-02-13 23:38:05 tech_manager: max_rows:32 candle_time:2023-02-14 04:37:00+00:00 granularityM1
2023-02-13 23:38:05 process_candles:
       PAIR                      time    mid_c    mid_o   SL   TP   SPREAD      GAIN     LOSS  SIGNAL
26  GBP_CHF 2023-02-14 04:33:00+00:00  1.11536  1.11541  0.0  0.0  0.00023  0.000016  1.11536       0
27  GBP_CHF 2023-02-14 04:34:00+00:00  1.11539  1.11539  0.0  0.0  0.00022  0.000005  1.11539       0
28  GBP_CHF 2023-02-14 04:35:00+00:00  1.11540  1.11540  0.0  0.0  0.00024  0.000004  1.11540       0
29  GBP_CHF 2023-02-14 04:36:00+00:00  1.11540  1.11542  0.0  0.0  0.00025  0.000008  1.11540       0
30  GBP_CHF 2023-02-14 04:37:00+00:00  1.11540  1.11538  0.0  0.0  0.00023  0.000017  1.11540       0
2023-02-13 23:39:07 CandleManager() new candle:last_candle:23-02-14 04:38 is_ready:True
2023-02-13 23:39:07 tech_manager: max_rows:32 candle_time:2023-02-14 04:38:00+00:00 granularityM1
2023-02-13 23:39:07 process_candles:
       PAIR                      time    mid_c    mid_o   SL   TP   SPREAD      GAIN     LOSS  SIGNAL
26  GBP_CHF 2023-02-14 04:34:00+00:00  1.11539  1.11539  0.0  0.0  0.00022  0.000005  1.11539       0
27  GBP_CHF 2023-02-14 04:35:00+00:00  1.11540  1.11540  0.0  0.0  0.00024  0.000004  1.11540       0
28  GBP_CHF 2023-02-14 04:36:00+00:00  1.11540  1.11542  0.0  0.0  0.00025  0.000008  1.11540       0
29  GBP_CHF 2023-02-14 04:37:00+00:00  1.11540  1.11538  0.0  0.0  0.00023  0.000017  1.11540       0
30  GBP_CHF 2023-02-14 04:38:00+00:00  1.11538  1.11542  0.0  0.0  0.00024  0.000036  1.11538       0
2023-02-13 23:40:08 CandleManager() new candle:last_candle:23-02-14 04:39 is_ready:True
2023-02-13 23:40:08 tech_manager: max_rows:32 candle_time:2023-02-14 04:39:00+00:00 granularityM1
2023-02-13 23:40:08 process_candles:
       PAIR                      time    mid_c    mid_o   SL   TP   SPREAD      GAIN     LOSS  SIGNAL
26  GBP_CHF 2023-02-14 04:35:00+00:00  1.11540  1.11540  0.0  0.0  0.00024  0.000004  1.11540       0
27  GBP_CHF 2023-02-14 04:36:00+00:00  1.11540  1.11542  0.0  0.0  0.00025  0.000008  1.11540       0
28  GBP_CHF 2023-02-14 04:37:00+00:00  1.11540  1.11538  0.0  0.0  0.00023  0.000017  1.11540       0
29  GBP_CHF 2023-02-14 04:38:00+00:00  1.11538  1.11542  0.0  0.0  0.00024  0.000036  1.11538       0
30  GBP_CHF 2023-02-14 04:39:00+00:00  1.11538  1.11538  0.0  0.0  0.00020  0.000031  1.11538       0
2023-02-13 23:41:09 CandleManager() new candle:last_candle:23-02-14 04:40 is_ready:True
2023-02-13 23:41:09 tech_manager: max_rows:32 candle_time:2023-02-14 04:40:00+00:00 granularityM1
2023-02-13 23:41:09 process_candles:
       PAIR                      time    mid_c    mid_o   SL   TP   SPREAD      GAIN     LOSS  SIGNAL
26  GBP_CHF 2023-02-14 04:36:00+00:00  1.11540  1.11542  0.0  0.0  0.00025  0.000008  1.11540       0
27  GBP_CHF 2023-02-14 04:37:00+00:00  1.11540  1.11538  0.0  0.0  0.00023  0.000017  1.11540       0
28  GBP_CHF 2023-02-14 04:38:00+00:00  1.11538  1.11542  0.0  0.0  0.00024  0.000036  1.11538       0
29  GBP_CHF 2023-02-14 04:39:00+00:00  1.11538  1.11538  0.0  0.0  0.00020  0.000031  1.11538       0
30  GBP_CHF 2023-02-14 04:40:00+00:00  1.11532  1.11540  0.0  0.0  0.00021  0.000087  1.11532       0
2023-02-13 23:42:11 CandleManager() new candle:last_candle:23-02-14 04:41 is_ready:True
2023-02-13 23:42:11 tech_manager: max_rows:32 candle_time:2023-02-14 04:41:00+00:00 granularityM1
2023-02-13 23:42:11 process_candles:
       PAIR                      time    mid_c    mid_o   SL   TP   SPREAD      GAIN     LOSS  SIGNAL
26  GBP_CHF 2023-02-14 04:37:00+00:00  1.11540  1.11538  0.0  0.0  0.00023  0.000017  1.11540       0
27  GBP_CHF 2023-02-14 04:38:00+00:00  1.11538  1.11542  0.0  0.0  0.00024  0.000036  1.11538       0
28  GBP_CHF 2023-02-14 04:39:00+00:00  1.11538  1.11538  0.0  0.0  0.00020  0.000031  1.11538       0
29  GBP_CHF 2023-02-14 04:40:00+00:00  1.11532  1.11540  0.0  0.0  0.00021  0.000087  1.11532       0
30  GBP_CHF 2023-02-14 04:41:00+00:00  1.11536  1.11530  0.0  0.0  0.00022  0.000041  1.11536       0
2023-02-13 23:43:12 CandleManager() new candle:last_candle:23-02-14 04:42 is_ready:True
2023-02-13 23:43:12 tech_manager: max_rows:32 candle_time:2023-02-14 04:42:00+00:00 granularityM1
2023-02-13 23:43:12 process_candles:
       PAIR                      time    mid_c    mid_o   SL   TP   SPREAD      GAIN     LOSS  SIGNAL
27  GBP_CHF 2023-02-14 04:38:00+00:00  1.11538  1.11542  0.0  0.0  0.00024  0.000036  1.11538       0
28  GBP_CHF 2023-02-14 04:39:00+00:00  1.11538  1.11538  0.0  0.0  0.00020  0.000031  1.11538       0
29  GBP_CHF 2023-02-14 04:40:00+00:00  1.11532  1.11540  0.0  0.0  0.00021  0.000087  1.11532       0
30  GBP_CHF 2023-02-14 04:41:00+00:00  1.11536  1.11530  0.0  0.0  0.00022  0.000041  1.11536       0
31  GBP_CHF 2023-02-14 04:42:00+00:00  1.11532  1.11535  0.0  0.0  0.00023  0.000071  1.11532       0
2023-02-13 23:44:13 CandleManager() new candle:last_candle:23-02-14 04:43 is_ready:True
2023-02-13 23:44:13 tech_manager: max_rows:32 candle_time:2023-02-14 04:43:00+00:00 granularityM1
2023-02-13 23:44:13 process_candles:
       PAIR                      time    mid_c    mid_o   SL   TP   SPREAD      GAIN     LOSS  SIGNAL
26  GBP_CHF 2023-02-14 04:39:00+00:00  1.11538  1.11538  0.0  0.0  0.00020  0.000031  1.11538       0
27  GBP_CHF 2023-02-14 04:40:00+00:00  1.11532  1.11540  0.0  0.0  0.00021  0.000087  1.11532       0
28  GBP_CHF 2023-02-14 04:41:00+00:00  1.11536  1.11530  0.0  0.0  0.00022  0.000041  1.11536       0
29  GBP_CHF 2023-02-14 04:42:00+00:00  1.11532  1.11535  0.0  0.0  0.00023  0.000071  1.11532       0
30  GBP_CHF 2023-02-14 04:43:00+00:00  1.11529  1.11532  0.0  0.0  0.00022  0.000088  1.11529       0
2023-02-13 23:45:04 CandleManager() new candle:last_candle:23-02-14 04:44 is_ready:True
2023-02-13 23:45:04 tech_manager: max_rows:32 candle_time:2023-02-14 04:44:00+00:00 granularityM1
2023-02-13 23:45:04 process_candles:
       PAIR                      time    mid_c    mid_o   SL   TP   SPREAD      GAIN     LOSS  SIGNAL
26  GBP_CHF 2023-02-14 04:40:00+00:00  1.11532  1.11540  0.0  0.0  0.00021  0.000087  1.11532       0
27  GBP_CHF 2023-02-14 04:41:00+00:00  1.11536  1.11530  0.0  0.0  0.00022  0.000041  1.11536       0
28  GBP_CHF 2023-02-14 04:42:00+00:00  1.11532  1.11535  0.0  0.0  0.00023  0.000071  1.11532       0
29  GBP_CHF 2023-02-14 04:43:00+00:00  1.11529  1.11532  0.0  0.0  0.00022  0.000088  1.11529       0
30  GBP_CHF 2023-02-14 04:44:00+00:00  1.11534  1.11526  0.0  0.0  0.00021  0.000028  1.11534       0
2023-02-13 23:46:05 CandleManager() new candle:last_candle:23-02-14 04:45 is_ready:True
2023-02-13 23:46:05 tech_manager: max_rows:32 candle_time:2023-02-14 04:45:00+00:00 granularityM1
2023-02-13 23:46:05 process_candles:
       PAIR                      time    mid_c    mid_o   SL   TP   SPREAD      GAIN     LOSS  SIGNAL
26  GBP_CHF 2023-02-14 04:41:00+00:00  1.11536  1.11530  0.0  0.0  0.00022  0.000041  1.11536       0
27  GBP_CHF 2023-02-14 04:42:00+00:00  1.11532  1.11535  0.0  0.0  0.00023  0.000071  1.11532       0
28  GBP_CHF 2023-02-14 04:43:00+00:00  1.11529  1.11532  0.0  0.0  0.00022  0.000088  1.11529       0
29  GBP_CHF 2023-02-14 04:44:00+00:00  1.11534  1.11526  0.0  0.0  0.00021  0.000028  1.11534       0
30  GBP_CHF 2023-02-14 04:45:00+00:00  1.11526  1.11530  0.0  0.0  0.00025  0.000100  1.11526       0
2023-02-13 23:47:06 CandleManager() new candle:last_candle:23-02-14 04:46 is_ready:True
2023-02-13 23:47:06 tech_manager: max_rows:32 candle_time:2023-02-14 04:46:00+00:00 granularityM1
2023-02-13 23:47:06 process_candles:
       PAIR                      time    mid_c    mid_o   SL   TP   SPREAD      GAIN     LOSS  SIGNAL
26  GBP_CHF 2023-02-14 04:42:00+00:00  1.11532  1.11535  0.0  0.0  0.00023  0.000071  1.11532       0
27  GBP_CHF 2023-02-14 04:43:00+00:00  1.11529  1.11532  0.0  0.0  0.00022  0.000088  1.11529       0
28  GBP_CHF 2023-02-14 04:44:00+00:00  1.11534  1.11526  0.0  0.0  0.00021  0.000028  1.11534       0
29  GBP_CHF 2023-02-14 04:45:00+00:00  1.11526  1.11530  0.0  0.0  0.00025  0.000100  1.11526       0
30  GBP_CHF 2023-02-14 04:46:00+00:00  1.11528  1.11526  0.0  0.0  0.00023  0.000072  1.11528       0
2023-02-13 23:48:07 CandleManager() new candle:last_candle:23-02-14 04:47 is_ready:True
2023-02-13 23:48:07 tech_manager: max_rows:32 candle_time:2023-02-14 04:47:00+00:00 granularityM1
2023-02-13 23:48:07 process_candles:
       PAIR                      time    mid_c    mid_o   SL   TP   SPREAD      GAIN     LOSS  SIGNAL
26  GBP_CHF 2023-02-14 04:43:00+00:00  1.11529  1.11532  0.0  0.0  0.00022  0.000088  1.11529       0
27  GBP_CHF 2023-02-14 04:44:00+00:00  1.11534  1.11526  0.0  0.0  0.00021  0.000028  1.11534       0
28  GBP_CHF 2023-02-14 04:45:00+00:00  1.11526  1.11530  0.0  0.0  0.00025  0.000100  1.11526       0
29  GBP_CHF 2023-02-14 04:46:00+00:00  1.11528  1.11526  0.0  0.0  0.00023  0.000072  1.11528       0
30  GBP_CHF 2023-02-14 04:47:00+00:00  1.11526  1.11529  0.0  0.0  0.00022  0.000081  1.11526       0
2023-02-13 23:49:08 CandleManager() new candle:last_candle:23-02-14 04:48 is_ready:True
2023-02-13 23:49:09 tech_manager: max_rows:32 candle_time:2023-02-14 04:48:00+00:00 granularityM1
2023-02-13 23:49:09 process_candles:
       PAIR                      time    mid_c    mid_o   SL   TP   SPREAD      GAIN     LOSS  SIGNAL
26  GBP_CHF 2023-02-14 04:44:00+00:00  1.11534  1.11526  0.0  0.0  0.00021  0.000028  1.11534       0
27  GBP_CHF 2023-02-14 04:45:00+00:00  1.11526  1.11530  0.0  0.0  0.00025  0.000100  1.11526       0
28  GBP_CHF 2023-02-14 04:46:00+00:00  1.11528  1.11526  0.0  0.0  0.00023  0.000072  1.11528       0
29  GBP_CHF 2023-02-14 04:47:00+00:00  1.11526  1.11529  0.0  0.0  0.00022  0.000081  1.11526       0
30  GBP_CHF 2023-02-14 04:48:00+00:00  1.11522  1.11526  0.0  0.0  0.00022  0.000107  1.11522       0
2023-02-13 23:50:10 CandleManager() new candle:last_candle:23-02-14 04:49 is_ready:True
2023-02-13 23:50:10 tech_manager: max_rows:32 candle_time:2023-02-14 04:49:00+00:00 granularityM1
2023-02-13 23:50:10 process_candles:
       PAIR                      time    mid_c    mid_o   SL   TP   SPREAD      GAIN     LOSS  SIGNAL
26  GBP_CHF 2023-02-14 04:45:00+00:00  1.11526  1.11530  0.0  0.0  0.00025  0.000100  1.11526       0
27  GBP_CHF 2023-02-14 04:46:00+00:00  1.11528  1.11526  0.0  0.0  0.00023  0.000072  1.11528       0
28  GBP_CHF 2023-02-14 04:47:00+00:00  1.11526  1.11529  0.0  0.0  0.00022  0.000081  1.11526       0
29  GBP_CHF 2023-02-14 04:48:00+00:00  1.11522  1.11526  0.0  0.0  0.00022  0.000107  1.11522       0
30  GBP_CHF 2023-02-14 04:49:00+00:00  1.11524  1.11523  0.0  0.0  0.00024  0.000073  1.11524       0
2023-02-13 23:51:11 CandleManager() new candle:last_candle:23-02-14 04:50 is_ready:True
2023-02-13 23:51:11 tech_manager: max_rows:32 candle_time:2023-02-14 04:50:00+00:00 granularityM1
2023-02-13 23:51:11 process_candles:
       PAIR                      time    mid_c    mid_o   SL   TP   SPREAD      GAIN     LOSS  SIGNAL
26  GBP_CHF 2023-02-14 04:46:00+00:00  1.11528  1.11526  0.0  0.0  0.00023  0.000072  1.11528       0
27  GBP_CHF 2023-02-14 04:47:00+00:00  1.11526  1.11529  0.0  0.0  0.00022  0.000081  1.11526       0
28  GBP_CHF 2023-02-14 04:48:00+00:00  1.11522  1.11526  0.0  0.0  0.00022  0.000107  1.11522       0
29  GBP_CHF 2023-02-14 04:49:00+00:00  1.11524  1.11523  0.0  0.0  0.00024  0.000073  1.11524       0
30  GBP_CHF 2023-02-14 04:50:00+00:00  1.11532  1.11522  0.0  0.0  0.00024  0.000016  1.11532       0
2023-02-13 23:52:02 CandleManager() new candle:last_candle:23-02-14 04:51 is_ready:True
2023-02-13 23:52:02 tech_manager: max_rows:32 candle_time:2023-02-14 04:51:00+00:00 granularityM1
2023-02-13 23:52:02 process_candles:
       PAIR                      time    mid_c    mid_o   SL   TP   SPREAD      GAIN     LOSS  SIGNAL
26  GBP_CHF 2023-02-14 04:47:00+00:00  1.11526  1.11529  0.0  0.0  0.00022  0.000081  1.11526       0
27  GBP_CHF 2023-02-14 04:48:00+00:00  1.11522  1.11526  0.0  0.0  0.00022  0.000107  1.11522       0
28  GBP_CHF 2023-02-14 04:49:00+00:00  1.11524  1.11523  0.0  0.0  0.00024  0.000073  1.11524       0
29  GBP_CHF 2023-02-14 04:50:00+00:00  1.11532  1.11522  0.0  0.0  0.00024  0.000016  1.11532       0
30  GBP_CHF 2023-02-14 04:51:00+00:00  1.11534  1.11532  0.0  0.0  0.00025  0.000040  1.11534       0
2023-02-13 23:53:14 CandleManager() new candle:last_candle:23-02-14 04:52 is_ready:True
2023-02-13 23:53:14 tech_manager: max_rows:32 candle_time:2023-02-14 04:52:00+00:00 granularityM1
2023-02-13 23:53:14 process_candles:
       PAIR                      time    mid_c    mid_o   SL   TP   SPREAD      GAIN     LOSS  SIGNAL
26  GBP_CHF 2023-02-14 04:48:00+00:00  1.11522  1.11526  0.0  0.0  0.00022  0.000107  1.11522       0
27  GBP_CHF 2023-02-14 04:49:00+00:00  1.11524  1.11523  0.0  0.0  0.00024  0.000073  1.11524       0
28  GBP_CHF 2023-02-14 04:50:00+00:00  1.11532  1.11522  0.0  0.0  0.00024  0.000016  1.11532       0
29  GBP_CHF 2023-02-14 04:51:00+00:00  1.11534  1.11532  0.0  0.0  0.00025  0.000040  1.11534       0
30  GBP_CHF 2023-02-14 04:52:00+00:00  1.11525  1.11534  0.0  0.0  0.00024  0.000041  1.11525       0
2023-02-13 23:54:05 CandleManager() new candle:last_candle:23-02-14 04:53 is_ready:True
2023-02-13 23:54:05 tech_manager: max_rows:32 candle_time:2023-02-14 04:53:00+00:00 granularityM1
2023-02-13 23:54:05 process_candles:
       PAIR                      time    mid_c    mid_o   SL   TP   SPREAD      GAIN     LOSS  SIGNAL
26  GBP_CHF 2023-02-14 04:49:00+00:00  1.11524  1.11523  0.0  0.0  0.00024  0.000073  1.11524       0
27  GBP_CHF 2023-02-14 04:50:00+00:00  1.11532  1.11522  0.0  0.0  0.00024  0.000016  1.11532       0
28  GBP_CHF 2023-02-14 04:51:00+00:00  1.11534  1.11532  0.0  0.0  0.00025  0.000040  1.11534       0
29  GBP_CHF 2023-02-14 04:52:00+00:00  1.11525  1.11534  0.0  0.0  0.00024  0.000041  1.11525       0
30  GBP_CHF 2023-02-14 04:53:00+00:00  1.11519  1.11524  0.0  0.0  0.00024  0.000091  1.11519       0
2023-02-13 23:55:06 CandleManager() new candle:last_candle:23-02-14 04:54 is_ready:True
2023-02-13 23:55:06 tech_manager: max_rows:32 candle_time:2023-02-14 04:54:00+00:00 granularityM1
2023-02-13 23:55:06 process_candles:
       PAIR                      time    mid_c    mid_o   SL   TP   SPREAD      GAIN     LOSS  SIGNAL
27  GBP_CHF 2023-02-14 04:50:00+00:00  1.11532  1.11522  0.0  0.0  0.00024  0.000016  1.11532       0
28  GBP_CHF 2023-02-14 04:51:00+00:00  1.11534  1.11532  0.0  0.0  0.00025  0.000040  1.11534       0
29  GBP_CHF 2023-02-14 04:52:00+00:00  1.11525  1.11534  0.0  0.0  0.00024  0.000041  1.11525       0
30  GBP_CHF 2023-02-14 04:53:00+00:00  1.11519  1.11524  0.0  0.0  0.00024  0.000091  1.11519       0
31  GBP_CHF 2023-02-14 04:54:00+00:00  1.11520  1.11520  0.0  0.0  0.00025  0.000070  1.11520       0
2023-02-13 23:56:07 CandleManager() new candle:last_candle:23-02-14 04:55 is_ready:True
2023-02-13 23:56:07 tech_manager: max_rows:32 candle_time:2023-02-14 04:55:00+00:00 granularityM1
2023-02-13 23:56:07 process_candles:
       PAIR                      time    mid_c    mid_o   SL   TP   SPREAD      GAIN     LOSS  SIGNAL
26  GBP_CHF 2023-02-14 04:51:00+00:00  1.11534  1.11532  0.0  0.0  0.00025  0.000040  1.11534       0
27  GBP_CHF 2023-02-14 04:52:00+00:00  1.11525  1.11534  0.0  0.0  0.00024  0.000041  1.11525       0
28  GBP_CHF 2023-02-14 04:53:00+00:00  1.11519  1.11524  0.0  0.0  0.00024  0.000091  1.11519       0
29  GBP_CHF 2023-02-14 04:54:00+00:00  1.11520  1.11520  0.0  0.0  0.00025  0.000070  1.11520       0
30  GBP_CHF 2023-02-14 04:55:00+00:00  1.11522  1.11520  0.0  0.0  0.00020  0.000042  1.11522       0
2023-02-13 23:57:08 CandleManager() new candle:last_candle:23-02-14 04:56 is_ready:True
2023-02-13 23:57:08 tech_manager: max_rows:32 candle_time:2023-02-14 04:56:00+00:00 granularityM1
2023-02-13 23:57:08 process_candles:
       PAIR                      time    mid_c    mid_o   SL   TP   SPREAD      GAIN     LOSS  SIGNAL
26  GBP_CHF 2023-02-14 04:52:00+00:00  1.11525  1.11534  0.0  0.0  0.00024  0.000041  1.11525       0
27  GBP_CHF 2023-02-14 04:53:00+00:00  1.11519  1.11524  0.0  0.0  0.00024  0.000091  1.11519       0
28  GBP_CHF 2023-02-14 04:54:00+00:00  1.11520  1.11520  0.0  0.0  0.00025  0.000070  1.11520       0
29  GBP_CHF 2023-02-14 04:55:00+00:00  1.11522  1.11520  0.0  0.0  0.00020  0.000042  1.11522       0
30  GBP_CHF 2023-02-14 04:56:00+00:00  1.11520  1.11522  0.0  0.0  0.00027  0.000053  1.11520       0
2023-02-13 23:58:09 CandleManager() new candle:last_candle:23-02-14 04:57 is_ready:True
2023-02-13 23:58:09 tech_manager: max_rows:32 candle_time:2023-02-14 04:57:00+00:00 granularityM1
2023-02-13 23:58:09 process_candles:
       PAIR                      time    mid_c    mid_o   SL   TP   SPREAD      GAIN     LOSS  SIGNAL
26  GBP_CHF 2023-02-14 04:53:00+00:00  1.11519  1.11524  0.0  0.0  0.00024  0.000091  1.11519       0
27  GBP_CHF 2023-02-14 04:54:00+00:00  1.11520  1.11520  0.0  0.0  0.00025  0.000070  1.11520       0
28  GBP_CHF 2023-02-14 04:55:00+00:00  1.11522  1.11520  0.0  0.0  0.00020  0.000042  1.11522       0
29  GBP_CHF 2023-02-14 04:56:00+00:00  1.11520  1.11522  0.0  0.0  0.00027  0.000053  1.11520       0
30  GBP_CHF 2023-02-14 04:57:00+00:00  1.11523  1.11521  0.0  0.0  0.00022  0.000019  1.11523       0
2023-02-13 23:59:00 CandleManager() new candle:last_candle:23-02-14 04:58 is_ready:True
2023-02-13 23:59:00 tech_manager: max_rows:32 candle_time:2023-02-14 04:58:00+00:00 granularityM1
2023-02-13 23:59:00 process_candles:
       PAIR                      time    mid_c    mid_o   SL   TP   SPREAD      GAIN     LOSS  SIGNAL
26  GBP_CHF 2023-02-14 04:54:00+00:00  1.11520  1.11520  0.0  0.0  0.00025  0.000070  1.11520       0
27  GBP_CHF 2023-02-14 04:55:00+00:00  1.11522  1.11520  0.0  0.0  0.00020  0.000042  1.11522       0
28  GBP_CHF 2023-02-14 04:56:00+00:00  1.11520  1.11522  0.0  0.0  0.00027  0.000053  1.11520       0
29  GBP_CHF 2023-02-14 04:57:00+00:00  1.11523  1.11521  0.0  0.0  0.00022  0.000019  1.11523       0
30  GBP_CHF 2023-02-14 04:58:00+00:00  1.11529  1.11524  0.0  0.0  0.00024  0.000042  1.11529       0
2023-02-14 00:00:01 CandleManager() new candle:last_candle:23-02-14 04:59 is_ready:True
2023-02-14 00:00:02 tech_manager: max_rows:32 candle_time:2023-02-14 04:59:00+00:00 granularityM1
2023-02-14 00:00:02 process_candles:
       PAIR                      time    mid_c    mid_o   SL   TP   SPREAD      GAIN     LOSS  SIGNAL
26  GBP_CHF 2023-02-14 04:55:00+00:00  1.11522  1.11520  0.0  0.0  0.00020  0.000042  1.11522       0
27  GBP_CHF 2023-02-14 04:56:00+00:00  1.11520  1.11522  0.0  0.0  0.00027  0.000053  1.11520       0
28  GBP_CHF 2023-02-14 04:57:00+00:00  1.11523  1.11521  0.0  0.0  0.00022  0.000019  1.11523       0
29  GBP_CHF 2023-02-14 04:58:00+00:00  1.11529  1.11524  0.0  0.0  0.00024  0.000042  1.11529       0
30  GBP_CHF 2023-02-14 04:59:00+00:00  1.11528  1.11529  0.0  0.0  0.00023  0.000030  1.11528       0
2023-02-14 00:01:03 CandleManager() new candle:last_candle:23-02-14 05:00 is_ready:True
2023-02-14 00:01:03 tech_manager: max_rows:32 candle_time:2023-02-14 05:00:00+00:00 granularityM1
2023-02-14 00:01:03 process_candles:
       PAIR                      time    mid_c    mid_o   SL   TP   SPREAD      GAIN     LOSS  SIGNAL
26  GBP_CHF 2023-02-14 04:56:00+00:00  1.11520  1.11522  0.0  0.0  0.00027  0.000053  1.11520       0
27  GBP_CHF 2023-02-14 04:57:00+00:00  1.11523  1.11521  0.0  0.0  0.00022  0.000019  1.11523       0
28  GBP_CHF 2023-02-14 04:58:00+00:00  1.11529  1.11524  0.0  0.0  0.00024  0.000042  1.11529       0
29  GBP_CHF 2023-02-14 04:59:00+00:00  1.11528  1.11529  0.0  0.0  0.00023  0.000030  1.11528       0
30  GBP_CHF 2023-02-14 05:00:00+00:00  1.11524  1.11528  0.0  0.0  0.00026  0.000011  1.11524       0
2023-02-14 00:02:04 CandleManager() new candle:last_candle:23-02-14 05:01 is_ready:True
2023-02-14 00:02:04 tech_manager: max_rows:32 candle_time:2023-02-14 05:01:00+00:00 granularityM1
2023-02-14 00:02:04 process_candles:
       PAIR                      time    mid_c    mid_o   SL   TP   SPREAD      GAIN     LOSS  SIGNAL
26  GBP_CHF 2023-02-14 04:57:00+00:00  1.11523  1.11521  0.0  0.0  0.00022  0.000019  1.11523       0
27  GBP_CHF 2023-02-14 04:58:00+00:00  1.11529  1.11524  0.0  0.0  0.00024  0.000042  1.11529       0
28  GBP_CHF 2023-02-14 04:59:00+00:00  1.11528  1.11529  0.0  0.0  0.00023  0.000030  1.11528       0
29  GBP_CHF 2023-02-14 05:00:00+00:00  1.11524  1.11528  0.0  0.0  0.00026  0.000011  1.11524       0
30  GBP_CHF 2023-02-14 05:01:00+00:00  1.11522  1.11524  0.0  0.0  0.00022  0.000032  1.11522       0
2023-02-14 00:03:05 CandleManager() new candle:last_candle:23-02-14 05:02 is_ready:True
2023-02-14 00:03:05 tech_manager: max_rows:32 candle_time:2023-02-14 05:02:00+00:00 granularityM1
2023-02-14 00:03:05 process_candles:
       PAIR                      time    mid_c    mid_o   SL   TP   SPREAD      GAIN     LOSS  SIGNAL
26  GBP_CHF 2023-02-14 04:58:00+00:00  1.11529  1.11524  0.0  0.0  0.00024  0.000042  1.11529       0
27  GBP_CHF 2023-02-14 04:59:00+00:00  1.11528  1.11529  0.0  0.0  0.00023  0.000030  1.11528       0
28  GBP_CHF 2023-02-14 05:00:00+00:00  1.11524  1.11528  0.0  0.0  0.00026  0.000011  1.11524       0
29  GBP_CHF 2023-02-14 05:01:00+00:00  1.11522  1.11524  0.0  0.0  0.00022  0.000032  1.11522       0
30  GBP_CHF 2023-02-14 05:02:00+00:00  1.11524  1.11522  0.0  0.0  0.00024  0.000007  1.11524       0
2023-02-14 00:04:06 CandleManager() new candle:last_candle:23-02-14 05:03 is_ready:True
2023-02-14 00:04:07 tech_manager: max_rows:32 candle_time:2023-02-14 05:03:00+00:00 granularityM1
2023-02-14 00:04:07 process_candles:
       PAIR                      time    mid_c    mid_o   SL   TP   SPREAD          GAIN     LOSS  SIGNAL
27  GBP_CHF 2023-02-14 04:59:00+00:00  1.11528  1.11529  0.0  0.0  0.00023  3.027778e-05  1.11528       0
28  GBP_CHF 2023-02-14 05:00:00+00:00  1.11524  1.11528  0.0  0.0  0.00026  1.138889e-05  1.11524       0
29  GBP_CHF 2023-02-14 05:01:00+00:00  1.11522  1.11524  0.0  0.0  0.00022  3.194444e-05  1.11522       0
30  GBP_CHF 2023-02-14 05:02:00+00:00  1.11524  1.11522  0.0  0.0  0.00024  7.500000e-06  1.11524       0
31  GBP_CHF 2023-02-14 05:03:00+00:00  1.11524  1.11522  0.0  0.0  0.00025  8.333333e-07  1.11524       0
2023-02-14 00:05:08 CandleManager() new candle:last_candle:23-02-14 05:04 is_ready:True
2023-02-14 00:05:08 tech_manager: max_rows:32 candle_time:2023-02-14 05:04:00+00:00 granularityM1
2023-02-14 00:05:08 process_candles:
       PAIR                      time    mid_c    mid_o   SL   TP   SPREAD          GAIN     LOSS  SIGNAL
27  GBP_CHF 2023-02-14 05:00:00+00:00  1.11524  1.11528  0.0  0.0  0.00026  1.138889e-05  1.11524       0
28  GBP_CHF 2023-02-14 05:01:00+00:00  1.11522  1.11524  0.0  0.0  0.00022  3.194444e-05  1.11522       0
29  GBP_CHF 2023-02-14 05:02:00+00:00  1.11524  1.11522  0.0  0.0  0.00024  7.500000e-06  1.11524       0
30  GBP_CHF 2023-02-14 05:03:00+00:00  1.11524  1.11522  0.0  0.0  0.00025  8.333333e-07  1.11524       0
31  GBP_CHF 2023-02-14 05:04:00+00:00  1.11522  1.11520  0.0  0.0  0.00027  1.500000e-05  1.11522       0
2023-02-14 00:06:09 CandleManager() new candle:last_candle:23-02-14 05:05 is_ready:True
2023-02-14 00:06:09 tech_manager: max_rows:32 candle_time:2023-02-14 05:05:00+00:00 granularityM1
2023-02-14 00:06:09 process_candles:
       PAIR                      time    mid_c    mid_o   SL   TP   SPREAD          GAIN     LOSS  SIGNAL
26  GBP_CHF 2023-02-14 05:01:00+00:00  1.11522  1.11524  0.0  0.0  0.00022  3.194444e-05  1.11522       0
27  GBP_CHF 2023-02-14 05:02:00+00:00  1.11524  1.11522  0.0  0.0  0.00024  7.500000e-06  1.11524       0
28  GBP_CHF 2023-02-14 05:03:00+00:00  1.11524  1.11522  0.0  0.0  0.00025  8.333333e-07  1.11524       0
29  GBP_CHF 2023-02-14 05:04:00+00:00  1.11522  1.11520  0.0  0.0  0.00027  1.500000e-05  1.11522       0
30  GBP_CHF 2023-02-14 05:05:00+00:00  1.11528  1.11522  0.0  0.0  0.00021  4.000000e-05  1.11528       0
2023-02-14 00:07:10 CandleManager() new candle:last_candle:23-02-14 05:06 is_ready:True
2023-02-14 00:07:10 tech_manager: max_rows:32 candle_time:2023-02-14 05:06:00+00:00 granularityM1
2023-02-14 00:07:10 process_candles:
       PAIR                      time    mid_c    mid_o   SL   TP   SPREAD          GAIN     LOSS  SIGNAL
26  GBP_CHF 2023-02-14 05:02:00+00:00  1.11524  1.11522  0.0  0.0  0.00024  7.500000e-06  1.11524       0
27  GBP_CHF 2023-02-14 05:03:00+00:00  1.11524  1.11522  0.0  0.0  0.00025  8.333333e-07  1.11524       0
28  GBP_CHF 2023-02-14 05:04:00+00:00  1.11522  1.11520  0.0  0.0  0.00027  1.500000e-05  1.11522       0
29  GBP_CHF 2023-02-14 05:05:00+00:00  1.11528  1.11522  0.0  0.0  0.00021  4.000000e-05  1.11528       0
30  GBP_CHF 2023-02-14 05:06:00+00:00  1.11526  1.11532  0.0  0.0  0.00025  1.388889e-05  1.11526       0
2023-02-14 00:08:11 CandleManager() new candle:last_candle:23-02-14 05:07 is_ready:True
2023-02-14 00:08:11 tech_manager: max_rows:32 candle_time:2023-02-14 05:07:00+00:00 granularityM1
2023-02-14 00:08:11 process_candles:
       PAIR                      time    mid_c    mid_o   SL   TP   SPREAD          GAIN     LOSS  SIGNAL
26  GBP_CHF 2023-02-14 05:03:00+00:00  1.11524  1.11522  0.0  0.0  0.00025  8.333333e-07  1.11524       0
27  GBP_CHF 2023-02-14 05:04:00+00:00  1.11522  1.11520  0.0  0.0  0.00027  1.500000e-05  1.11522       0
28  GBP_CHF 2023-02-14 05:05:00+00:00  1.11528  1.11522  0.0  0.0  0.00021  4.000000e-05  1.11528       0
29  GBP_CHF 2023-02-14 05:06:00+00:00  1.11526  1.11532  0.0  0.0  0.00025  1.388889e-05  1.11526       0
30  GBP_CHF 2023-02-14 05:07:00+00:00  1.11523  1.11526  0.0  0.0  0.00026  1.750000e-05  1.11523       0
2023-02-14 00:09:02 CandleManager() new candle:last_candle:23-02-14 05:08 is_ready:True
2023-02-14 00:09:02 tech_manager: max_rows:32 candle_time:2023-02-14 05:08:00+00:00 granularityM1
2023-02-14 00:09:02 process_candles:
       PAIR                      time    mid_c    mid_o   SL   TP   SPREAD      GAIN     LOSS  SIGNAL
26  GBP_CHF 2023-02-14 05:04:00+00:00  1.11522  1.11520  0.0  0.0  0.00027  0.000015  1.11522       0
27  GBP_CHF 2023-02-14 05:05:00+00:00  1.11528  1.11522  0.0  0.0  0.00021  0.000040  1.11528       0
28  GBP_CHF 2023-02-14 05:06:00+00:00  1.11526  1.11532  0.0  0.0  0.00025  0.000014  1.11526       0
29  GBP_CHF 2023-02-14 05:07:00+00:00  1.11523  1.11526  0.0  0.0  0.00026  0.000018  1.11523       0
30  GBP_CHF 2023-02-14 05:08:00+00:00  1.11522  1.11521  0.0  0.0  0.00023  0.000030  1.11522       0
2023-02-14 00:10:03 CandleManager() new candle:last_candle:23-02-14 05:09 is_ready:True
2023-02-14 00:10:03 tech_manager: max_rows:32 candle_time:2023-02-14 05:09:00+00:00 granularityM1
2023-02-14 00:10:03 process_candles:
       PAIR                      time    mid_c    mid_o   SL   TP   SPREAD      GAIN     LOSS  SIGNAL
26  GBP_CHF 2023-02-14 05:05:00+00:00  1.11528  1.11522  0.0  0.0  0.00021  0.000040  1.11528       0
27  GBP_CHF 2023-02-14 05:06:00+00:00  1.11526  1.11532  0.0  0.0  0.00025  0.000014  1.11526       0
28  GBP_CHF 2023-02-14 05:07:00+00:00  1.11523  1.11526  0.0  0.0  0.00026  0.000018  1.11523       0
29  GBP_CHF 2023-02-14 05:08:00+00:00  1.11522  1.11521  0.0  0.0  0.00023  0.000030  1.11522       0
30  GBP_CHF 2023-02-14 05:09:00+00:00  1.11520  1.11525  0.0  0.0  0.00025  0.000048  1.11520       0
2023-02-14 00:11:04 CandleManager() new candle:last_candle:23-02-14 05:10 is_ready:True
2023-02-14 00:11:04 tech_manager: max_rows:32 candle_time:2023-02-14 05:10:00+00:00 granularityM1
2023-02-14 00:11:05 process_candles:
       PAIR                      time    mid_c    mid_o   SL   TP   SPREAD      GAIN     LOSS  SIGNAL
26  GBP_CHF 2023-02-14 05:06:00+00:00  1.11526  1.11532  0.0  0.0  0.00025  0.000014  1.11526       0
27  GBP_CHF 2023-02-14 05:07:00+00:00  1.11523  1.11526  0.0  0.0  0.00026  0.000018  1.11523       0
28  GBP_CHF 2023-02-14 05:08:00+00:00  1.11522  1.11521  0.0  0.0  0.00023  0.000030  1.11522       0
29  GBP_CHF 2023-02-14 05:09:00+00:00  1.11520  1.11525  0.0  0.0  0.00025  0.000048  1.11520       0
30  GBP_CHF 2023-02-14 05:10:00+00:00  1.11510  1.11521  0.0  0.0  0.00023  0.000137  1.11510       0
2023-02-14 00:12:06 CandleManager() new candle:last_candle:23-02-14 05:11 is_ready:True
2023-02-14 00:12:06 tech_manager: max_rows:32 candle_time:2023-02-14 05:11:00+00:00 granularityM1
2023-02-14 00:12:06 process_candles:
       PAIR                      time    mid_c    mid_o   SL   TP   SPREAD      GAIN     LOSS  SIGNAL
26  GBP_CHF 2023-02-14 05:07:00+00:00  1.11523  1.11526  0.0  0.0  0.00026  0.000018  1.11523       0
27  GBP_CHF 2023-02-14 05:08:00+00:00  1.11522  1.11521  0.0  0.0  0.00023  0.000030  1.11522       0
28  GBP_CHF 2023-02-14 05:09:00+00:00  1.11520  1.11525  0.0  0.0  0.00025  0.000048  1.11520       0
29  GBP_CHF 2023-02-14 05:10:00+00:00  1.11510  1.11521  0.0  0.0  0.00023  0.000137  1.11510       0
30  GBP_CHF 2023-02-14 05:11:00+00:00  1.11506  1.11511  0.0  0.0  0.00024  0.000159  1.11506       0
2023-02-14 00:13:07 CandleManager() new candle:last_candle:23-02-14 05:12 is_ready:True
2023-02-14 00:13:07 tech_manager: max_rows:32 candle_time:2023-02-14 05:12:00+00:00 granularityM1
2023-02-14 00:13:07 process_candles:
       PAIR                      time    mid_c    mid_o   SL   TP   SPREAD      GAIN     LOSS  SIGNAL
26  GBP_CHF 2023-02-14 05:08:00+00:00  1.11522  1.11521  0.0  0.0  0.00023  0.000030  1.11522       0
27  GBP_CHF 2023-02-14 05:09:00+00:00  1.11520  1.11525  0.0  0.0  0.00025  0.000048  1.11520       0
28  GBP_CHF 2023-02-14 05:10:00+00:00  1.11510  1.11521  0.0  0.0  0.00023  0.000137  1.11510       0
29  GBP_CHF 2023-02-14 05:11:00+00:00  1.11506  1.11511  0.0  0.0  0.00024  0.000159  1.11506       0
30  GBP_CHF 2023-02-14 05:12:00+00:00  1.11506  1.11506  0.0  0.0  0.00025  0.000142  1.11506       0
2023-02-14 00:14:08 CandleManager() new candle:last_candle:23-02-14 05:13 is_ready:True
2023-02-14 00:14:08 tech_manager: max_rows:32 candle_time:2023-02-14 05:13:00+00:00 granularityM1
2023-02-14 00:14:08 process_candles:
       PAIR                      time    mid_c    mid_o   SL   TP   SPREAD      GAIN     LOSS  SIGNAL
26  GBP_CHF 2023-02-14 05:09:00+00:00  1.11520  1.11525  0.0  0.0  0.00025  0.000048  1.11520       0
27  GBP_CHF 2023-02-14 05:10:00+00:00  1.11510  1.11521  0.0  0.0  0.00023  0.000137  1.11510       0
28  GBP_CHF 2023-02-14 05:11:00+00:00  1.11506  1.11511  0.0  0.0  0.00024  0.000159  1.11506       0
29  GBP_CHF 2023-02-14 05:12:00+00:00  1.11506  1.11506  0.0  0.0  0.00025  0.000142  1.11506       0
30  GBP_CHF 2023-02-14 05:13:00+00:00  1.11505  1.11504  0.0  0.0  0.00024  0.000135  1.11505       0
2023-02-14 00:15:09 CandleManager() new candle:last_candle:23-02-14 05:14 is_ready:True
2023-02-14 00:15:09 tech_manager: max_rows:32 candle_time:2023-02-14 05:14:00+00:00 granularityM1
2023-02-14 00:15:09 process_candles:
       PAIR                      time    mid_c    mid_o   SL   TP   SPREAD      GAIN     LOSS  SIGNAL
27  GBP_CHF 2023-02-14 05:10:00+00:00  1.11510  1.11521  0.0  0.0  0.00023  0.000137  1.11510       0
28  GBP_CHF 2023-02-14 05:11:00+00:00  1.11506  1.11511  0.0  0.0  0.00024  0.000159  1.11506       0
29  GBP_CHF 2023-02-14 05:12:00+00:00  1.11506  1.11506  0.0  0.0  0.00025  0.000142  1.11506       0
30  GBP_CHF 2023-02-14 05:13:00+00:00  1.11505  1.11504  0.0  0.0  0.00024  0.000135  1.11505       0
31  GBP_CHF 2023-02-14 05:14:00+00:00  1.11506  1.11506  0.0  0.0  0.00026  0.000110  1.11506       0
2023-02-14 00:16:10 CandleManager() new candle:last_candle:23-02-14 05:15 is_ready:True
2023-02-14 00:16:10 tech_manager: max_rows:32 candle_time:2023-02-14 05:15:00+00:00 granularityM1
2023-02-14 00:16:10 process_candles:
       PAIR                      time    mid_c    mid_o   SL   TP   SPREAD      GAIN     LOSS  SIGNAL
26  GBP_CHF 2023-02-14 05:11:00+00:00  1.11506  1.11511  0.0  0.0  0.00024  0.000159  1.11506       0
27  GBP_CHF 2023-02-14 05:12:00+00:00  1.11506  1.11506  0.0  0.0  0.00025  0.000142  1.11506       0
28  GBP_CHF 2023-02-14 05:13:00+00:00  1.11505  1.11504  0.0  0.0  0.00024  0.000135  1.11505       0
29  GBP_CHF 2023-02-14 05:14:00+00:00  1.11506  1.11506  0.0  0.0  0.00026  0.000110  1.11506       0
30  GBP_CHF 2023-02-14 05:15:00+00:00  1.11512  1.11504  0.0  0.0  0.00027  0.000037  1.11512       0
2023-02-14 00:17:01 CandleManager() new candle:last_candle:23-02-14 05:16 is_ready:True
2023-02-14 00:17:01 tech_manager: max_rows:32 candle_time:2023-02-14 05:16:00+00:00 granularityM1
2023-02-14 00:17:01 process_candles:
       PAIR                      time    mid_c    mid_o   SL   TP   SPREAD      GAIN     LOSS  SIGNAL
26  GBP_CHF 2023-02-14 05:12:00+00:00  1.11506  1.11506  0.0  0.0  0.00025  0.000142  1.11506       0
27  GBP_CHF 2023-02-14 05:13:00+00:00  1.11505  1.11504  0.0  0.0  0.00024  0.000135  1.11505       0
28  GBP_CHF 2023-02-14 05:14:00+00:00  1.11506  1.11506  0.0  0.0  0.00026  0.000110  1.11506       0
29  GBP_CHF 2023-02-14 05:15:00+00:00  1.11512  1.11504  0.0  0.0  0.00027  0.000037  1.11512       0
30  GBP_CHF 2023-02-14 05:16:00+00:00  1.11512  1.11511  0.0  0.0  0.00025  0.000029  1.11512       0
2023-02-14 00:18:02 CandleManager() new candle:last_candle:23-02-14 05:17 is_ready:True
2023-02-14 00:18:02 tech_manager: max_rows:32 candle_time:2023-02-14 05:17:00+00:00 granularityM1
2023-02-14 00:18:02 process_candles:
       PAIR                      time    mid_c    mid_o   SL   TP   SPREAD      GAIN     LOSS  SIGNAL
26  GBP_CHF 2023-02-14 05:13:00+00:00  1.11505  1.11504  0.0  0.0  0.00024  0.000135  1.11505       0
27  GBP_CHF 2023-02-14 05:14:00+00:00  1.11506  1.11506  0.0  0.0  0.00026  0.000110  1.11506       0
28  GBP_CHF 2023-02-14 05:15:00+00:00  1.11512  1.11504  0.0  0.0  0.00027  0.000037  1.11512       0
29  GBP_CHF 2023-02-14 05:16:00+00:00  1.11512  1.11511  0.0  0.0  0.00025  0.000029  1.11512       0
30  GBP_CHF 2023-02-14 05:17:00+00:00  1.11502  1.11508  0.0  0.0  0.00030  0.000110  1.11502       0
2023-02-14 00:19:03 CandleManager() new candle:last_candle:23-02-14 05:18 is_ready:True
2023-02-14 00:19:03 tech_manager: max_rows:32 candle_time:2023-02-14 05:18:00+00:00 granularityM1
2023-02-14 00:19:03 process_candles:
       PAIR                      time    mid_c    mid_o   SL   TP   SPREAD      GAIN     LOSS  SIGNAL
26  GBP_CHF 2023-02-14 05:14:00+00:00  1.11506  1.11506  0.0  0.0  0.00026  0.000110  1.11506       0
27  GBP_CHF 2023-02-14 05:15:00+00:00  1.11512  1.11504  0.0  0.0  0.00027  0.000037  1.11512       0
28  GBP_CHF 2023-02-14 05:16:00+00:00  1.11512  1.11511  0.0  0.0  0.00025  0.000029  1.11512       0
29  GBP_CHF 2023-02-14 05:17:00+00:00  1.11502  1.11508  0.0  0.0  0.00030  0.000110  1.11502       0
30  GBP_CHF 2023-02-14 05:18:00+00:00  1.11496  1.11501  0.0  0.0  0.00036  0.000146  1.11496       0
2023-02-14 00:20:04 CandleManager() new candle:last_candle:23-02-14 05:19 is_ready:True
2023-02-14 00:20:04 tech_manager: max_rows:32 candle_time:2023-02-14 05:19:00+00:00 granularityM1
2023-02-14 00:20:04 process_candles:
       PAIR                      time    mid_c    mid_o   SL   TP   SPREAD      GAIN     LOSS  SIGNAL
26  GBP_CHF 2023-02-14 05:15:00+00:00  1.11512  1.11504  0.0  0.0  0.00027  0.000037  1.11512       0
27  GBP_CHF 2023-02-14 05:16:00+00:00  1.11512  1.11511  0.0  0.0  0.00025  0.000029  1.11512       0
28  GBP_CHF 2023-02-14 05:17:00+00:00  1.11502  1.11508  0.0  0.0  0.00030  0.000110  1.11502       0
29  GBP_CHF 2023-02-14 05:18:00+00:00  1.11496  1.11501  0.0  0.0  0.00036  0.000146  1.11496       0
30  GBP_CHF 2023-02-14 05:19:00+00:00  1.11508  1.11497  0.0  0.0  0.00028  0.000009  1.11508       0
2023-02-14 00:21:05 CandleManager() new candle:last_candle:23-02-14 05:20 is_ready:True
2023-02-14 00:21:05 tech_manager: max_rows:32 candle_time:2023-02-14 05:20:00+00:00 granularityM1
2023-02-14 00:21:05 process_candles:
       PAIR                      time    mid_c    mid_o   SL   TP   SPREAD      GAIN     LOSS  SIGNAL
26  GBP_CHF 2023-02-14 05:16:00+00:00  1.11512  1.11511  0.0  0.0  0.00025  0.000029  1.11512       0
27  GBP_CHF 2023-02-14 05:17:00+00:00  1.11502  1.11508  0.0  0.0  0.00030  0.000110  1.11502       0
28  GBP_CHF 2023-02-14 05:18:00+00:00  1.11496  1.11501  0.0  0.0  0.00036  0.000146  1.11496       0
29  GBP_CHF 2023-02-14 05:19:00+00:00  1.11508  1.11497  0.0  0.0  0.00028  0.000009  1.11508       0
30  GBP_CHF 2023-02-14 05:20:00+00:00  1.11500  1.11509  0.0  0.0  0.00024  0.000071  1.11500       0
2023-02-14 00:22:06 CandleManager() new candle:last_candle:23-02-14 05:21 is_ready:True
2023-02-14 00:22:06 tech_manager: max_rows:32 candle_time:2023-02-14 05:21:00+00:00 granularityM1
2023-02-14 00:22:06 process_candles:
       PAIR                      time    mid_c    mid_o   SL   TP   SPREAD      GAIN     LOSS  SIGNAL
26  GBP_CHF 2023-02-14 05:17:00+00:00  1.11502  1.11508  0.0  0.0  0.00030  0.000110  1.11502       0
27  GBP_CHF 2023-02-14 05:18:00+00:00  1.11496  1.11501  0.0  0.0  0.00036  0.000146  1.11496       0
28  GBP_CHF 2023-02-14 05:19:00+00:00  1.11508  1.11497  0.0  0.0  0.00028  0.000009  1.11508       0
29  GBP_CHF 2023-02-14 05:20:00+00:00  1.11500  1.11509  0.0  0.0  0.00024  0.000071  1.11500       0
30  GBP_CHF 2023-02-14 05:21:00+00:00  1.11504  1.11502  0.0  0.0  0.00025  0.000016  1.11504       0
2023-02-14 00:23:07 CandleManager() new candle:last_candle:23-02-14 05:22 is_ready:True
2023-02-14 00:23:07 tech_manager: max_rows:32 candle_time:2023-02-14 05:22:00+00:00 granularityM1
2023-02-14 00:23:07 process_candles:
       PAIR                      time    mid_c    mid_o   SL   TP   SPREAD      GAIN     LOSS  SIGNAL
26  GBP_CHF 2023-02-14 05:18:00+00:00  1.11496  1.11501  0.0  0.0  0.00036  0.000146  1.11496       0
27  GBP_CHF 2023-02-14 05:19:00+00:00  1.11508  1.11497  0.0  0.0  0.00028  0.000009  1.11508       0
28  GBP_CHF 2023-02-14 05:20:00+00:00  1.11500  1.11509  0.0  0.0  0.00024  0.000071  1.11500       0
29  GBP_CHF 2023-02-14 05:21:00+00:00  1.11504  1.11502  0.0  0.0  0.00025  0.000016  1.11504       0
30  GBP_CHF 2023-02-14 05:22:00+00:00  1.11516  1.11503  0.0  0.0  0.00025  0.000106  1.11516       0
2023-02-14 00:24:08 CandleManager() new candle:last_candle:23-02-14 05:23 is_ready:True
2023-02-14 00:24:08 tech_manager: max_rows:32 candle_time:2023-02-14 05:23:00+00:00 granularityM1
2023-02-14 00:24:09 process_candles:
       PAIR                      time    mid_c    mid_o   SL   TP   SPREAD      GAIN     LOSS  SIGNAL
26  GBP_CHF 2023-02-14 05:19:00+00:00  1.11508  1.11497  0.0  0.0  0.00028  0.000009  1.11508       0
27  GBP_CHF 2023-02-14 05:20:00+00:00  1.11500  1.11509  0.0  0.0  0.00024  0.000071  1.11500       0
28  GBP_CHF 2023-02-14 05:21:00+00:00  1.11504  1.11502  0.0  0.0  0.00025  0.000016  1.11504       0
29  GBP_CHF 2023-02-14 05:22:00+00:00  1.11516  1.11503  0.0  0.0  0.00025  0.000106  1.11516       0
30  GBP_CHF 2023-02-14 05:23:00+00:00  1.11520  1.11512  0.0  0.0  0.00024  0.000139  1.11520       0
2023-02-14 00:25:09 CandleManager() new candle:last_candle:23-02-14 05:24 is_ready:True
2023-02-14 00:25:10 tech_manager: max_rows:32 candle_time:2023-02-14 05:24:00+00:00 granularityM1
2023-02-14 00:25:10 process_candles:
       PAIR                      time    mid_c    mid_o   SL   TP   SPREAD      GAIN     LOSS  SIGNAL
26  GBP_CHF 2023-02-14 05:20:00+00:00  1.11500  1.11509  0.0  0.0  0.00024  0.000071  1.11500       0
27  GBP_CHF 2023-02-14 05:21:00+00:00  1.11504  1.11502  0.0  0.0  0.00025  0.000016  1.11504       0
28  GBP_CHF 2023-02-14 05:22:00+00:00  1.11516  1.11503  0.0  0.0  0.00025  0.000106  1.11516       0
29  GBP_CHF 2023-02-14 05:23:00+00:00  1.11520  1.11512  0.0  0.0  0.00024  0.000139  1.11520       0
30  GBP_CHF 2023-02-14 05:24:00+00:00  1.11522  1.11520  0.0  0.0  0.00024  0.000148  1.11522       0
2023-02-14 00:26:11 CandleManager() new candle:last_candle:23-02-14 05:25 is_ready:True
2023-02-14 00:26:11 tech_manager: max_rows:32 candle_time:2023-02-14 05:25:00+00:00 granularityM1
2023-02-14 00:26:11 process_candles:
       PAIR                      time    mid_c    mid_o   SL   TP   SPREAD      GAIN     LOSS  SIGNAL
26  GBP_CHF 2023-02-14 05:21:00+00:00  1.11504  1.11502  0.0  0.0  0.00025  0.000016  1.11504       0
27  GBP_CHF 2023-02-14 05:22:00+00:00  1.11516  1.11503  0.0  0.0  0.00025  0.000106  1.11516       0
28  GBP_CHF 2023-02-14 05:23:00+00:00  1.11520  1.11512  0.0  0.0  0.00024  0.000139  1.11520       0
29  GBP_CHF 2023-02-14 05:24:00+00:00  1.11522  1.11520  0.0  0.0  0.00024  0.000148  1.11522       0
30  GBP_CHF 2023-02-14 05:25:00+00:00  1.11518  1.11520  0.0  0.0  0.00024  0.000095  1.11518       0
2023-02-14 00:27:12 CandleManager() new candle:last_candle:23-02-14 05:26 is_ready:True
2023-02-14 00:27:12 tech_manager: max_rows:32 candle_time:2023-02-14 05:26:00+00:00 granularityM1
2023-02-14 00:27:12 process_candles:
       PAIR                      time    mid_c    mid_o   SL   TP   SPREAD      GAIN     LOSS  SIGNAL
26  GBP_CHF 2023-02-14 05:22:00+00:00  1.11516  1.11503  0.0  0.0  0.00025  0.000106  1.11516       0
27  GBP_CHF 2023-02-14 05:23:00+00:00  1.11520  1.11512  0.0  0.0  0.00024  0.000139  1.11520       0
28  GBP_CHF 2023-02-14 05:24:00+00:00  1.11522  1.11520  0.0  0.0  0.00024  0.000148  1.11522       0
29  GBP_CHF 2023-02-14 05:25:00+00:00  1.11518  1.11520  0.0  0.0  0.00024  0.000095  1.11518       0
30  GBP_CHF 2023-02-14 05:26:00+00:00  1.11514  1.11520  0.0  0.0  0.00026  0.000047  1.11514       0
2023-02-14 00:28:13 CandleManager() new candle:last_candle:23-02-14 05:27 is_ready:True
2023-02-14 00:28:13 tech_manager: max_rows:32 candle_time:2023-02-14 05:27:00+00:00 granularityM1
2023-02-14 00:28:13 process_candles:
       PAIR                      time    mid_c    mid_o   SL   TP   SPREAD      GAIN     LOSS  SIGNAL
27  GBP_CHF 2023-02-14 05:23:00+00:00  1.11520  1.11512  0.0  0.0  0.00024  0.000139  1.11520       0
28  GBP_CHF 2023-02-14 05:24:00+00:00  1.11522  1.11520  0.0  0.0  0.00024  0.000148  1.11522       0
29  GBP_CHF 2023-02-14 05:25:00+00:00  1.11518  1.11520  0.0  0.0  0.00024  0.000095  1.11518       0
30  GBP_CHF 2023-02-14 05:26:00+00:00  1.11514  1.11520  0.0  0.0  0.00026  0.000047  1.11514       0
31  GBP_CHF 2023-02-14 05:27:00+00:00  1.11513  1.11510  0.0  0.0  0.00024  0.000036  1.11513       0
2023-02-14 00:29:03 CandleManager() new candle:last_candle:23-02-14 05:28 is_ready:True
2023-02-14 00:29:03 tech_manager: max_rows:32 candle_time:2023-02-14 05:28:00+00:00 granularityM1
2023-02-14 00:29:03 process_candles:
       PAIR                      time    mid_c    mid_o   SL   TP   SPREAD      GAIN     LOSS  SIGNAL
26  GBP_CHF 2023-02-14 05:24:00+00:00  1.11522  1.11520  0.0  0.0  0.00024  0.000148  1.11522       0
27  GBP_CHF 2023-02-14 05:25:00+00:00  1.11518  1.11520  0.0  0.0  0.00024  0.000095  1.11518       0
28  GBP_CHF 2023-02-14 05:26:00+00:00  1.11514  1.11520  0.0  0.0  0.00026  0.000047  1.11514       0
29  GBP_CHF 2023-02-14 05:27:00+00:00  1.11513  1.11510  0.0  0.0  0.00024  0.000036  1.11513       0
30  GBP_CHF 2023-02-14 05:28:00+00:00  1.11512  1.11512  0.0  0.0  0.00022  0.000024  1.11512       0
2023-02-14 00:30:04 CandleManager() new candle:last_candle:23-02-14 05:29 is_ready:True
2023-02-14 00:30:04 tech_manager: max_rows:32 candle_time:2023-02-14 05:29:00+00:00 granularityM1
2023-02-14 00:30:04 process_candles:
       PAIR                      time    mid_c    mid_o   SL   TP   SPREAD      GAIN     LOSS  SIGNAL
26  GBP_CHF 2023-02-14 05:25:00+00:00  1.11518  1.11520  0.0  0.0  0.00024  0.000095  1.11518       0
27  GBP_CHF 2023-02-14 05:26:00+00:00  1.11514  1.11520  0.0  0.0  0.00026  0.000047  1.11514       0
28  GBP_CHF 2023-02-14 05:27:00+00:00  1.11513  1.11510  0.0  0.0  0.00024  0.000036  1.11513       0
29  GBP_CHF 2023-02-14 05:28:00+00:00  1.11512  1.11512  0.0  0.0  0.00022  0.000024  1.11512       0
30  GBP_CHF 2023-02-14 05:29:00+00:00  1.11520  1.11512  0.0  0.0  0.00023  0.000093  1.11520       0
2023-02-14 00:31:05 CandleManager() new candle:last_candle:23-02-14 05:30 is_ready:True
2023-02-14 00:31:05 tech_manager: max_rows:32 candle_time:2023-02-14 05:30:00+00:00 granularityM1
2023-02-14 00:31:05 process_candles:
       PAIR                      time    mid_c    mid_o   SL   TP   SPREAD      GAIN     LOSS  SIGNAL
27  GBP_CHF 2023-02-14 05:26:00+00:00  1.11514  1.11520  0.0  0.0  0.00026  0.000047  1.11514       0
28  GBP_CHF 2023-02-14 05:27:00+00:00  1.11513  1.11510  0.0  0.0  0.00024  0.000036  1.11513       0
29  GBP_CHF 2023-02-14 05:28:00+00:00  1.11512  1.11512  0.0  0.0  0.00022  0.000024  1.11512       0
30  GBP_CHF 2023-02-14 05:29:00+00:00  1.11520  1.11512  0.0  0.0  0.00023  0.000093  1.11520       0
31  GBP_CHF 2023-02-14 05:30:00+00:00  1.11520  1.11518  0.0  0.0  0.00023  0.000077  1.11520       0
