2023-02-13 23:15:06 LogWrapper init() ./logs/main.log
2023-02-13 23:15:06 Bot started with Trade Settings:
{'n_ma': 12, 'n_std': 2.5, 'maxspread': 0.0004, 'mingain': 0.0014, 'riskreward': 1.5}
{'n_ma': 12, 'n_std': 2.5, 'maxspread': 0.0004, 'mingain': 0.0014, 'riskreward': 1.5}
{'n_ma': 12, 'n_std': 2.5, 'maxspread': 0.04, 'mingain': 0.14, 'riskreward': 1.5}
{'n_ma': 12, 'n_std': 2.5, 'maxspread': 0.0004, 'mingain': 0.0014, 'riskreward': 1.5}
{'n_ma': 12, 'n_std': 2.5, 'maxspread': 0.0004, 'mingain': 0.0014, 'riskreward': 1.5}

2023-02-13 23:15:06 Bot started
2023-02-13 23:16:07 process_candles triggered:['GBP_CHF', 'EUR_CHF', 'GBP_JPY', 'GBP_USD', 'EUR_GBP']
2023-02-13 23:17:08 process_candles triggered:['GBP_CHF', 'EUR_CHF', 'GBP_JPY', 'GBP_USD', 'EUR_GBP']
2023-02-13 23:18:09 process_candles triggered:['GBP_CHF', 'EUR_CHF', 'GBP_JPY', 'GBP_USD', 'EUR_GBP']
2023-02-13 23:19:01 process_candles triggered:['GBP_CHF', 'EUR_CHF', 'GBP_JPY']
2023-02-13 23:19:11 process_candles triggered:['GBP_USD', 'EUR_GBP']
2023-02-13 23:20:02 process_candles triggered:['EUR_CHF', 'GBP_USD']
2023-02-13 23:20:12 process_candles triggered:['GBP_CHF', 'GBP_JPY', 'EUR_GBP']
2023-02-13 23:21:03 process_candles triggered:['GBP_CHF', 'EUR_CHF', 'GBP_JPY', 'GBP_USD', 'EUR_GBP']
2023-02-13 23:22:05 process_candles triggered:['GBP_CHF', 'EUR_CHF', 'GBP_JPY', 'GBP_USD', 'EUR_GBP']
2023-02-13 23:23:06 process_candles triggered:['GBP_CHF', 'EUR_CHF', 'GBP_JPY', 'GBP_USD', 'EUR_GBP']
2023-02-13 23:24:07 process_candles triggered:['GBP_CHF', 'EUR_CHF', 'GBP_JPY', 'GBP_USD', 'EUR_GBP']
2023-02-13 23:25:09 process_candles triggered:['GBP_CHF', 'EUR_CHF', 'GBP_JPY', 'GBP_USD', 'EUR_GBP']
2023-02-13 23:26:00 process_candles triggered:['EUR_CHF']
2023-02-13 23:26:10 process_candles triggered:['GBP_CHF', 'GBP_JPY', 'GBP_USD', 'EUR_GBP']
2023-02-13 23:27:01 process_candles triggered:['EUR_CHF', 'GBP_JPY', 'GBP_USD']
2023-02-13 23:27:11 process_candles triggered:['GBP_CHF', 'EUR_GBP']
2023-02-13 23:28:02 process_candles triggered:['GBP_CHF', 'EUR_CHF', 'GBP_JPY', 'GBP_USD', 'EUR_GBP']
2023-02-13 23:29:04 process_candles triggered:['GBP_CHF', 'EUR_CHF', 'GBP_JPY', 'GBP_USD', 'EUR_GBP']
2023-02-13 23:30:05 process_candles triggered:['GBP_CHF', 'EUR_CHF', 'GBP_JPY', 'GBP_USD', 'EUR_GBP']
2023-02-13 23:31:06 process_candles triggered:['GBP_CHF', 'EUR_CHF', 'GBP_JPY', 'GBP_USD', 'EUR_GBP']
2023-02-13 23:32:08 process_candles triggered:['GBP_CHF', 'EUR_CHF', 'GBP_JPY', 'GBP_USD', 'EUR_GBP']
2023-02-13 23:33:09 process_candles triggered:['GBP_CHF', 'EUR_CHF', 'GBP_JPY', 'GBP_USD', 'EUR_GBP']
2023-02-13 23:34:00 process_candles triggered:['GBP_CHF', 'GBP_JPY', 'GBP_USD', 'EUR_GBP']
2023-02-13 23:34:11 process_candles triggered:['EUR_CHF']
2023-02-13 23:35:01 process_candles triggered:['GBP_CHF', 'EUR_CHF', 'GBP_JPY', 'GBP_USD', 'EUR_GBP']
2023-02-13 23:36:03 process_candles triggered:['GBP_CHF', 'EUR_CHF', 'GBP_JPY', 'GBP_USD', 'EUR_GBP']
2023-02-13 23:37:04 process_candles triggered:['GBP_CHF', 'EUR_CHF', 'GBP_JPY', 'GBP_USD', 'EUR_GBP']
2023-02-13 23:38:05 process_candles triggered:['GBP_CHF', 'EUR_CHF', 'GBP_JPY', 'GBP_USD', 'EUR_GBP']
2023-02-13 23:39:07 process_candles triggered:['GBP_CHF', 'EUR_CHF', 'GBP_JPY', 'GBP_USD', 'EUR_GBP']
2023-02-13 23:40:08 process_candles triggered:['GBP_CHF', 'EUR_CHF', 'GBP_JPY', 'GBP_USD', 'EUR_GBP']
2023-02-13 23:41:09 process_candles triggered:['GBP_CHF', 'EUR_CHF', 'GBP_JPY', 'GBP_USD', 'EUR_GBP']
2023-02-13 23:42:00 process_candles triggered:['EUR_CHF', 'GBP_JPY', 'GBP_USD']
2023-02-13 23:42:11 process_candles triggered:['GBP_CHF', 'EUR_GBP']
2023-02-13 23:43:02 process_candles triggered:['EUR_CHF', 'GBP_USD']
2023-02-13 23:43:12 process_candles triggered:['GBP_CHF', 'GBP_JPY', 'EUR_GBP']
2023-02-13 23:44:03 process_candles triggered:['EUR_CHF', 'GBP_JPY', 'GBP_USD', 'EUR_GBP']
2023-02-13 23:44:13 process_candles triggered:['GBP_CHF']
2023-02-13 23:45:04 process_candles triggered:['GBP_CHF', 'EUR_CHF', 'GBP_JPY', 'GBP_USD']
2023-02-13 23:45:14 process_candles triggered:['EUR_GBP']
2023-02-13 23:46:05 process_candles triggered:['GBP_CHF', 'EUR_CHF', 'GBP_JPY', 'GBP_USD', 'EUR_GBP']
2023-02-13 23:47:06 process_candles triggered:['GBP_CHF', 'EUR_CHF', 'GBP_JPY', 'GBP_USD', 'EUR_GBP']
2023-02-13 23:48:07 process_candles triggered:['GBP_CHF', 'EUR_CHF', 'GBP_JPY', 'GBP_USD', 'EUR_GBP']
2023-02-13 23:49:09 process_candles triggered:['GBP_CHF', 'EUR_CHF', 'GBP_JPY', 'GBP_USD', 'EUR_GBP']
2023-02-13 23:50:00 process_candles triggered:['EUR_CHF', 'GBP_JPY', 'EUR_GBP']
2023-02-13 23:50:10 process_candles triggered:['GBP_CHF', 'GBP_USD']
2023-02-13 23:51:01 process_candles triggered:['EUR_CHF', 'GBP_JPY', 'GBP_USD']
2023-02-13 23:51:11 process_candles triggered:['GBP_CHF', 'EUR_GBP']
2023-02-13 23:52:02 process_candles triggered:['GBP_CHF', 'EUR_CHF', 'GBP_JPY', 'GBP_USD', 'EUR_GBP']
2023-02-13 23:53:04 process_candles triggered:['EUR_CHF']
2023-02-13 23:53:14 process_candles triggered:['GBP_CHF', 'GBP_JPY', 'GBP_USD', 'EUR_GBP']
2023-02-13 23:54:05 process_candles triggered:['GBP_CHF', 'EUR_CHF', 'GBP_JPY', 'GBP_USD', 'EUR_GBP']
2023-02-13 23:55:06 process_candles triggered:['GBP_CHF', 'EUR_CHF', 'GBP_JPY', 'GBP_USD', 'EUR_GBP']
2023-02-13 23:56:07 process_candles triggered:['GBP_CHF', 'EUR_CHF', 'GBP_JPY', 'GBP_USD', 'EUR_GBP']
2023-02-13 23:57:08 process_candles triggered:['GBP_CHF', 'EUR_CHF', 'GBP_JPY', 'GBP_USD', 'EUR_GBP']
2023-02-13 23:58:09 process_candles triggered:['GBP_CHF', 'EUR_CHF', 'GBP_JPY', 'GBP_USD', 'EUR_GBP']
2023-02-13 23:59:00 process_candles triggered:['GBP_CHF', 'GBP_JPY', 'GBP_USD', 'EUR_GBP']
2023-02-13 23:59:11 process_candles triggered:['EUR_CHF']
2023-02-14 00:00:02 process_candles triggered:['GBP_CHF', 'EUR_CHF', 'GBP_JPY', 'GBP_USD', 'EUR_GBP']
2023-02-14 00:01:03 process_candles triggered:['GBP_CHF', 'EUR_CHF', 'GBP_JPY', 'GBP_USD', 'EUR_GBP']
2023-02-14 00:02:04 process_candles triggered:['GBP_CHF', 'EUR_CHF', 'GBP_JPY', 'GBP_USD', 'EUR_GBP']
2023-02-14 00:03:05 process_candles triggered:['GBP_CHF', 'EUR_CHF', 'GBP_JPY', 'GBP_USD', 'EUR_GBP']
2023-02-14 00:04:07 process_candles triggered:['GBP_CHF', 'EUR_CHF', 'GBP_JPY', 'GBP_USD', 'EUR_GBP']
2023-02-14 00:05:08 process_candles triggered:['GBP_CHF', 'EUR_CHF', 'GBP_JPY', 'GBP_USD', 'EUR_GBP']
2023-02-14 00:06:09 process_candles triggered:['GBP_CHF', 'EUR_CHF', 'GBP_JPY', 'GBP_USD', 'EUR_GBP']
2023-02-14 00:07:00 process_candles triggered:['GBP_JPY']
2023-02-14 00:07:10 process_candles triggered:['GBP_CHF', 'EUR_CHF', 'GBP_USD', 'EUR_GBP']
2023-02-14 00:08:01 process_candles triggered:['EUR_CHF', 'GBP_JPY', 'GBP_USD', 'EUR_GBP']
2023-02-14 00:08:11 process_candles triggered:['GBP_CHF']
2023-02-14 00:09:02 process_candles triggered:['GBP_CHF', 'EUR_CHF', 'GBP_JPY', 'GBP_USD', 'EUR_GBP']
2023-02-14 00:10:03 process_candles triggered:['GBP_CHF', 'EUR_CHF', 'GBP_JPY', 'GBP_USD']
2023-02-14 00:10:14 process_candles triggered:['EUR_GBP']
2023-02-14 00:11:04 process_candles triggered:['GBP_CHF', 'EUR_CHF', 'GBP_JPY', 'GBP_USD', 'EUR_GBP']
2023-02-14 00:12:06 process_candles triggered:['GBP_CHF', 'EUR_CHF', 'GBP_JPY', 'GBP_USD', 'EUR_GBP']
2023-02-14 00:13:07 process_candles triggered:['GBP_CHF', 'EUR_CHF', 'GBP_JPY', 'GBP_USD', 'EUR_GBP']
2023-02-14 00:14:08 process_candles triggered:['GBP_CHF', 'EUR_CHF', 'GBP_JPY', 'GBP_USD', 'EUR_GBP']
2023-02-14 00:15:09 process_candles triggered:['GBP_CHF', 'EUR_CHF', 'GBP_JPY', 'GBP_USD', 'EUR_GBP']
2023-02-14 00:16:00 process_candles triggered:['GBP_JPY', 'GBP_USD']
2023-02-14 00:16:10 process_candles triggered:['GBP_CHF', 'EUR_CHF', 'EUR_GBP']
2023-02-14 00:17:01 process_candles triggered:['GBP_CHF', 'EUR_CHF', 'GBP_JPY', 'GBP_USD']
2023-02-14 00:17:11 process_candles triggered:['EUR_GBP']
2023-02-14 00:18:02 process_candles triggered:['GBP_CHF', 'EUR_CHF', 'GBP_JPY', 'GBP_USD', 'EUR_GBP']
2023-02-14 00:19:03 process_candles triggered:['GBP_CHF', 'EUR_CHF', 'GBP_JPY', 'GBP_USD', 'EUR_GBP']
2023-02-14 00:20:04 process_candles triggered:['GBP_CHF', 'EUR_CHF', 'GBP_JPY', 'GBP_USD', 'EUR_GBP']
2023-02-14 00:21:05 process_candles triggered:['GBP_CHF', 'EUR_CHF', 'GBP_JPY', 'GBP_USD', 'EUR_GBP']
2023-02-14 00:22:06 process_candles triggered:['GBP_CHF', 'EUR_CHF', 'GBP_JPY', 'GBP_USD', 'EUR_GBP']
2023-02-14 00:23:07 process_candles triggered:['GBP_CHF', 'EUR_CHF', 'GBP_JPY', 'GBP_USD', 'EUR_GBP']
2023-02-14 00:24:08 process_candles triggered:['GBP_CHF', 'EUR_CHF', 'GBP_JPY', 'GBP_USD', 'EUR_GBP']
2023-02-14 00:24:59 process_candles triggered:['GBP_JPY']
2023-02-14 00:25:10 process_candles triggered:['GBP_CHF', 'EUR_CHF', 'GBP_USD', 'EUR_GBP']
2023-02-14 00:26:01 process_candles triggered:['GBP_JPY']
2023-02-14 00:26:11 process_candles triggered:['GBP_CHF', 'EUR_CHF', 'GBP_USD', 'EUR_GBP']
2023-02-14 00:27:02 process_candles triggered:['GBP_JPY', 'GBP_USD']
2023-02-14 00:27:12 process_candles triggered:['GBP_CHF', 'EUR_CHF', 'EUR_GBP']
2023-02-14 00:28:03 process_candles triggered:['EUR_CHF', 'EUR_GBP']
2023-02-14 00:28:13 process_candles triggered:['GBP_CHF', 'GBP_JPY', 'GBP_USD']
2023-02-14 00:29:03 process_candles triggered:['GBP_CHF', 'EUR_CHF', 'GBP_JPY', 'GBP_USD', 'EUR_GBP']
2023-02-14 00:30:04 process_candles triggered:['GBP_CHF', 'EUR_CHF', 'GBP_JPY', 'GBP_USD', 'EUR_GBP']
2023-02-14 00:31:05 process_candles triggered:['GBP_CHF', 'EUR_CHF', 'GBP_JPY', 'GBP_USD', 'EUR_GBP']
